<?xml version="1.0" encoding="UTF-8"?>
<robot generator="Robot 7.4.2 (Python 3.14.5 on win32)" generated="2026-07-03T11:21:51.122922" rpa="false" schemaversion="5">
<suite id="s1" name="Register Users Gmail" source="C:\spc\register_users_gmail.robot">
<test id="s1-t1" name="สมัครสมาชิกและส่งรายงานทาง Gmail OAuth" line="20">
<kw name="Evaluate" owner="BuiltIn">
<msg time="2026-07-03T11:21:51.979532" level="INFO">✅ Database ready
⚠️ ไม่พบไฟล์ credentials.json ที่ credentials.json
⚠️ ไม่พบไฟล์ token.pickle ที่ token.pickle</msg>
<msg time="2026-07-03T11:21:51.979740" level="INFO">${processor} = &lt;DataProcessor_email.DataProcessor object at 0x0000023C95924050&gt;</msg>
<var>${processor}</var>
<arg>__import__("DataProcessor_email").DataProcessor("${EXCEL_INPUT}")</arg>
<doc>Evaluates the given expression in Python and returns the result.</doc>
<status status="PASS" start="2026-07-03T11:21:51.978073" elapsed="0.001753"/>
</kw>
<kw name="Call Method" owner="BuiltIn">
<msg time="2026-07-03T11:21:52.050386" level="INFO">file_cache is only supported with oauth2client&lt;4.0.0</msg>
<msg time="2026-07-03T11:21:52.055419" level="INFO">✅ Gmail API (OAuth) พร้อมใช้งาน
   📁 credentials: C:\secrets\credentials.json
   📁 token: C:\secrets\token.pickle
✅ Gmail OAuth พร้อมใช้งาน</msg>
<msg time="2026-07-03T11:21:52.055795" level="INFO">${gmail} = &lt;gmail_oauth.GmailOAuth object at 0x0000023C957C3230&gt;</msg>
<var>${gmail}</var>
<arg>${processor}</arg>
<arg>init_gmail</arg>
<arg>credentials.json</arg>
<arg>token.pickle</arg>
<doc>Calls the named method of the given object with the provided arguments.</doc>
<status status="PASS" start="2026-07-03T11:21:51.980198" elapsed="0.075673"/>
</kw>
<kw name="Call Method" owner="BuiltIn">
<msg time="2026-07-03T11:21:52.101665" level="INFO">✅ อ่านข้อมูลจาก users_dup.xlsx สำเร็จ (120 รายการ)
✅ ตรวจสอบข้อมูลสำเร็จ:
   ✅ ผ่าน: 100 ราย
   ⚠️ อีเมลซ้ำ: 4 ราย
   ⚠️ เบอร์โทรซ้ำ: 3 ราย
   ⚠️ ซ้ำทั้งคู่: 3 ราย
   ❌ อีเมล Fail: 4 ราย
   ❌ เบอร์โทร Fail: 3 ราย
   ❌ Fail ทั้งคู่: 3 ราย</msg>
<msg time="2026-07-03T11:21:52.101899" level="INFO">${result} = {'clean_data': [{'username': 'mextrb499', 'email': 'uvjjttzc@test.com', 'phone': '0826582469'}, {'username': 'dxzckt667', 'email': 'scaufitw@test.com', 'phone': '0868274831'}, {'username': 'gqfkky278'...</msg>
<var>${result}</var>
<arg>${processor}</arg>
<arg>process_data</arg>
<doc>Calls the named method of the given object with the provided arguments.</doc>
<status status="PASS" start="2026-07-03T11:21:52.058531" elapsed="0.043401"/>
</kw>
<kw name="Set Variable" owner="BuiltIn">
<msg time="2026-07-03T11:21:52.103173" level="INFO">@{CLEAN_USERS} = [ {'username': 'mextrb499', 'email': 'uvjjttzc@test.com', 'phone': '0826582469'} | {'username': 'dxzckt667', 'email': 'scaufitw@test.com', 'phone': '0868274831'} | {'username': 'gqfkky278', 'email': '...</msg>
<var>@{CLEAN_USERS}</var>
<arg>${result["clean_data"]}</arg>
<doc>Returns the given values which can then be assigned to a variables.</doc>
<status status="PASS" start="2026-07-03T11:21:52.102508" elapsed="0.000695"/>
</kw>
<kw name="Set Variable" owner="BuiltIn">
<msg time="2026-07-03T11:21:52.104340" level="INFO">@{DUP_EMAIL_USERS} = [ {'username': 'dup_1_psgjjn358', 'email': 'txmpyfyt@test.com', 'phone': '0850280810'} | {'username': 'dup_4_jlgsit253', 'email': 'rhgkadyv@test.com', 'phone': '0832220162'} | {'username': 'dup_7_xawv...</msg>
<var>@{DUP_EMAIL_USERS}</var>
<arg>${result["duplicate_email"]}</arg>
<doc>Returns the given values which can then be assigned to a variables.</doc>
<status status="PASS" start="2026-07-03T11:21:52.103798" elapsed="0.000570"/>
</kw>
<kw name="Set Variable" owner="BuiltIn">
<msg time="2026-07-03T11:21:52.105216" level="INFO">@{DUP_PHONE_USERS} = [ {'username': 'dup_2_fxjuyr767', 'email': 'dup_new_2@test.com', 'phone': '0843944573'} | {'username': 'dup_5_fqtvqn917', 'email': 'dup_new_5@test.com', 'phone': '0803862409'} | {'username': 'dup_8_sv...</msg>
<var>@{DUP_PHONE_USERS}</var>
<arg>${result["duplicate_phone"]}</arg>
<doc>Returns the given values which can then be assigned to a variables.</doc>
<status status="PASS" start="2026-07-03T11:21:52.104793" elapsed="0.000446"/>
</kw>
<kw name="Set Variable" owner="BuiltIn">
<msg time="2026-07-03T11:21:52.106041" level="INFO">@{DUP_BOTH_USERS} = [ {'username': 'dup_3_dup_2_fxjuyr767', 'email': 'dup_new_2@test.com', 'phone': '0843944573'} | {'username': 'dup_6_qdvuyu698', 'email': 'dvyotdpu@test.com', 'phone': '0865762965'} | {'username': 'dup...</msg>
<var>@{DUP_BOTH_USERS}</var>
<arg>${result["duplicate_both"]}</arg>
<doc>Returns the given values which can then be assigned to a variables.</doc>
<status status="PASS" start="2026-07-03T11:21:52.105648" elapsed="0.000414"/>
</kw>
<kw name="Set Variable" owner="BuiltIn">
<msg time="2026-07-03T11:21:52.106880" level="INFO">@{FAIL_EMAIL_USERS} = [ {'username': 'fail_email_1_khzv', 'email': 'test@test', 'phone': '0834721940'} | {'username': 'fail_email_4_aigq', 'email': 'test@test', 'phone': '0877615448'} | {'username': 'fail_email_7_nnxk', 'e...</msg>
<var>@{FAIL_EMAIL_USERS}</var>
<arg>${result["fail_email"]}</arg>
<doc>Returns the given values which can then be assigned to a variables.</doc>
<status status="PASS" start="2026-07-03T11:21:52.106465" elapsed="0.000443"/>
</kw>
<kw name="Set Variable" owner="BuiltIn">
<msg time="2026-07-03T11:21:52.108899" level="INFO">@{FAIL_PHONE_USERS} = [ {'username': 'fail_phone_2_vjra', 'email': 'ikpigtty@test.com', 'phone': '08123456789'} | {'username': 'fail_phone_5_ibie', 'email': 'szpssgnx@test.com', 'phone': '0081234567'} | {'username': 'fail_...</msg>
<var>@{FAIL_PHONE_USERS}</var>
<arg>${result["fail_phone"]}</arg>
<doc>Returns the given values which can then be assigned to a variables.</doc>
<status status="PASS" start="2026-07-03T11:21:52.107501" elapsed="0.001475"/>
</kw>
<kw name="Set Variable" owner="BuiltIn">
<msg time="2026-07-03T11:21:52.111323" level="INFO">@{FAIL_BOTH_USERS} = [ {'username': 'fail_both_3_jgev', 'email': 'test@test.c', 'phone': '0000000008'} | {'username': 'fail_both_6_lzqm', 'email': 'test@test.c', 'phone': 'abcdefghij'} | {'username': 'fail_both_9_mlia', '...</msg>
<var>@{FAIL_BOTH_USERS}</var>
<arg>${result["fail_both"]}</arg>
<doc>Returns the given values which can then be assigned to a variables.</doc>
<status status="PASS" start="2026-07-03T11:21:52.110044" elapsed="0.001349"/>
</kw>
<kw name="Log To Console" owner="BuiltIn">
<arg>\n📊 อ่านข้อมูลจาก ${EXCEL_INPUT}</arg>
<doc>Logs the given message to the console.</doc>
<status status="PASS" start="2026-07-03T11:21:52.111929" elapsed="0.000587"/>
</kw>
<kw name="Log To Console" owner="BuiltIn">
<arg>✅ ข้อมูลผ่าน: ${CLEAN_USERS.__len__()} ราย</arg>
<doc>Logs the given message to the console.</doc>
<status status="PASS" start="2026-07-03T11:21:52.113002" elapsed="0.001486"/>
</kw>
<kw name="Log To Console" owner="BuiltIn">
<arg>⚠️ อีเมลซ้ำ: ${DUP_EMAIL_USERS.__len__()} ราย</arg>
<doc>Logs the given message to the console.</doc>
<status status="PASS" start="2026-07-03T11:21:52.115036" elapsed="0.001457"/>
</kw>
<kw name="Log To Console" owner="BuiltIn">
<arg>⚠️ เบอร์โทรซ้ำ: ${DUP_PHONE_USERS.__len__()} ราย</arg>
<doc>Logs the given message to the console.</doc>
<status status="PASS" start="2026-07-03T11:21:52.117053" elapsed="0.000972"/>
</kw>
<kw name="Log To Console" owner="BuiltIn">
<arg>⚠️ อีเมลและเบอร์โทรซ้ำ: ${DUP_BOTH_USERS.__len__()} ราย</arg>
<doc>Logs the given message to the console.</doc>
<status status="PASS" start="2026-07-03T11:21:52.118939" elapsed="0.001098"/>
</kw>
<kw name="Log To Console" owner="BuiltIn">
<arg>--------------------------------------------------</arg>
<doc>Logs the given message to the console.</doc>
<status status="PASS" start="2026-07-03T11:21:52.120577" elapsed="0.000634"/>
</kw>
<kw name="Log To Console" owner="BuiltIn">
<arg>⚠️ อีเมลล้มเหลว: ${FAIL_EMAIL_USERS.__len__()} ราย</arg>
<doc>Logs the given message to the console.</doc>
<status status="PASS" start="2026-07-03T11:21:52.121604" elapsed="0.000608"/>
</kw>
<kw name="Log To Console" owner="BuiltIn">
<arg>⚠️ เบอร์โทรล้มเหลว: ${FAIL_PHONE_USERS.__len__()} ราย</arg>
<doc>Logs the given message to the console.</doc>
<status status="PASS" start="2026-07-03T11:21:52.122542" elapsed="0.000513"/>
</kw>
<kw name="Log To Console" owner="BuiltIn">
<arg>⚠️ อีเมลและเบอร์โทรล้มเหลว: ${FAIL_BOTH_USERS.__len__()} ราย</arg>
<doc>Logs the given message to the console.</doc>
<status status="PASS" start="2026-07-03T11:21:52.123224" elapsed="0.000464"/>
</kw>
<kw name="Open Browser" owner="SeleniumLibrary">
<msg time="2026-07-03T11:21:52.124060" level="INFO">Opening browser 'chrome' to base url 'http://localhost/register'.</msg>
<arg>${REGISTER_URL}</arg>
<arg>${BROWSER}</arg>
<doc>Opens a new browser instance to the optional ``url``.</doc>
<status status="PASS" start="2026-07-03T11:21:52.123870" elapsed="2.120648"/>
</kw>
<kw name="Maximize Browser Window" owner="SeleniumLibrary">
<doc>Maximizes current browser window.</doc>
<status status="PASS" start="2026-07-03T11:21:54.246756" elapsed="0.050585"/>
</kw>
<kw name="Create List" owner="BuiltIn">
<msg time="2026-07-03T11:21:54.299805" level="INFO">@{DB_RESULTS} = [ ]</msg>
<var>@{DB_RESULTS}</var>
<doc>Returns a list containing given items.</doc>
<status status="PASS" start="2026-07-03T11:21:54.298381" elapsed="0.001566"/>
</kw>
<kw name="Set Variable" owner="BuiltIn">
<msg time="2026-07-03T11:21:54.302979" level="INFO">${SUCCESS_COUNT} = 0</msg>
<var>${SUCCESS_COUNT}</var>
<arg>${0}</arg>
<doc>Returns the given values which can then be assigned to a variables.</doc>
<status status="PASS" start="2026-07-03T11:21:54.300982" elapsed="0.002134"/>
</kw>
<kw name="Set Variable" owner="BuiltIn">
<msg time="2026-07-03T11:21:54.307907" level="INFO">${FAILED_COUNT} = 0</msg>
<var>${FAILED_COUNT}</var>
<arg>${0}</arg>
<doc>Returns the given values which can then be assigned to a variables.</doc>
<status status="PASS" start="2026-07-03T11:21:54.304862" elapsed="0.003405"/>
</kw>
<for flavor="IN">
<iter>
<try>
<branch type="TRY">
<kw name="Fill Registration Form">
<kw name="Set Variable" owner="BuiltIn">
<msg time="2026-07-03T11:21:54.314271" level="INFO">${username} = mextrb499</msg>
<var>${username}</var>
<arg>${user_data["username"]}</arg>
<doc>Returns the given values which can then be assigned to a variables.</doc>
<status status="PASS" start="2026-07-03T11:21:54.312511" elapsed="0.001941"/>
</kw>
<kw name="Set Variable" owner="BuiltIn">
<msg time="2026-07-03T11:21:54.316910" level="INFO">${email} = uvjjttzc@test.com</msg>
<var>${email}</var>
<arg>${user_data["email"]}</arg>
<doc>Returns the given values which can then be assigned to a variables.</doc>
<status status="PASS" start="2026-07-03T11:21:54.314880" elapsed="0.002142"/>
</kw>
<kw name="Set Variable" owner="BuiltIn">
<msg time="2026-07-03T11:21:54.319299" level="INFO">${phone} = 0826582469</msg>
<var>${phone}</var>
<arg>${user_data["phone"]}</arg>
<doc>Returns the given values which can then be assigned to a variables.</doc>
<status status="PASS" start="2026-07-03T11:21:54.317446" elapsed="0.001957"/>
</kw>
<kw name="Input Text" owner="SeleniumLibrary">
<msg time="2026-07-03T11:21:54.321752" level="INFO">Typing text 'mextrb499' into text field 'id:username'.</msg>
<arg>id:username</arg>
<arg>${username}</arg>
<doc>Types the given ``text`` into the text field identified by ``locator``.</doc>
<status status="PASS" start="2026-07-03T11:21:54.319818" elapsed="0.348123"/>
</kw>
<kw name="Input Text" owner="SeleniumLibrary">
<msg time="2026-07-03T11:21:54.669434" level="INFO">Typing text 'uvjjttzc@test.com' into text field 'id:email'.</msg>
<arg>id:email</arg>
<arg>${email}</arg>
<doc>Types the given ``text`` into the text field identified by ``locator``.</doc>
<status status="PASS" start="2026-07-03T11:21:54.668433" elapsed="0.174057"/>
</kw>
<kw name="Input Text" owner="SeleniumLibrary">
<msg time="2026-07-03T11:21:54.843901" level="INFO">Typing text '0826582469' into text field 'id:phone'.</msg>
<arg>id:phone</arg>
<arg>${phone}</arg>
<doc>Types the given ``text`` into the text field identified by ``locator``.</doc>
<status status="PASS" start="2026-07-03T11:21:54.842923" elapsed="0.158227"/>
</kw>
<kw name="Click Button" owner="SeleniumLibrary">
<msg time="2026-07-03T11:21:55.002472" level="INFO">Clicking button 'id:register_btn'.</msg>
<arg>id:register_btn</arg>
<doc>Clicks the button identified by ``locator``.</doc>
<status status="PASS" start="2026-07-03T11:21:55.001650" elapsed="0.179528"/>
</kw>
<kw name="Wait Until Page Contains" owner="SeleniumLibrary">
<arg>Registration successful!</arg>
<arg>timeout=5s</arg>
<doc>Waits until ``text`` appears on the current page.</doc>
<status status="PASS" start="2026-07-03T11:21:55.182020" elapsed="0.021014"/>
</kw>
<kw name="Log To Console" owner="BuiltIn">
<arg>✅ ${username} - สมัครสำเร็จ</arg>
<doc>Logs the given message to the console.</doc>
<status status="PASS" start="2026-07-03T11:21:55.203381" elapsed="0.000985"/>
</kw>
<return>
<value>SUCCESS</value>
<status status="PASS" start="2026-07-03T11:21:55.204564" elapsed="0.000140"/>
</return>
<msg time="2026-07-03T11:21:55.205015" level="INFO">${status} = SUCCESS</msg>
<var>${status}</var>
<arg>${user}</arg>
<doc>กรอกฟอร์มด้วยข้อมูลผู้ใช้</doc>
<status status="PASS" start="2026-07-03T11:21:54.311372" elapsed="0.893704"/>
</kw>
<kw name="Evaluate" owner="BuiltIn">
<msg time="2026-07-03T11:21:55.206261" level="INFO">${SUCCESS_COUNT} = 1</msg>
<var>${SUCCESS_COUNT}</var>
<arg>${SUCCESS_COUNT} + 1</arg>
<doc>Evaluates the given expression in Python and returns the result.</doc>
<status status="PASS" start="2026-07-03T11:21:55.205354" elapsed="0.000979"/>
</kw>
<status status="PASS" start="2026-07-03T11:21:54.310686" elapsed="0.895851"/>
</branch>
<branch type="EXCEPT" assign="${error}">
<kw name="Log To Console" owner="BuiltIn">
<arg>\n🚨 [WEB ERROR] สมัครสมาชิกล้มเหลวสำหรับคุณ ${user["username"]}: ${error}</arg>
<doc>Logs the given message to the console.</doc>
<status status="NOT RUN" start="2026-07-03T11:21:55.207177" elapsed="0.000070"/>
</kw>
<kw name="Set Variable" owner="BuiltIn">
<var>${status}</var>
<arg>FAILED</arg>
<doc>Returns the given values which can then be assigned to a variables.</doc>
<status status="NOT RUN" start="2026-07-03T11:21:55.207473" elapsed="0.000059"/>
</kw>
<kw name="Evaluate" owner="BuiltIn">
<var>${FAILED_COUNT}</var>
<arg>${FAILED_COUNT} + 1</arg>
<doc>Evaluates the given expression in Python and returns the result.</doc>
<status status="NOT RUN" start="2026-07-03T11:21:55.207755" elapsed="0.000056"/>
</kw>
<kw name="Go To" owner="SeleniumLibrary">
<arg>${REGISTER_URL}</arg>
<doc>Navigates the current browser window to the provided ``url``.</doc>
<status status="NOT RUN" start="2026-07-03T11:21:55.208019" elapsed="0.000060"/>
</kw>
<status status="NOT RUN" start="2026-07-03T11:21:55.206894" elapsed="0.001273"/>
</branch>
<status status="PASS" start="2026-07-03T11:21:54.310558" elapsed="0.897731"/>
</try>
<kw name="Create Dictionary" owner="BuiltIn">
<msg time="2026-07-03T11:21:55.211902" level="INFO">${entry} = {'username': 'mextrb499', 'email': 'uvjjttzc@test.com', 'phone': '0826582469', 'status': 'SUCCESS'}</msg>
<var>${entry}</var>
<arg>username=${user["username"]}</arg>
<arg>email=${user["email"]}</arg>
<arg>phone=${user["phone"]}</arg>
<arg>status=${status}</arg>
<doc>Creates and returns a dictionary based on the given ``items``.</doc>
<status status="PASS" start="2026-07-03T11:21:55.208525" elapsed="0.003529"/>
</kw>
<kw name="Append To List" owner="Collections">
<arg>${DB_RESULTS}</arg>
<arg>${entry}</arg>
<doc>Adds ``values`` to the end of ``list``.</doc>
<status status="PASS" start="2026-07-03T11:21:55.212343" elapsed="0.000528"/>
</kw>
<var name="${user}">{'username': 'mextrb499', 'email': 'uvjjttzc@test.com', 'phone': '0826582469'}</var>
<status status="PASS" start="2026-07-03T11:21:54.310308" elapsed="0.902855"/>
</iter>
<iter>
<try>
<branch type="TRY">
<kw name="Fill Registration Form">
<kw name="Set Variable" owner="BuiltIn">
<msg time="2026-07-03T11:21:55.217953" level="INFO">${username} = dxzckt667</msg>
<var>${username}</var>
<arg>${user_data["username"]}</arg>
<doc>Returns the given values which can then be assigned to a variables.</doc>
<status status="PASS" start="2026-07-03T11:21:55.215953" elapsed="0.002115"/>
</kw>
<kw name="Set Variable" owner="BuiltIn">
<msg time="2026-07-03T11:21:55.221039" level="INFO">${email} = scaufitw@test.com</msg>
<var>${email}</var>
<arg>${user_data["email"]}</arg>
<doc>Returns the given values which can then be assigned to a variables.</doc>
<status status="PASS" start="2026-07-03T11:21:55.218301" elapsed="0.002803"/>
</kw>
<kw name="Set Variable" owner="BuiltIn">
<msg time="2026-07-03T11:21:55.222383" level="INFO">${phone} = 0868274831</msg>
<var>${phone}</var>
<arg>${user_data["phone"]}</arg>
<doc>Returns the given values which can then be assigned to a variables.</doc>
<status status="PASS" start="2026-07-03T11:21:55.221329" elapsed="0.001108"/>
</kw>
<kw name="Input Text" owner="SeleniumLibrary">
<msg time="2026-07-03T11:21:55.223030" level="INFO">Typing text 'dxzckt667' into text field 'id:username'.</msg>
<arg>id:username</arg>
<arg>${username}</arg>
<doc>Types the given ``text`` into the text field identified by ``locator``.</doc>
<status status="PASS" start="2026-07-03T11:21:55.222637" elapsed="0.105548"/>
</kw>
<kw name="Input Text" owner="SeleniumLibrary">
<msg time="2026-07-03T11:21:55.329515" level="INFO">Typing text 'scaufitw@test.com' into text field 'id:email'.</msg>
<arg>id:email</arg>
<arg>${email}</arg>
<doc>Types the given ``text`` into the text field identified by ``locator``.</doc>
<status status="PASS" start="2026-07-03T11:21:55.328587" elapsed="0.120336"/>
</kw>
<kw name="Input Text" owner="SeleniumLibrary">
<msg time="2026-07-03T11:21:55.451455" level="INFO">Typing text '0868274831' into text field 'id:phone'.</msg>
<arg>id:phone</arg>
<arg>${phone}</arg>
<doc>Types the given ``text`` into the text field identified by ``locator``.</doc>
<status status="PASS" start="2026-07-03T11:21:55.449605" elapsed="0.138480"/>
</kw>
<kw name="Click Button" owner="SeleniumLibrary">
<msg time="2026-07-03T11:21:55.589487" level="INFO">Clicking button 'id:register_btn'.</msg>
<arg>id:register_btn</arg>
<doc>Clicks the button identified by ``locator``.</doc>
<status status="PASS" start="2026-07-03T11:21:55.588807" elapsed="0.118813"/>
</kw>
<kw name="Wait Until Page Contains" owner="SeleniumLibrary">
<arg>Registration successful!</arg>
<arg>timeout=5s</arg>
<doc>Waits until ``text`` appears on the current page.</doc>
<status status="PASS" start="2026-07-03T11:21:55.708187" elapsed="0.012940"/>
</kw>
<kw name="Log To Console" owner="BuiltIn">
<arg>✅ ${username} - สมัครสำเร็จ</arg>
<doc>Logs the given message to the console.</doc>
<status status="PASS" start="2026-07-03T11:21:55.721512" elapsed="0.000926"/>
</kw>
<return>
<value>SUCCESS</value>
<status status="PASS" start="2026-07-03T11:21:55.722619" elapsed="0.000078"/>
</return>
<msg time="2026-07-03T11:21:55.722979" level="INFO">${status} = SUCCESS</msg>
<var>${status}</var>
<arg>${user}</arg>
<doc>กรอกฟอร์มด้วยข้อมูลผู้ใช้</doc>
<status status="PASS" start="2026-07-03T11:21:55.215123" elapsed="0.507978"/>
</kw>
<kw name="Evaluate" owner="BuiltIn">
<msg time="2026-07-03T11:21:55.723737" level="INFO">${SUCCESS_COUNT} = 2</msg>
<var>${SUCCESS_COUNT}</var>
<arg>${SUCCESS_COUNT} + 1</arg>
<doc>Evaluates the given expression in Python and returns the result.</doc>
<status status="PASS" start="2026-07-03T11:21:55.723306" elapsed="0.000463"/>
</kw>
<status status="PASS" start="2026-07-03T11:21:55.214586" elapsed="0.509236"/>
</branch>
<branch type="EXCEPT" assign="${error}">
<kw name="Log To Console" owner="BuiltIn">
<arg>\n🚨 [WEB ERROR] สมัครสมาชิกล้มเหลวสำหรับคุณ ${user["username"]}: ${error}</arg>
<doc>Logs the given message to the console.</doc>
<status status="NOT RUN" start="2026-07-03T11:21:55.724124" elapsed="0.000090"/>
</kw>
<kw name="Set Variable" owner="BuiltIn">
<var>${status}</var>
<arg>FAILED</arg>
<doc>Returns the given values which can then be assigned to a variables.</doc>
<status status="NOT RUN" start="2026-07-03T11:21:55.724434" elapsed="0.000057"/>
</kw>
<kw name="Evaluate" owner="BuiltIn">
<var>${FAILED_COUNT}</var>
<arg>${FAILED_COUNT} + 1</arg>
<doc>Evaluates the given expression in Python and returns the result.</doc>
<status status="NOT RUN" start="2026-07-03T11:21:55.724915" elapsed="0.000098"/>
</kw>
<kw name="Go To" owner="SeleniumLibrary">
<arg>${REGISTER_URL}</arg>
<doc>Navigates the current browser window to the provided ``url``.</doc>
<status status="NOT RUN" start="2026-07-03T11:21:55.725252" elapsed="0.000054"/>
</kw>
<status status="NOT RUN" start="2026-07-03T11:21:55.723907" elapsed="0.001476"/>
</branch>
<status status="PASS" start="2026-07-03T11:21:55.214502" elapsed="0.510987"/>
</try>
<kw name="Create Dictionary" owner="BuiltIn">
<msg time="2026-07-03T11:21:55.727918" level="INFO">${entry} = {'username': 'dxzckt667', 'email': 'scaufitw@test.com', 'phone': '0868274831', 'status': 'SUCCESS'}</msg>
<var>${entry}</var>
<arg>username=${user["username"]}</arg>
<arg>email=${user["email"]}</arg>
<arg>phone=${user["phone"]}</arg>
<arg>status=${status}</arg>
<doc>Creates and returns a dictionary based on the given ``items``.</doc>
<status status="PASS" start="2026-07-03T11:21:55.725665" elapsed="0.002290"/>
</kw>
<kw name="Append To List" owner="Collections">
<arg>${DB_RESULTS}</arg>
<arg>${entry}</arg>
<doc>Adds ``values`` to the end of ``list``.</doc>
<status status="PASS" start="2026-07-03T11:21:55.728080" elapsed="0.000206"/>
</kw>
<var name="${user}">{'username': 'dxzckt667', 'email': 'scaufitw@test.com', 'phone': '0868274831'}</var>
<status status="PASS" start="2026-07-03T11:21:55.214311" elapsed="0.514026"/>
</iter>
<iter>
<try>
<branch type="TRY">
<kw name="Fill Registration Form">
<kw name="Set Variable" owner="BuiltIn">
<msg time="2026-07-03T11:21:55.729878" level="INFO">${username} = gqfkky278</msg>
<var>${username}</var>
<arg>${user_data["username"]}</arg>
<doc>Returns the given values which can then be assigned to a variables.</doc>
<status status="PASS" start="2026-07-03T11:21:55.729055" elapsed="0.000898"/>
</kw>
<kw name="Set Variable" owner="BuiltIn">
<msg time="2026-07-03T11:21:55.731355" level="INFO">${email} = fpzfvqsr@test.com</msg>
<var>${email}</var>
<arg>${user_data["email"]}</arg>
<doc>Returns the given values which can then be assigned to a variables.</doc>
<status status="PASS" start="2026-07-03T11:21:55.730209" elapsed="0.001183"/>
</kw>
<kw name="Set Variable" owner="BuiltIn">
<msg time="2026-07-03T11:21:55.732020" level="INFO">${phone} = 0892711792</msg>
<var>${phone}</var>
<arg>${user_data["phone"]}</arg>
<doc>Returns the given values which can then be assigned to a variables.</doc>
<status status="PASS" start="2026-07-03T11:21:55.731511" elapsed="0.000540"/>
</kw>
<kw name="Input Text" owner="SeleniumLibrary">
<msg time="2026-07-03T11:21:55.732408" level="INFO">Typing text 'gqfkky278' into text field 'id:username'.</msg>
<arg>id:username</arg>
<arg>${username}</arg>
<doc>Types the given ``text`` into the text field identified by ``locator``.</doc>
<status status="PASS" start="2026-07-03T11:21:55.732167" elapsed="0.141376"/>
</kw>
<kw name="Input Text" owner="SeleniumLibrary">
<msg time="2026-07-03T11:21:55.874853" level="INFO">Typing text 'fpzfvqsr@test.com' into text field 'id:email'.</msg>
<arg>id:email</arg>
<arg>${email}</arg>
<doc>Types the given ``text`` into the text field identified by ``locator``.</doc>
<status status="PASS" start="2026-07-03T11:21:55.873932" elapsed="0.101321"/>
</kw>
<kw name="Input Text" owner="SeleniumLibrary">
<msg time="2026-07-03T11:21:55.976194" level="INFO">Typing text '0892711792' into text field 'id:phone'.</msg>
<arg>id:phone</arg>
<arg>${phone}</arg>
<doc>Types the given ``text`` into the text field identified by ``locator``.</doc>
<status status="PASS" start="2026-07-03T11:21:55.975640" elapsed="0.102963"/>
</kw>
<kw name="Click Button" owner="SeleniumLibrary">
<msg time="2026-07-03T11:21:56.079302" level="INFO">Clicking button 'id:register_btn'.</msg>
<arg>id:register_btn</arg>
<doc>Clicks the button identified by ``locator``.</doc>
<status status="PASS" start="2026-07-03T11:21:56.078920" elapsed="0.081337"/>
</kw>
<kw name="Wait Until Page Contains" owner="SeleniumLibrary">
<arg>Registration successful!</arg>
<arg>timeout=5s</arg>
<doc>Waits until ``text`` appears on the current page.</doc>
<status status="PASS" start="2026-07-03T11:21:56.160906" elapsed="0.007700"/>
</kw>
<kw name="Log To Console" owner="BuiltIn">
<arg>✅ ${username} - สมัครสำเร็จ</arg>
<doc>Logs the given message to the console.</doc>
<status status="PASS" start="2026-07-03T11:21:56.168810" elapsed="0.001757"/>
</kw>
<return>
<value>SUCCESS</value>
<status status="PASS" start="2026-07-03T11:21:56.170775" elapsed="0.000114"/>
</return>
<msg time="2026-07-03T11:21:56.171177" level="INFO">${status} = SUCCESS</msg>
<var>${status}</var>
<arg>${user}</arg>
<doc>กรอกฟอร์มด้วยข้อมูลผู้ใช้</doc>
<status status="PASS" start="2026-07-03T11:21:55.728804" elapsed="0.442438"/>
</kw>
<kw name="Evaluate" owner="BuiltIn">
<msg time="2026-07-03T11:21:56.172569" level="INFO">${SUCCESS_COUNT} = 3</msg>
<var>${SUCCESS_COUNT}</var>
<arg>${SUCCESS_COUNT} + 1</arg>
<doc>Evaluates the given expression in Python and returns the result.</doc>
<status status="PASS" start="2026-07-03T11:21:56.171621" elapsed="0.001040"/>
</kw>
<status status="PASS" start="2026-07-03T11:21:55.728608" elapsed="0.444200"/>
</branch>
<branch type="EXCEPT" assign="${error}">
<kw name="Log To Console" owner="BuiltIn">
<arg>\n🚨 [WEB ERROR] สมัครสมาชิกล้มเหลวสำหรับคุณ ${user["username"]}: ${error}</arg>
<doc>Logs the given message to the console.</doc>
<status status="NOT RUN" start="2026-07-03T11:21:56.173213" elapsed="0.000066"/>
</kw>
<kw name="Set Variable" owner="BuiltIn">
<var>${status}</var>
<arg>FAILED</arg>
<doc>Returns the given values which can then be assigned to a variables.</doc>
<status status="NOT RUN" start="2026-07-03T11:21:56.173498" elapsed="0.000058"/>
</kw>
<kw name="Evaluate" owner="BuiltIn">
<var>${FAILED_COUNT}</var>
<arg>${FAILED_COUNT} + 1</arg>
<doc>Evaluates the given expression in Python and returns the result.</doc>
<status status="NOT RUN" start="2026-07-03T11:21:56.173800" elapsed="0.000057"/>
</kw>
<kw name="Go To" owner="SeleniumLibrary">
<arg>${REGISTER_URL}</arg>
<doc>Navigates the current browser window to the provided ``url``.</doc>
<status status="NOT RUN" start="2026-07-03T11:21:56.174061" elapsed="0.000055"/>
</kw>
<status status="NOT RUN" start="2026-07-03T11:21:56.172960" elapsed="0.001243"/>
</branch>
<status status="PASS" start="2026-07-03T11:21:55.728583" elapsed="0.445723"/>
</try>
<kw name="Create Dictionary" owner="BuiltIn">
<msg time="2026-07-03T11:21:56.177785" level="INFO">${entry} = {'username': 'gqfkky278', 'email': 'fpzfvqsr@test.com', 'phone': '0892711792', 'status': 'SUCCESS'}</msg>
<var>${entry}</var>
<arg>username=${user["username"]}</arg>
<arg>email=${user["email"]}</arg>
<arg>phone=${user["phone"]}</arg>
<arg>status=${status}</arg>
<doc>Creates and returns a dictionary based on the given ``items``.</doc>
<status status="PASS" start="2026-07-03T11:21:56.174497" elapsed="0.003370"/>
</kw>
<kw name="Append To List" owner="Collections">
<arg>${DB_RESULTS}</arg>
<arg>${entry}</arg>
<doc>Adds ``values`` to the end of ``list``.</doc>
<status status="PASS" start="2026-07-03T11:21:56.178145" elapsed="0.000425"/>
</kw>
<var name="${user}">{'username': 'gqfkky278', 'email': 'fpzfvqsr@test.com', 'phone': '0892711792'}</var>
<status status="PASS" start="2026-07-03T11:21:55.728542" elapsed="0.450145"/>
</iter>
<iter>
<try>
<branch type="TRY">
<kw name="Fill Registration Form">
<kw name="Set Variable" owner="BuiltIn">
<msg time="2026-07-03T11:21:56.181593" level="INFO">${username} = tpuwvv729</msg>
<var>${username}</var>
<arg>${user_data["username"]}</arg>
<doc>Returns the given values which can then be assigned to a variables.</doc>
<status status="PASS" start="2026-07-03T11:21:56.180211" elapsed="0.001484"/>
</kw>
<kw name="Set Variable" owner="BuiltIn">
<msg time="2026-07-03T11:21:56.183053" level="INFO">${email} = okwtxpvz@test.com</msg>
<var>${email}</var>
<arg>${user_data["email"]}</arg>
<doc>Returns the given values which can then be assigned to a variables.</doc>
<status status="PASS" start="2026-07-03T11:21:56.181944" elapsed="0.001173"/>
</kw>
<kw name="Set Variable" owner="BuiltIn">
<msg time="2026-07-03T11:21:56.184518" level="INFO">${phone} = 0873884812</msg>
<var>${phone}</var>
<arg>${user_data["phone"]}</arg>
<doc>Returns the given values which can then be assigned to a variables.</doc>
<status status="PASS" start="2026-07-03T11:21:56.183415" elapsed="0.001167"/>
</kw>
<kw name="Input Text" owner="SeleniumLibrary">
<msg time="2026-07-03T11:21:56.185307" level="INFO">Typing text 'tpuwvv729' into text field 'id:username'.</msg>
<arg>id:username</arg>
<arg>${username}</arg>
<doc>Types the given ``text`` into the text field identified by ``locator``.</doc>
<status status="PASS" start="2026-07-03T11:21:56.185010" elapsed="0.104966"/>
</kw>
<kw name="Input Text" owner="SeleniumLibrary">
<msg time="2026-07-03T11:21:56.290587" level="INFO">Typing text 'okwtxpvz@test.com' into text field 'id:email'.</msg>
<arg>id:email</arg>
<arg>${email}</arg>
<doc>Types the given ``text`` into the text field identified by ``locator``.</doc>
<status status="PASS" start="2026-07-03T11:21:56.290241" elapsed="0.112124"/>
</kw>
<kw name="Input Text" owner="SeleniumLibrary">
<msg time="2026-07-03T11:21:56.403726" level="INFO">Typing text '0873884812' into text field 'id:phone'.</msg>
<arg>id:phone</arg>
<arg>${phone}</arg>
<doc>Types the given ``text`` into the text field identified by ``locator``.</doc>
<status status="PASS" start="2026-07-03T11:21:56.402994" elapsed="0.093167"/>
</kw>
<kw name="Click Button" owner="SeleniumLibrary">
<msg time="2026-07-03T11:21:56.496730" level="INFO">Clicking button 'id:register_btn'.</msg>
<arg>id:register_btn</arg>
<doc>Clicks the button identified by ``locator``.</doc>
<status status="PASS" start="2026-07-03T11:21:56.496425" elapsed="0.075619"/>
</kw>
<kw name="Wait Until Page Contains" owner="SeleniumLibrary">
<arg>Registration successful!</arg>
<arg>timeout=5s</arg>
<doc>Waits until ``text`` appears on the current page.</doc>
<status status="PASS" start="2026-07-03T11:21:56.572350" elapsed="0.007372"/>
</kw>
<kw name="Log To Console" owner="BuiltIn">
<arg>✅ ${username} - สมัครสำเร็จ</arg>
<doc>Logs the given message to the console.</doc>
<status status="PASS" start="2026-07-03T11:21:56.579959" elapsed="0.000774"/>
</kw>
<return>
<value>SUCCESS</value>
<status status="PASS" start="2026-07-03T11:21:56.580839" elapsed="0.000072"/>
</return>
<msg time="2026-07-03T11:21:56.581089" level="INFO">${status} = SUCCESS</msg>
<var>${status}</var>
<arg>${user}</arg>
<doc>กรอกฟอร์มด้วยข้อมูลผู้ใช้</doc>
<status status="PASS" start="2026-07-03T11:21:56.179606" elapsed="0.401564"/>
</kw>
<kw name="Evaluate" owner="BuiltIn">
<msg time="2026-07-03T11:21:56.582325" level="INFO">${SUCCESS_COUNT} = 4</msg>
<var>${SUCCESS_COUNT}</var>
<arg>${SUCCESS_COUNT} + 1</arg>
<doc>Evaluates the given expression in Python and returns the result.</doc>
<status status="PASS" start="2026-07-03T11:21:56.581465" elapsed="0.000933"/>
</kw>
<status status="PASS" start="2026-07-03T11:21:56.179257" elapsed="0.403261"/>
</branch>
<branch type="EXCEPT" assign="${error}">
<kw name="Log To Console" owner="BuiltIn">
<arg>\n🚨 [WEB ERROR] สมัครสมาชิกล้มเหลวสำหรับคุณ ${user["username"]}: ${error}</arg>
<doc>Logs the given message to the console.</doc>
<status status="NOT RUN" start="2026-07-03T11:21:56.582876" elapsed="0.000063"/>
</kw>
<kw name="Set Variable" owner="BuiltIn">
<var>${status}</var>
<arg>FAILED</arg>
<doc>Returns the given values which can then be assigned to a variables.</doc>
<status status="NOT RUN" start="2026-07-03T11:21:56.583144" elapsed="0.000229"/>
</kw>
<kw name="Evaluate" owner="BuiltIn">
<var>${FAILED_COUNT}</var>
<arg>${FAILED_COUNT} + 1</arg>
<doc>Evaluates the given expression in Python and returns the result.</doc>
<status status="NOT RUN" start="2026-07-03T11:21:56.583772" elapsed="0.000132"/>
</kw>
<kw name="Go To" owner="SeleniumLibrary">
<arg>${REGISTER_URL}</arg>
<doc>Navigates the current browser window to the provided ``url``.</doc>
<status status="NOT RUN" start="2026-07-03T11:21:56.584053" elapsed="0.000032"/>
</kw>
<status status="NOT RUN" start="2026-07-03T11:21:56.582661" elapsed="0.002205"/>
</branch>
<status status="PASS" start="2026-07-03T11:21:56.179200" elapsed="0.405997"/>
</try>
<kw name="Create Dictionary" owner="BuiltIn">
<msg time="2026-07-03T11:21:56.587144" level="INFO">${entry} = {'username': 'tpuwvv729', 'email': 'okwtxpvz@test.com', 'phone': '0873884812', 'status': 'SUCCESS'}</msg>
<var>${entry}</var>
<arg>username=${user["username"]}</arg>
<arg>email=${user["email"]}</arg>
<arg>phone=${user["phone"]}</arg>
<arg>status=${status}</arg>
<doc>Creates and returns a dictionary based on the given ``items``.</doc>
<status status="PASS" start="2026-07-03T11:21:56.585525" elapsed="0.001661"/>
</kw>
<kw name="Append To List" owner="Collections">
<arg>${DB_RESULTS}</arg>
<arg>${entry}</arg>
<doc>Adds ``values`` to the end of ``list``.</doc>
<status status="PASS" start="2026-07-03T11:21:56.587330" elapsed="0.000217"/>
</kw>
<var name="${user}">{'username': 'tpuwvv729', 'email': 'okwtxpvz@test.com', 'phone': '0873884812'}</var>
<status status="PASS" start="2026-07-03T11:21:56.179110" elapsed="0.408505"/>
</iter>
<iter>
<try>
<branch type="TRY">
<kw name="Fill Registration Form">
<kw name="Set Variable" owner="BuiltIn">
<msg time="2026-07-03T11:21:56.590030" level="INFO">${username} = eltckr754</msg>
<var>${username}</var>
<arg>${user_data["username"]}</arg>
<doc>Returns the given values which can then be assigned to a variables.</doc>
<status status="PASS" start="2026-07-03T11:21:56.588861" elapsed="0.001240"/>
</kw>
<kw name="Set Variable" owner="BuiltIn">
<msg time="2026-07-03T11:21:56.591418" level="INFO">${email} = ftabtfsm@test.com</msg>
<var>${email}</var>
<arg>${user_data["email"]}</arg>
<doc>Returns the given values which can then be assigned to a variables.</doc>
<status status="PASS" start="2026-07-03T11:21:56.590328" elapsed="0.001159"/>
</kw>
<kw name="Set Variable" owner="BuiltIn">
<msg time="2026-07-03T11:21:56.593135" level="INFO">${phone} = 0806159798</msg>
<var>${phone}</var>
<arg>${user_data["phone"]}</arg>
<doc>Returns the given values which can then be assigned to a variables.</doc>
<status status="PASS" start="2026-07-03T11:21:56.591753" elapsed="0.001433"/>
</kw>
<kw name="Input Text" owner="SeleniumLibrary">
<msg time="2026-07-03T11:21:56.593685" level="INFO">Typing text 'eltckr754' into text field 'id:username'.</msg>
<arg>id:username</arg>
<arg>${username}</arg>
<doc>Types the given ``text`` into the text field identified by ``locator``.</doc>
<status status="PASS" start="2026-07-03T11:21:56.593350" elapsed="0.102305"/>
</kw>
<kw name="Input Text" owner="SeleniumLibrary">
<msg time="2026-07-03T11:21:56.696532" level="INFO">Typing text 'ftabtfsm@test.com' into text field 'id:email'.</msg>
<arg>id:email</arg>
<arg>${email}</arg>
<doc>Types the given ``text`` into the text field identified by ``locator``.</doc>
<status status="PASS" start="2026-07-03T11:21:56.695927" elapsed="0.155604"/>
</kw>
<kw name="Input Text" owner="SeleniumLibrary">
<msg time="2026-07-03T11:21:56.852389" level="INFO">Typing text '0806159798' into text field 'id:phone'.</msg>
<arg>id:phone</arg>
<arg>${phone}</arg>
<doc>Types the given ``text`` into the text field identified by ``locator``.</doc>
<status status="PASS" start="2026-07-03T11:21:56.851837" elapsed="0.105330"/>
</kw>
<kw name="Click Button" owner="SeleniumLibrary">
<msg time="2026-07-03T11:21:56.957919" level="INFO">Clicking button 'id:register_btn'.</msg>
<arg>id:register_btn</arg>
<doc>Clicks the button identified by ``locator``.</doc>
<status status="PASS" start="2026-07-03T11:21:56.957555" elapsed="0.078593"/>
</kw>
<kw name="Wait Until Page Contains" owner="SeleniumLibrary">
<arg>Registration successful!</arg>
<arg>timeout=5s</arg>
<doc>Waits until ``text`` appears on the current page.</doc>
<status status="PASS" start="2026-07-03T11:21:57.036363" elapsed="0.006934"/>
</kw>
<kw name="Log To Console" owner="BuiltIn">
<arg>✅ ${username} - สมัครสำเร็จ</arg>
<doc>Logs the given message to the console.</doc>
<status status="PASS" start="2026-07-03T11:21:57.043520" elapsed="0.000517"/>
</kw>
<return>
<value>SUCCESS</value>
<status status="PASS" start="2026-07-03T11:21:57.044136" elapsed="0.000058"/>
</return>
<msg time="2026-07-03T11:21:57.044337" level="INFO">${status} = SUCCESS</msg>
<var>${status}</var>
<arg>${user}</arg>
<doc>กรอกฟอร์มด้วยข้อมูลผู้ใช้</doc>
<status status="PASS" start="2026-07-03T11:21:56.588310" elapsed="0.456054"/>
</kw>
<kw name="Evaluate" owner="BuiltIn">
<msg time="2026-07-03T11:21:57.044923" level="INFO">${SUCCESS_COUNT} = 5</msg>
<var>${SUCCESS_COUNT}</var>
<arg>${SUCCESS_COUNT} + 1</arg>
<doc>Evaluates the given expression in Python and returns the result.</doc>
<status status="PASS" start="2026-07-03T11:21:57.044561" elapsed="0.000392"/>
</kw>
<status status="PASS" start="2026-07-03T11:21:56.587947" elapsed="0.457173"/>
</branch>
<branch type="EXCEPT" assign="${error}">
<kw name="Log To Console" owner="BuiltIn">
<arg>\n🚨 [WEB ERROR] สมัครสมาชิกล้มเหลวสำหรับคุณ ${user["username"]}: ${error}</arg>
<doc>Logs the given message to the console.</doc>
<status status="NOT RUN" start="2026-07-03T11:21:57.045295" elapsed="0.000023"/>
</kw>
<kw name="Set Variable" owner="BuiltIn">
<var>${status}</var>
<arg>FAILED</arg>
<doc>Returns the given values which can then be assigned to a variables.</doc>
<status status="NOT RUN" start="2026-07-03T11:21:57.045394" elapsed="0.000020"/>
</kw>
<kw name="Evaluate" owner="BuiltIn">
<var>${FAILED_COUNT}</var>
<arg>${FAILED_COUNT} + 1</arg>
<doc>Evaluates the given expression in Python and returns the result.</doc>
<status status="NOT RUN" start="2026-07-03T11:21:57.045482" elapsed="0.000037"/>
</kw>
<kw name="Go To" owner="SeleniumLibrary">
<arg>${REGISTER_URL}</arg>
<doc>Navigates the current browser window to the provided ``url``.</doc>
<status status="NOT RUN" start="2026-07-03T11:21:57.045598" elapsed="0.000069"/>
</kw>
<status status="NOT RUN" start="2026-07-03T11:21:57.045189" elapsed="0.000508"/>
</branch>
<status status="PASS" start="2026-07-03T11:21:56.587889" elapsed="0.457888"/>
</try>
<kw name="Create Dictionary" owner="BuiltIn">
<msg time="2026-07-03T11:21:57.047274" level="INFO">${entry} = {'username': 'eltckr754', 'email': 'ftabtfsm@test.com', 'phone': '0806159798', 'status': 'SUCCESS'}</msg>
<var>${entry}</var>
<arg>username=${user["username"]}</arg>
<arg>email=${user["email"]}</arg>
<arg>phone=${user["phone"]}</arg>
<arg>status=${status}</arg>
<doc>Creates and returns a dictionary based on the given ``items``.</doc>
<status status="PASS" start="2026-07-03T11:21:57.045896" elapsed="0.001410"/>
</kw>
<kw name="Append To List" owner="Collections">
<arg>${DB_RESULTS}</arg>
<arg>${entry}</arg>
<doc>Adds ``values`` to the end of ``list``.</doc>
<status status="PASS" start="2026-07-03T11:21:57.047442" elapsed="0.000190"/>
</kw>
<var name="${user}">{'username': 'eltckr754', 'email': 'ftabtfsm@test.com', 'phone': '0806159798'}</var>
<status status="PASS" start="2026-07-03T11:21:56.587841" elapsed="0.459834"/>
</iter>
<iter>
<try>
<branch type="TRY">
<kw name="Fill Registration Form">
<kw name="Set Variable" owner="BuiltIn">
<msg time="2026-07-03T11:21:57.049208" level="INFO">${username} = quxtpg250</msg>
<var>${username}</var>
<arg>${user_data["username"]}</arg>
<doc>Returns the given values which can then be assigned to a variables.</doc>
<status status="PASS" start="2026-07-03T11:21:57.048555" elapsed="0.000686"/>
</kw>
<kw name="Set Variable" owner="BuiltIn">
<msg time="2026-07-03T11:21:57.050444" level="INFO">${email} = snajrjvq@test.com</msg>
<var>${email}</var>
<arg>${user_data["email"]}</arg>
<doc>Returns the given values which can then be assigned to a variables.</doc>
<status status="PASS" start="2026-07-03T11:21:57.049370" elapsed="0.001125"/>
</kw>
<kw name="Set Variable" owner="BuiltIn">
<msg time="2026-07-03T11:21:57.051195" level="INFO">${phone} = 0802032763</msg>
<var>${phone}</var>
<arg>${user_data["phone"]}</arg>
<doc>Returns the given values which can then be assigned to a variables.</doc>
<status status="PASS" start="2026-07-03T11:21:57.050660" elapsed="0.000564"/>
</kw>
<kw name="Input Text" owner="SeleniumLibrary">
<msg time="2026-07-03T11:21:57.051581" level="INFO">Typing text 'quxtpg250' into text field 'id:username'.</msg>
<arg>id:username</arg>
<arg>${username}</arg>
<doc>Types the given ``text`` into the text field identified by ``locator``.</doc>
<status status="PASS" start="2026-07-03T11:21:57.051344" elapsed="0.169660"/>
</kw>
<kw name="Input Text" owner="SeleniumLibrary">
<msg time="2026-07-03T11:21:57.221638" level="INFO">Typing text 'snajrjvq@test.com' into text field 'id:email'.</msg>
<arg>id:email</arg>
<arg>${email}</arg>
<doc>Types the given ``text`` into the text field identified by ``locator``.</doc>
<status status="PASS" start="2026-07-03T11:21:57.221275" elapsed="0.100131"/>
</kw>
<kw name="Input Text" owner="SeleniumLibrary">
<msg time="2026-07-03T11:21:57.322621" level="INFO">Typing text '0802032763' into text field 'id:phone'.</msg>
<arg>id:phone</arg>
<arg>${phone}</arg>
<doc>Types the given ``text`` into the text field identified by ``locator``.</doc>
<status status="PASS" start="2026-07-03T11:21:57.321926" elapsed="0.100007"/>
</kw>
<kw name="Click Button" owner="SeleniumLibrary">
<msg time="2026-07-03T11:21:57.422619" level="INFO">Clicking button 'id:register_btn'.</msg>
<arg>id:register_btn</arg>
<doc>Clicks the button identified by ``locator``.</doc>
<status status="PASS" start="2026-07-03T11:21:57.422242" elapsed="0.074264"/>
</kw>
<kw name="Wait Until Page Contains" owner="SeleniumLibrary">
<arg>Registration successful!</arg>
<arg>timeout=5s</arg>
<doc>Waits until ``text`` appears on the current page.</doc>
<status status="PASS" start="2026-07-03T11:21:57.496719" elapsed="0.020950"/>
</kw>
<kw name="Log To Console" owner="BuiltIn">
<arg>✅ ${username} - สมัครสำเร็จ</arg>
<doc>Logs the given message to the console.</doc>
<status status="PASS" start="2026-07-03T11:21:57.517927" elapsed="0.001316"/>
</kw>
<return>
<value>SUCCESS</value>
<status status="PASS" start="2026-07-03T11:21:57.519364" elapsed="0.000061"/>
</return>
<msg time="2026-07-03T11:21:57.519640" level="INFO">${status} = SUCCESS</msg>
<var>${status}</var>
<arg>${user}</arg>
<doc>กรอกฟอร์มด้วยข้อมูลผู้ใช้</doc>
<status status="PASS" start="2026-07-03T11:21:57.048068" elapsed="0.471600"/>
</kw>
<kw name="Evaluate" owner="BuiltIn">
<msg time="2026-07-03T11:21:57.520697" level="INFO">${SUCCESS_COUNT} = 6</msg>
<var>${SUCCESS_COUNT}</var>
<arg>${SUCCESS_COUNT} + 1</arg>
<doc>Evaluates the given expression in Python and returns the result.</doc>
<status status="PASS" start="2026-07-03T11:21:57.519814" elapsed="0.000952"/>
</kw>
<status status="PASS" start="2026-07-03T11:21:57.047913" elapsed="0.472968"/>
</branch>
<branch type="EXCEPT" assign="${error}">
<kw name="Log To Console" owner="BuiltIn">
<arg>\n🚨 [WEB ERROR] สมัครสมาชิกล้มเหลวสำหรับคุณ ${user["username"]}: ${error}</arg>
<doc>Logs the given message to the console.</doc>
<status status="NOT RUN" start="2026-07-03T11:21:57.521261" elapsed="0.000064"/>
</kw>
<kw name="Set Variable" owner="BuiltIn">
<var>${status}</var>
<arg>FAILED</arg>
<doc>Returns the given values which can then be assigned to a variables.</doc>
<status status="NOT RUN" start="2026-07-03T11:21:57.521521" elapsed="0.000053"/>
</kw>
<kw name="Evaluate" owner="BuiltIn">
<var>${FAILED_COUNT}</var>
<arg>${FAILED_COUNT} + 1</arg>
<doc>Evaluates the given expression in Python and returns the result.</doc>
<status status="NOT RUN" start="2026-07-03T11:21:57.521765" elapsed="0.000051"/>
</kw>
<kw name="Go To" owner="SeleniumLibrary">
<arg>${REGISTER_URL}</arg>
<doc>Navigates the current browser window to the provided ``url``.</doc>
<status status="NOT RUN" start="2026-07-03T11:21:57.522007" elapsed="0.000049"/>
</kw>
<status status="NOT RUN" start="2026-07-03T11:21:57.521015" elapsed="0.001119"/>
</branch>
<status status="PASS" start="2026-07-03T11:21:57.047889" elapsed="0.474402"/>
</try>
<kw name="Create Dictionary" owner="BuiltIn">
<msg time="2026-07-03T11:21:57.525388" level="INFO">${entry} = {'username': 'quxtpg250', 'email': 'snajrjvq@test.com', 'phone': '0802032763', 'status': 'SUCCESS'}</msg>
<var>${entry}</var>
<arg>username=${user["username"]}</arg>
<arg>email=${user["email"]}</arg>
<arg>phone=${user["phone"]}</arg>
<arg>status=${status}</arg>
<doc>Creates and returns a dictionary based on the given ``items``.</doc>
<status status="PASS" start="2026-07-03T11:21:57.522500" elapsed="0.002967"/>
</kw>
<kw name="Append To List" owner="Collections">
<arg>${DB_RESULTS}</arg>
<arg>${entry}</arg>
<doc>Adds ``values`` to the end of ``list``.</doc>
<status status="PASS" start="2026-07-03T11:21:57.525726" elapsed="0.000386"/>
</kw>
<var name="${user}">{'username': 'quxtpg250', 'email': 'snajrjvq@test.com', 'phone': '0802032763'}</var>
<status status="PASS" start="2026-07-03T11:21:57.047850" elapsed="0.478363"/>
</iter>
<iter>
<try>
<branch type="TRY">
<kw name="Fill Registration Form">
<kw name="Set Variable" owner="BuiltIn">
<msg time="2026-07-03T11:21:57.528522" level="INFO">${username} = sryrcx733</msg>
<var>${username}</var>
<arg>${user_data["username"]}</arg>
<doc>Returns the given values which can then be assigned to a variables.</doc>
<status status="PASS" start="2026-07-03T11:21:57.527540" elapsed="0.001040"/>
</kw>
<kw name="Set Variable" owner="BuiltIn">
<msg time="2026-07-03T11:21:57.530067" level="INFO">${email} = lfvesodw@test.com</msg>
<var>${email}</var>
<arg>${user_data["email"]}</arg>
<doc>Returns the given values which can then be assigned to a variables.</doc>
<status status="PASS" start="2026-07-03T11:21:57.529411" elapsed="0.000687"/>
</kw>
<kw name="Set Variable" owner="BuiltIn">
<msg time="2026-07-03T11:21:57.530642" level="INFO">${phone} = 0884162859</msg>
<var>${phone}</var>
<arg>${user_data["phone"]}</arg>
<doc>Returns the given values which can then be assigned to a variables.</doc>
<status status="PASS" start="2026-07-03T11:21:57.530206" elapsed="0.000463"/>
</kw>
<kw name="Input Text" owner="SeleniumLibrary">
<msg time="2026-07-03T11:21:57.531038" level="INFO">Typing text 'sryrcx733' into text field 'id:username'.</msg>
<arg>id:username</arg>
<arg>${username}</arg>
<doc>Types the given ``text`` into the text field identified by ``locator``.</doc>
<status status="PASS" start="2026-07-03T11:21:57.530809" elapsed="0.123329"/>
</kw>
<kw name="Input Text" owner="SeleniumLibrary">
<msg time="2026-07-03T11:21:57.654866" level="INFO">Typing text 'lfvesodw@test.com' into text field 'id:email'.</msg>
<arg>id:email</arg>
<arg>${email}</arg>
<doc>Types the given ``text`` into the text field identified by ``locator``.</doc>
<status status="PASS" start="2026-07-03T11:21:57.654413" elapsed="0.084366"/>
</kw>
<kw name="Input Text" owner="SeleniumLibrary">
<msg time="2026-07-03T11:21:57.739737" level="INFO">Typing text '0884162859' into text field 'id:phone'.</msg>
<arg>id:phone</arg>
<arg>${phone}</arg>
<doc>Types the given ``text`` into the text field identified by ``locator``.</doc>
<status status="PASS" start="2026-07-03T11:21:57.739223" elapsed="0.123873"/>
</kw>
<kw name="Click Button" owner="SeleniumLibrary">
<msg time="2026-07-03T11:21:57.863861" level="INFO">Clicking button 'id:register_btn'.</msg>
<arg>id:register_btn</arg>
<doc>Clicks the button identified by ``locator``.</doc>
<status status="PASS" start="2026-07-03T11:21:57.863460" elapsed="0.099059"/>
</kw>
<kw name="Wait Until Page Contains" owner="SeleniumLibrary">
<arg>Registration successful!</arg>
<arg>timeout=5s</arg>
<doc>Waits until ``text`` appears on the current page.</doc>
<status status="PASS" start="2026-07-03T11:21:57.962744" elapsed="0.036624"/>
</kw>
<kw name="Log To Console" owner="BuiltIn">
<arg>✅ ${username} - สมัครสำเร็จ</arg>
<doc>Logs the given message to the console.</doc>
<status status="PASS" start="2026-07-03T11:21:57.999876" elapsed="0.001771"/>
</kw>
<return>
<value>SUCCESS</value>
<status status="PASS" start="2026-07-03T11:21:58.001753" elapsed="0.000058"/>
</return>
<msg time="2026-07-03T11:21:58.001944" level="INFO">${status} = SUCCESS</msg>
<var>${status}</var>
<arg>${user}</arg>
<doc>กรอกฟอร์มด้วยข้อมูลผู้ใช้</doc>
<status status="PASS" start="2026-07-03T11:21:57.527063" elapsed="0.474908"/>
</kw>
<kw name="Evaluate" owner="BuiltIn">
<msg time="2026-07-03T11:21:58.002456" level="INFO">${SUCCESS_COUNT} = 7</msg>
<var>${SUCCESS_COUNT}</var>
<arg>${SUCCESS_COUNT} + 1</arg>
<doc>Evaluates the given expression in Python and returns the result.</doc>
<status status="PASS" start="2026-07-03T11:21:58.002111" elapsed="0.000372"/>
</kw>
<status status="PASS" start="2026-07-03T11:21:57.526763" elapsed="0.475829"/>
</branch>
<branch type="EXCEPT" assign="${error}">
<kw name="Log To Console" owner="BuiltIn">
<arg>\n🚨 [WEB ERROR] สมัครสมาชิกล้มเหลวสำหรับคุณ ${user["username"]}: ${error}</arg>
<doc>Logs the given message to the console.</doc>
<status status="NOT RUN" start="2026-07-03T11:21:58.003106" elapsed="0.000063"/>
</kw>
<kw name="Set Variable" owner="BuiltIn">
<var>${status}</var>
<arg>FAILED</arg>
<doc>Returns the given values which can then be assigned to a variables.</doc>
<status status="NOT RUN" start="2026-07-03T11:21:58.003374" elapsed="0.000058"/>
</kw>
<kw name="Evaluate" owner="BuiltIn">
<var>${FAILED_COUNT}</var>
<arg>${FAILED_COUNT} + 1</arg>
<doc>Evaluates the given expression in Python and returns the result.</doc>
<status status="NOT RUN" start="2026-07-03T11:21:58.003626" elapsed="0.000054"/>
</kw>
<kw name="Go To" owner="SeleniumLibrary">
<arg>${REGISTER_URL}</arg>
<doc>Navigates the current browser window to the provided ``url``.</doc>
<status status="NOT RUN" start="2026-07-03T11:21:58.003877" elapsed="0.000055"/>
</kw>
<status status="NOT RUN" start="2026-07-03T11:21:58.002873" elapsed="0.001145"/>
</branch>
<status status="PASS" start="2026-07-03T11:21:57.526715" elapsed="0.477405"/>
</try>
<kw name="Create Dictionary" owner="BuiltIn">
<msg time="2026-07-03T11:21:58.008597" level="INFO">${entry} = {'username': 'sryrcx733', 'email': 'lfvesodw@test.com', 'phone': '0884162859', 'status': 'SUCCESS'}</msg>
<var>${entry}</var>
<arg>username=${user["username"]}</arg>
<arg>email=${user["email"]}</arg>
<arg>phone=${user["phone"]}</arg>
<arg>status=${status}</arg>
<doc>Creates and returns a dictionary based on the given ``items``.</doc>
<status status="PASS" start="2026-07-03T11:21:58.004299" elapsed="0.004383"/>
</kw>
<kw name="Append To List" owner="Collections">
<arg>${DB_RESULTS}</arg>
<arg>${entry}</arg>
<doc>Adds ``values`` to the end of ``list``.</doc>
<status status="PASS" start="2026-07-03T11:21:58.008971" elapsed="0.000463"/>
</kw>
<var name="${user}">{'username': 'sryrcx733', 'email': 'lfvesodw@test.com', 'phone': '0884162859'}</var>
<status status="PASS" start="2026-07-03T11:21:57.526636" elapsed="0.483005"/>
</iter>
<iter>
<try>
<branch type="TRY">
<kw name="Fill Registration Form">
<kw name="Set Variable" owner="BuiltIn">
<msg time="2026-07-03T11:21:58.013531" level="INFO">${username} = tswnjn448</msg>
<var>${username}</var>
<arg>${user_data["username"]}</arg>
<doc>Returns the given values which can then be assigned to a variables.</doc>
<status status="PASS" start="2026-07-03T11:21:58.011557" elapsed="0.002076"/>
</kw>
<kw name="Set Variable" owner="BuiltIn">
<msg time="2026-07-03T11:21:58.015371" level="INFO">${email} = dkzrwuff@test.com</msg>
<var>${email}</var>
<arg>${user_data["email"]}</arg>
<doc>Returns the given values which can then be assigned to a variables.</doc>
<status status="PASS" start="2026-07-03T11:21:58.013963" elapsed="0.001490"/>
</kw>
<kw name="Set Variable" owner="BuiltIn">
<msg time="2026-07-03T11:21:58.017814" level="INFO">${phone} = 0819743331</msg>
<var>${phone}</var>
<arg>${user_data["phone"]}</arg>
<doc>Returns the given values which can then be assigned to a variables.</doc>
<status status="PASS" start="2026-07-03T11:21:58.015741" elapsed="0.002171"/>
</kw>
<kw name="Input Text" owner="SeleniumLibrary">
<msg time="2026-07-03T11:21:58.019464" level="INFO">Typing text 'tswnjn448' into text field 'id:username'.</msg>
<arg>id:username</arg>
<arg>${username}</arg>
<doc>Types the given ``text`` into the text field identified by ``locator``.</doc>
<status status="PASS" start="2026-07-03T11:21:58.018764" elapsed="0.138912"/>
</kw>
<kw name="Input Text" owner="SeleniumLibrary">
<msg time="2026-07-03T11:21:58.158288" level="INFO">Typing text 'dkzrwuff@test.com' into text field 'id:email'.</msg>
<arg>id:email</arg>
<arg>${email}</arg>
<doc>Types the given ``text`` into the text field identified by ``locator``.</doc>
<status status="PASS" start="2026-07-03T11:21:58.157946" elapsed="0.099518"/>
</kw>
<kw name="Input Text" owner="SeleniumLibrary">
<msg time="2026-07-03T11:21:58.258548" level="INFO">Typing text '0819743331' into text field 'id:phone'.</msg>
<arg>id:phone</arg>
<arg>${phone}</arg>
<doc>Types the given ``text`` into the text field identified by ``locator``.</doc>
<status status="PASS" start="2026-07-03T11:21:58.257740" elapsed="0.117769"/>
</kw>
<kw name="Click Button" owner="SeleniumLibrary">
<msg time="2026-07-03T11:21:58.376485" level="INFO">Clicking button 'id:register_btn'.</msg>
<arg>id:register_btn</arg>
<doc>Clicks the button identified by ``locator``.</doc>
<status status="PASS" start="2026-07-03T11:21:58.375889" elapsed="0.075966"/>
</kw>
<kw name="Wait Until Page Contains" owner="SeleniumLibrary">
<arg>Registration successful!</arg>
<arg>timeout=5s</arg>
<doc>Waits until ``text`` appears on the current page.</doc>
<status status="PASS" start="2026-07-03T11:21:58.452173" elapsed="0.007954"/>
</kw>
<kw name="Log To Console" owner="BuiltIn">
<arg>✅ ${username} - สมัครสำเร็จ</arg>
<doc>Logs the given message to the console.</doc>
<status status="PASS" start="2026-07-03T11:21:58.460327" elapsed="0.001304"/>
</kw>
<return>
<value>SUCCESS</value>
<status status="PASS" start="2026-07-03T11:21:58.461779" elapsed="0.000078"/>
</return>
<msg time="2026-07-03T11:21:58.462103" level="INFO">${status} = SUCCESS</msg>
<var>${status}</var>
<arg>${user}</arg>
<doc>กรอกฟอร์มด้วยข้อมูลผู้ใช้</doc>
<status status="PASS" start="2026-07-03T11:21:58.010646" elapsed="0.451498"/>
</kw>
<kw name="Evaluate" owner="BuiltIn">
<msg time="2026-07-03T11:21:58.463010" level="INFO">${SUCCESS_COUNT} = 8</msg>
<var>${SUCCESS_COUNT}</var>
<arg>${SUCCESS_COUNT} + 1</arg>
<doc>Evaluates the given expression in Python and returns the result.</doc>
<status status="PASS" start="2026-07-03T11:21:58.462362" elapsed="0.000691"/>
</kw>
<status status="PASS" start="2026-07-03T11:21:58.010172" elapsed="0.452957"/>
</branch>
<branch type="EXCEPT" assign="${error}">
<kw name="Log To Console" owner="BuiltIn">
<arg>\n🚨 [WEB ERROR] สมัครสมาชิกล้มเหลวสำหรับคุณ ${user["username"]}: ${error}</arg>
<doc>Logs the given message to the console.</doc>
<status status="NOT RUN" start="2026-07-03T11:21:58.463478" elapsed="0.000061"/>
</kw>
<kw name="Set Variable" owner="BuiltIn">
<var>${status}</var>
<arg>FAILED</arg>
<doc>Returns the given values which can then be assigned to a variables.</doc>
<status status="NOT RUN" start="2026-07-03T11:21:58.463665" elapsed="0.000039"/>
</kw>
<kw name="Evaluate" owner="BuiltIn">
<var>${FAILED_COUNT}</var>
<arg>${FAILED_COUNT} + 1</arg>
<doc>Evaluates the given expression in Python and returns the result.</doc>
<status status="NOT RUN" start="2026-07-03T11:21:58.463799" elapsed="0.000025"/>
</kw>
<kw name="Go To" owner="SeleniumLibrary">
<arg>${REGISTER_URL}</arg>
<doc>Navigates the current browser window to the provided ``url``.</doc>
<status status="NOT RUN" start="2026-07-03T11:21:58.463917" elapsed="0.000025"/>
</kw>
<status status="NOT RUN" start="2026-07-03T11:21:58.463218" elapsed="0.000762"/>
</branch>
<status status="PASS" start="2026-07-03T11:21:58.010120" elapsed="0.453912"/>
</try>
<kw name="Create Dictionary" owner="BuiltIn">
<msg time="2026-07-03T11:21:58.466048" level="INFO">${entry} = {'username': 'tswnjn448', 'email': 'dkzrwuff@test.com', 'phone': '0819743331', 'status': 'SUCCESS'}</msg>
<var>${entry}</var>
<arg>username=${user["username"]}</arg>
<arg>email=${user["email"]}</arg>
<arg>phone=${user["phone"]}</arg>
<arg>status=${status}</arg>
<doc>Creates and returns a dictionary based on the given ``items``.</doc>
<status status="PASS" start="2026-07-03T11:21:58.464121" elapsed="0.001967"/>
</kw>
<kw name="Append To List" owner="Collections">
<arg>${DB_RESULTS}</arg>
<arg>${entry}</arg>
<doc>Adds ``values`` to the end of ``list``.</doc>
<status status="PASS" start="2026-07-03T11:21:58.466223" elapsed="0.000208"/>
</kw>
<var name="${user}">{'username': 'tswnjn448', 'email': 'dkzrwuff@test.com', 'phone': '0819743331'}</var>
<status status="PASS" start="2026-07-03T11:21:58.010035" elapsed="0.456507"/>
</iter>
<iter>
<try>
<branch type="TRY">
<kw name="Fill Registration Form">
<kw name="Set Variable" owner="BuiltIn">
<msg time="2026-07-03T11:21:58.468754" level="INFO">${username} = pgjxap315</msg>
<var>${username}</var>
<arg>${user_data["username"]}</arg>
<doc>Returns the given values which can then be assigned to a variables.</doc>
<status status="PASS" start="2026-07-03T11:21:58.467741" elapsed="0.001074"/>
</kw>
<kw name="Set Variable" owner="BuiltIn">
<msg time="2026-07-03T11:21:58.469481" level="INFO">${email} = vecirlom@test.com</msg>
<var>${email}</var>
<arg>${user_data["email"]}</arg>
<doc>Returns the given values which can then be assigned to a variables.</doc>
<status status="PASS" start="2026-07-03T11:21:58.468947" elapsed="0.000564"/>
</kw>
<kw name="Set Variable" owner="BuiltIn">
<msg time="2026-07-03T11:21:58.470172" level="INFO">${phone} = 0825783812</msg>
<var>${phone}</var>
<arg>${user_data["phone"]}</arg>
<doc>Returns the given values which can then be assigned to a variables.</doc>
<status status="PASS" start="2026-07-03T11:21:58.469689" elapsed="0.000512"/>
</kw>
<kw name="Input Text" owner="SeleniumLibrary">
<msg time="2026-07-03T11:21:58.470546" level="INFO">Typing text 'pgjxap315' into text field 'id:username'.</msg>
<arg>id:username</arg>
<arg>${username}</arg>
<doc>Types the given ``text`` into the text field identified by ``locator``.</doc>
<status status="PASS" start="2026-07-03T11:21:58.470313" elapsed="0.104967"/>
</kw>
<kw name="Input Text" owner="SeleniumLibrary">
<msg time="2026-07-03T11:21:58.575924" level="INFO">Typing text 'vecirlom@test.com' into text field 'id:email'.</msg>
<arg>id:email</arg>
<arg>${email}</arg>
<doc>Types the given ``text`` into the text field identified by ``locator``.</doc>
<status status="PASS" start="2026-07-03T11:21:58.575546" elapsed="0.090357"/>
</kw>
<kw name="Input Text" owner="SeleniumLibrary">
<msg time="2026-07-03T11:21:58.666657" level="INFO">Typing text '0825783812' into text field 'id:phone'.</msg>
<arg>id:phone</arg>
<arg>${phone}</arg>
<doc>Types the given ``text`` into the text field identified by ``locator``.</doc>
<status status="PASS" start="2026-07-03T11:21:58.666178" elapsed="0.094490"/>
</kw>
<kw name="Click Button" owner="SeleniumLibrary">
<msg time="2026-07-03T11:21:58.761500" level="INFO">Clicking button 'id:register_btn'.</msg>
<arg>id:register_btn</arg>
<doc>Clicks the button identified by ``locator``.</doc>
<status status="PASS" start="2026-07-03T11:21:58.761100" elapsed="0.105503"/>
</kw>
<kw name="Wait Until Page Contains" owner="SeleniumLibrary">
<arg>Registration successful!</arg>
<arg>timeout=5s</arg>
<doc>Waits until ``text`` appears on the current page.</doc>
<status status="PASS" start="2026-07-03T11:21:58.866827" elapsed="0.006790"/>
</kw>
<kw name="Log To Console" owner="BuiltIn">
<arg>✅ ${username} - สมัครสำเร็จ</arg>
<doc>Logs the given message to the console.</doc>
<status status="PASS" start="2026-07-03T11:21:58.873822" elapsed="0.001304"/>
</kw>
<return>
<value>SUCCESS</value>
<status status="PASS" start="2026-07-03T11:21:58.875239" elapsed="0.000064"/>
</return>
<msg time="2026-07-03T11:21:58.875456" level="INFO">${status} = SUCCESS</msg>
<var>${status}</var>
<arg>${user}</arg>
<doc>กรอกฟอร์มด้วยข้อมูลผู้ใช้</doc>
<status status="PASS" start="2026-07-03T11:21:58.467156" elapsed="0.408392"/>
</kw>
<kw name="Evaluate" owner="BuiltIn">
<msg time="2026-07-03T11:21:58.876130" level="INFO">${SUCCESS_COUNT} = 9</msg>
<var>${SUCCESS_COUNT}</var>
<arg>${SUCCESS_COUNT} + 1</arg>
<doc>Evaluates the given expression in Python and returns the result.</doc>
<status status="PASS" start="2026-07-03T11:21:58.875699" elapsed="0.000499"/>
</kw>
<status status="PASS" start="2026-07-03T11:21:58.466969" elapsed="0.409282"/>
</branch>
<branch type="EXCEPT" assign="${error}">
<kw name="Log To Console" owner="BuiltIn">
<arg>\n🚨 [WEB ERROR] สมัครสมาชิกล้มเหลวสำหรับคุณ ${user["username"]}: ${error}</arg>
<doc>Logs the given message to the console.</doc>
<status status="NOT RUN" start="2026-07-03T11:21:58.876430" elapsed="0.000026"/>
</kw>
<kw name="Set Variable" owner="BuiltIn">
<var>${status}</var>
<arg>FAILED</arg>
<doc>Returns the given values which can then be assigned to a variables.</doc>
<status status="NOT RUN" start="2026-07-03T11:21:58.876544" elapsed="0.000024"/>
</kw>
<kw name="Evaluate" owner="BuiltIn">
<var>${FAILED_COUNT}</var>
<arg>${FAILED_COUNT} + 1</arg>
<doc>Evaluates the given expression in Python and returns the result.</doc>
<status status="NOT RUN" start="2026-07-03T11:21:58.876655" elapsed="0.000022"/>
</kw>
<kw name="Go To" owner="SeleniumLibrary">
<arg>${REGISTER_URL}</arg>
<doc>Navigates the current browser window to the provided ``url``.</doc>
<status status="NOT RUN" start="2026-07-03T11:21:58.876760" elapsed="0.000023"/>
</kw>
<status status="NOT RUN" start="2026-07-03T11:21:58.876320" elapsed="0.000497"/>
</branch>
<status status="PASS" start="2026-07-03T11:21:58.466938" elapsed="0.410004"/>
</try>
<kw name="Create Dictionary" owner="BuiltIn">
<msg time="2026-07-03T11:21:58.879528" level="INFO">${entry} = {'username': 'pgjxap315', 'email': 'vecirlom@test.com', 'phone': '0825783812', 'status': 'SUCCESS'}</msg>
<var>${entry}</var>
<arg>username=${user["username"]}</arg>
<arg>email=${user["email"]}</arg>
<arg>phone=${user["phone"]}</arg>
<arg>status=${status}</arg>
<doc>Creates and returns a dictionary based on the given ``items``.</doc>
<status status="PASS" start="2026-07-03T11:21:58.877086" elapsed="0.002606"/>
</kw>
<kw name="Append To List" owner="Collections">
<arg>${DB_RESULTS}</arg>
<arg>${entry}</arg>
<doc>Adds ``values`` to the end of ``list``.</doc>
<status status="PASS" start="2026-07-03T11:21:58.879843" elapsed="0.000231"/>
</kw>
<var name="${user}">{'username': 'pgjxap315', 'email': 'vecirlom@test.com', 'phone': '0825783812'}</var>
<status status="PASS" start="2026-07-03T11:21:58.466876" elapsed="0.413248"/>
</iter>
<iter>
<try>
<branch type="TRY">
<kw name="Fill Registration Form">
<kw name="Set Variable" owner="BuiltIn">
<msg time="2026-07-03T11:21:58.881406" level="INFO">${username} = qfbleb804</msg>
<var>${username}</var>
<arg>${user_data["username"]}</arg>
<doc>Returns the given values which can then be assigned to a variables.</doc>
<status status="PASS" start="2026-07-03T11:21:58.880830" elapsed="0.000607"/>
</kw>
<kw name="Set Variable" owner="BuiltIn">
<msg time="2026-07-03T11:21:58.882180" level="INFO">${email} = hbwuiiot@test.com</msg>
<var>${email}</var>
<arg>${user_data["email"]}</arg>
<doc>Returns the given values which can then be assigned to a variables.</doc>
<status status="PASS" start="2026-07-03T11:21:58.881544" elapsed="0.000674"/>
</kw>
<kw name="Set Variable" owner="BuiltIn">
<msg time="2026-07-03T11:21:58.882846" level="INFO">${phone} = 0805538698</msg>
<var>${phone}</var>
<arg>${user_data["phone"]}</arg>
<doc>Returns the given values which can then be assigned to a variables.</doc>
<status status="PASS" start="2026-07-03T11:21:58.882355" elapsed="0.000519"/>
</kw>
<kw name="Input Text" owner="SeleniumLibrary">
<msg time="2026-07-03T11:21:58.883241" level="INFO">Typing text 'qfbleb804' into text field 'id:username'.</msg>
<arg>id:username</arg>
<arg>${username}</arg>
<doc>Types the given ``text`` into the text field identified by ``locator``.</doc>
<status status="PASS" start="2026-07-03T11:21:58.882983" elapsed="0.093834"/>
</kw>
<kw name="Input Text" owner="SeleniumLibrary">
<msg time="2026-07-03T11:21:58.977512" level="INFO">Typing text 'hbwuiiot@test.com' into text field 'id:email'.</msg>
<arg>id:email</arg>
<arg>${email}</arg>
<doc>Types the given ``text`` into the text field identified by ``locator``.</doc>
<status status="PASS" start="2026-07-03T11:21:58.977018" elapsed="0.104691"/>
</kw>
<kw name="Input Text" owner="SeleniumLibrary">
<msg time="2026-07-03T11:21:59.082657" level="INFO">Typing text '0805538698' into text field 'id:phone'.</msg>
<arg>id:phone</arg>
<arg>${phone}</arg>
<doc>Types the given ``text`` into the text field identified by ``locator``.</doc>
<status status="PASS" start="2026-07-03T11:21:59.082046" elapsed="0.091256"/>
</kw>
<kw name="Click Button" owner="SeleniumLibrary">
<msg time="2026-07-03T11:21:59.174098" level="INFO">Clicking button 'id:register_btn'.</msg>
<arg>id:register_btn</arg>
<doc>Clicks the button identified by ``locator``.</doc>
<status status="PASS" start="2026-07-03T11:21:59.173615" elapsed="0.074518"/>
</kw>
<kw name="Wait Until Page Contains" owner="SeleniumLibrary">
<arg>Registration successful!</arg>
<arg>timeout=5s</arg>
<doc>Waits until ``text`` appears on the current page.</doc>
<status status="PASS" start="2026-07-03T11:21:59.248360" elapsed="0.030776"/>
</kw>
<kw name="Log To Console" owner="BuiltIn">
<arg>✅ ${username} - สมัครสำเร็จ</arg>
<doc>Logs the given message to the console.</doc>
<status status="PASS" start="2026-07-03T11:21:59.279344" elapsed="0.000560"/>
</kw>
<return>
<value>SUCCESS</value>
<status status="PASS" start="2026-07-03T11:21:59.280018" elapsed="0.000062"/>
</return>
<msg time="2026-07-03T11:21:59.280229" level="INFO">${status} = SUCCESS</msg>
<var>${status}</var>
<arg>${user}</arg>
<doc>กรอกฟอร์มด้วยข้อมูลผู้ใช้</doc>
<status status="PASS" start="2026-07-03T11:21:58.880560" elapsed="0.399699"/>
</kw>
<kw name="Evaluate" owner="BuiltIn">
<msg time="2026-07-03T11:21:59.281435" level="INFO">${SUCCESS_COUNT} = 10</msg>
<var>${SUCCESS_COUNT}</var>
<arg>${SUCCESS_COUNT} + 1</arg>
<doc>Evaluates the given expression in Python and returns the result.</doc>
<status status="PASS" start="2026-07-03T11:21:59.280404" elapsed="0.001123"/>
</kw>
<status status="PASS" start="2026-07-03T11:21:58.880389" elapsed="0.401285"/>
</branch>
<branch type="EXCEPT" assign="${error}">
<kw name="Log To Console" owner="BuiltIn">
<arg>\n🚨 [WEB ERROR] สมัครสมาชิกล้มเหลวสำหรับคุณ ${user["username"]}: ${error}</arg>
<doc>Logs the given message to the console.</doc>
<status status="NOT RUN" start="2026-07-03T11:21:59.282071" elapsed="0.000066"/>
</kw>
<kw name="Set Variable" owner="BuiltIn">
<var>${status}</var>
<arg>FAILED</arg>
<doc>Returns the given values which can then be assigned to a variables.</doc>
<status status="NOT RUN" start="2026-07-03T11:21:59.282353" elapsed="0.000058"/>
</kw>
<kw name="Evaluate" owner="BuiltIn">
<var>${FAILED_COUNT}</var>
<arg>${FAILED_COUNT} + 1</arg>
<doc>Evaluates the given expression in Python and returns the result.</doc>
<status status="NOT RUN" start="2026-07-03T11:21:59.282647" elapsed="0.000058"/>
</kw>
<kw name="Go To" owner="SeleniumLibrary">
<arg>${REGISTER_URL}</arg>
<doc>Navigates the current browser window to the provided ``url``.</doc>
<status status="NOT RUN" start="2026-07-03T11:21:59.282906" elapsed="0.000054"/>
</kw>
<status status="NOT RUN" start="2026-07-03T11:21:59.281822" elapsed="0.001618"/>
</branch>
<status status="PASS" start="2026-07-03T11:21:58.880363" elapsed="0.403151"/>
</try>
<kw name="Create Dictionary" owner="BuiltIn">
<msg time="2026-07-03T11:21:59.284917" level="INFO">${entry} = {'username': 'qfbleb804', 'email': 'hbwuiiot@test.com', 'phone': '0805538698', 'status': 'SUCCESS'}</msg>
<var>${entry}</var>
<arg>username=${user["username"]}</arg>
<arg>email=${user["email"]}</arg>
<arg>phone=${user["phone"]}</arg>
<arg>status=${status}</arg>
<doc>Creates and returns a dictionary based on the given ``items``.</doc>
<status status="PASS" start="2026-07-03T11:21:59.283624" elapsed="0.001324"/>
</kw>
<kw name="Append To List" owner="Collections">
<arg>${DB_RESULTS}</arg>
<arg>${entry}</arg>
<doc>Adds ``values`` to the end of ``list``.</doc>
<status status="PASS" start="2026-07-03T11:21:59.285060" elapsed="0.000177"/>
</kw>
<var name="${user}">{'username': 'qfbleb804', 'email': 'hbwuiiot@test.com', 'phone': '0805538698'}</var>
<status status="PASS" start="2026-07-03T11:21:58.880323" elapsed="0.404960"/>
</iter>
<iter>
<try>
<branch type="TRY">
<kw name="Fill Registration Form">
<kw name="Set Variable" owner="BuiltIn">
<msg time="2026-07-03T11:21:59.287068" level="INFO">${username} = vykrdl697</msg>
<var>${username}</var>
<arg>${user_data["username"]}</arg>
<doc>Returns the given values which can then be assigned to a variables.</doc>
<status status="PASS" start="2026-07-03T11:21:59.285921" elapsed="0.001216"/>
</kw>
<kw name="Set Variable" owner="BuiltIn">
<msg time="2026-07-03T11:21:59.288511" level="INFO">${email} = ergowjnq@test.com</msg>
<var>${email}</var>
<arg>${user_data["email"]}</arg>
<doc>Returns the given values which can then be assigned to a variables.</doc>
<status status="PASS" start="2026-07-03T11:21:59.287383" elapsed="0.001195"/>
</kw>
<kw name="Set Variable" owner="BuiltIn">
<msg time="2026-07-03T11:21:59.289814" level="INFO">${phone} = 0842805612</msg>
<var>${phone}</var>
<arg>${user_data["phone"]}</arg>
<doc>Returns the given values which can then be assigned to a variables.</doc>
<status status="PASS" start="2026-07-03T11:21:59.288817" elapsed="0.001087"/>
</kw>
<kw name="Input Text" owner="SeleniumLibrary">
<msg time="2026-07-03T11:21:59.290615" level="INFO">Typing text 'vykrdl697' into text field 'id:username'.</msg>
<arg>id:username</arg>
<arg>${username}</arg>
<doc>Types the given ``text`` into the text field identified by ``locator``.</doc>
<status status="PASS" start="2026-07-03T11:21:59.290185" elapsed="0.122334"/>
</kw>
<kw name="Input Text" owner="SeleniumLibrary">
<msg time="2026-07-03T11:21:59.413180" level="INFO">Typing text 'ergowjnq@test.com' into text field 'id:email'.</msg>
<arg>id:email</arg>
<arg>${email}</arg>
<doc>Types the given ``text`` into the text field identified by ``locator``.</doc>
<status status="PASS" start="2026-07-03T11:21:59.412787" elapsed="0.133783"/>
</kw>
<kw name="Input Text" owner="SeleniumLibrary">
<msg time="2026-07-03T11:21:59.548121" level="INFO">Typing text '0842805612' into text field 'id:phone'.</msg>
<arg>id:phone</arg>
<arg>${phone}</arg>
<doc>Types the given ``text`` into the text field identified by ``locator``.</doc>
<status status="PASS" start="2026-07-03T11:21:59.546987" elapsed="0.100744"/>
</kw>
<kw name="Click Button" owner="SeleniumLibrary">
<msg time="2026-07-03T11:21:59.648457" level="INFO">Clicking button 'id:register_btn'.</msg>
<arg>id:register_btn</arg>
<doc>Clicks the button identified by ``locator``.</doc>
<status status="PASS" start="2026-07-03T11:21:59.647994" elapsed="0.120504"/>
</kw>
<kw name="Wait Until Page Contains" owner="SeleniumLibrary">
<arg>Registration successful!</arg>
<arg>timeout=5s</arg>
<doc>Waits until ``text`` appears on the current page.</doc>
<status status="PASS" start="2026-07-03T11:21:59.768705" elapsed="0.008095"/>
</kw>
<kw name="Log To Console" owner="BuiltIn">
<arg>✅ ${username} - สมัครสำเร็จ</arg>
<doc>Logs the given message to the console.</doc>
<status status="PASS" start="2026-07-03T11:21:59.777230" elapsed="0.001157"/>
</kw>
<return>
<value>SUCCESS</value>
<status status="PASS" start="2026-07-03T11:21:59.778542" elapsed="0.000060"/>
</return>
<msg time="2026-07-03T11:21:59.778746" level="INFO">${status} = SUCCESS</msg>
<var>${status}</var>
<arg>${user}</arg>
<doc>กรอกฟอร์มด้วยข้อมูลผู้ใช้</doc>
<status status="PASS" start="2026-07-03T11:21:59.285685" elapsed="0.493090"/>
</kw>
<kw name="Evaluate" owner="BuiltIn">
<msg time="2026-07-03T11:21:59.779348" level="INFO">${SUCCESS_COUNT} = 11</msg>
<var>${SUCCESS_COUNT}</var>
<arg>${SUCCESS_COUNT} + 1</arg>
<doc>Evaluates the given expression in Python and returns the result.</doc>
<status status="PASS" start="2026-07-03T11:21:59.778937" elapsed="0.000441"/>
</kw>
<status status="PASS" start="2026-07-03T11:21:59.285532" elapsed="0.493898"/>
</branch>
<branch type="EXCEPT" assign="${error}">
<kw name="Log To Console" owner="BuiltIn">
<arg>\n🚨 [WEB ERROR] สมัครสมาชิกล้มเหลวสำหรับคุณ ${user["username"]}: ${error}</arg>
<doc>Logs the given message to the console.</doc>
<status status="NOT RUN" start="2026-07-03T11:21:59.779659" elapsed="0.000027"/>
</kw>
<kw name="Set Variable" owner="BuiltIn">
<var>${status}</var>
<arg>FAILED</arg>
<doc>Returns the given values which can then be assigned to a variables.</doc>
<status status="NOT RUN" start="2026-07-03T11:21:59.779772" elapsed="0.000023"/>
</kw>
<kw name="Evaluate" owner="BuiltIn">
<var>${FAILED_COUNT}</var>
<arg>${FAILED_COUNT} + 1</arg>
<doc>Evaluates the given expression in Python and returns the result.</doc>
<status status="NOT RUN" start="2026-07-03T11:21:59.779873" elapsed="0.000021"/>
</kw>
<kw name="Go To" owner="SeleniumLibrary">
<arg>${REGISTER_URL}</arg>
<doc>Navigates the current browser window to the provided ``url``.</doc>
<status status="NOT RUN" start="2026-07-03T11:21:59.779973" elapsed="0.000021"/>
</kw>
<status status="NOT RUN" start="2026-07-03T11:21:59.779492" elapsed="0.000533"/>
</branch>
<status status="PASS" start="2026-07-03T11:21:59.285506" elapsed="0.494561"/>
</try>
<kw name="Create Dictionary" owner="BuiltIn">
<msg time="2026-07-03T11:21:59.783608" level="INFO">${entry} = {'username': 'vykrdl697', 'email': 'ergowjnq@test.com', 'phone': '0842805612', 'status': 'SUCCESS'}</msg>
<var>${entry}</var>
<arg>username=${user["username"]}</arg>
<arg>email=${user["email"]}</arg>
<arg>phone=${user["phone"]}</arg>
<arg>status=${status}</arg>
<doc>Creates and returns a dictionary based on the given ``items``.</doc>
<status status="PASS" start="2026-07-03T11:21:59.780146" elapsed="0.003571"/>
</kw>
<kw name="Append To List" owner="Collections">
<arg>${DB_RESULTS}</arg>
<arg>${entry}</arg>
<doc>Adds ``values`` to the end of ``list``.</doc>
<status status="PASS" start="2026-07-03T11:21:59.784086" elapsed="0.000519"/>
</kw>
<var name="${user}">{'username': 'vykrdl697', 'email': 'ergowjnq@test.com', 'phone': '0842805612'}</var>
<status status="PASS" start="2026-07-03T11:21:59.285467" elapsed="0.499326"/>
</iter>
<iter>
<try>
<branch type="TRY">
<kw name="Fill Registration Form">
<kw name="Set Variable" owner="BuiltIn">
<msg time="2026-07-03T11:21:59.787934" level="INFO">${username} = djnysz880</msg>
<var>${username}</var>
<arg>${user_data["username"]}</arg>
<doc>Returns the given values which can then be assigned to a variables.</doc>
<status status="PASS" start="2026-07-03T11:21:59.786538" elapsed="0.001480"/>
</kw>
<kw name="Set Variable" owner="BuiltIn">
<msg time="2026-07-03T11:21:59.789631" level="INFO">${email} = jeobdkjs@test.com</msg>
<var>${email}</var>
<arg>${user_data["email"]}</arg>
<doc>Returns the given values which can then be assigned to a variables.</doc>
<status status="PASS" start="2026-07-03T11:21:59.788310" elapsed="0.001401"/>
</kw>
<kw name="Set Variable" owner="BuiltIn">
<msg time="2026-07-03T11:21:59.791074" level="INFO">${phone} = 0889627190</msg>
<var>${phone}</var>
<arg>${user_data["phone"]}</arg>
<doc>Returns the given values which can then be assigned to a variables.</doc>
<status status="PASS" start="2026-07-03T11:21:59.789996" elapsed="0.001113"/>
</kw>
<kw name="Input Text" owner="SeleniumLibrary">
<msg time="2026-07-03T11:21:59.791582" level="INFO">Typing text 'djnysz880' into text field 'id:username'.</msg>
<arg>id:username</arg>
<arg>${username}</arg>
<doc>Types the given ``text`` into the text field identified by ``locator``.</doc>
<status status="PASS" start="2026-07-03T11:21:59.791230" elapsed="0.146709"/>
</kw>
<kw name="Input Text" owner="SeleniumLibrary">
<msg time="2026-07-03T11:21:59.938564" level="INFO">Typing text 'jeobdkjs@test.com' into text field 'id:email'.</msg>
<arg>id:email</arg>
<arg>${email}</arg>
<doc>Types the given ``text`` into the text field identified by ``locator``.</doc>
<status status="PASS" start="2026-07-03T11:21:59.938228" elapsed="0.105961"/>
</kw>
<kw name="Input Text" owner="SeleniumLibrary">
<msg time="2026-07-03T11:22:00.046612" level="INFO">Typing text '0889627190' into text field 'id:phone'.</msg>
<arg>id:phone</arg>
<arg>${phone}</arg>
<doc>Types the given ``text`` into the text field identified by ``locator``.</doc>
<status status="PASS" start="2026-07-03T11:22:00.045342" elapsed="0.147677"/>
</kw>
<kw name="Click Button" owner="SeleniumLibrary">
<msg time="2026-07-03T11:22:00.193802" level="INFO">Clicking button 'id:register_btn'.</msg>
<arg>id:register_btn</arg>
<doc>Clicks the button identified by ``locator``.</doc>
<status status="PASS" start="2026-07-03T11:22:00.193393" elapsed="0.069795"/>
</kw>
<kw name="Wait Until Page Contains" owner="SeleniumLibrary">
<arg>Registration successful!</arg>
<arg>timeout=5s</arg>
<doc>Waits until ``text`` appears on the current page.</doc>
<status status="PASS" start="2026-07-03T11:22:00.263714" elapsed="0.030063"/>
</kw>
<kw name="Log To Console" owner="BuiltIn">
<arg>✅ ${username} - สมัครสำเร็จ</arg>
<doc>Logs the given message to the console.</doc>
<status status="PASS" start="2026-07-03T11:22:00.294089" elapsed="0.001088"/>
</kw>
<return>
<value>SUCCESS</value>
<status status="PASS" start="2026-07-03T11:22:00.295460" elapsed="0.000138"/>
</return>
<msg time="2026-07-03T11:22:00.295920" level="INFO">${status} = SUCCESS</msg>
<var>${status}</var>
<arg>${user}</arg>
<doc>กรอกฟอร์มด้วยข้อมูลผู้ใช้</doc>
<status status="PASS" start="2026-07-03T11:21:59.785900" elapsed="0.510087"/>
</kw>
<kw name="Evaluate" owner="BuiltIn">
<msg time="2026-07-03T11:22:00.297639" level="INFO">${SUCCESS_COUNT} = 12</msg>
<var>${SUCCESS_COUNT}</var>
<arg>${SUCCESS_COUNT} + 1</arg>
<doc>Evaluates the given expression in Python and returns the result.</doc>
<status status="PASS" start="2026-07-03T11:22:00.296303" elapsed="0.001455"/>
</kw>
<status status="PASS" start="2026-07-03T11:21:59.785480" elapsed="0.512460"/>
</branch>
<branch type="EXCEPT" assign="${error}">
<kw name="Log To Console" owner="BuiltIn">
<arg>\n🚨 [WEB ERROR] สมัครสมาชิกล้มเหลวสำหรับคุณ ${user["username"]}: ${error}</arg>
<doc>Logs the given message to the console.</doc>
<status status="NOT RUN" start="2026-07-03T11:22:00.298441" elapsed="0.000086"/>
</kw>
<kw name="Set Variable" owner="BuiltIn">
<var>${status}</var>
<arg>FAILED</arg>
<doc>Returns the given values which can then be assigned to a variables.</doc>
<status status="NOT RUN" start="2026-07-03T11:22:00.298850" elapsed="0.000083"/>
</kw>
<kw name="Evaluate" owner="BuiltIn">
<var>${FAILED_COUNT}</var>
<arg>${FAILED_COUNT} + 1</arg>
<doc>Evaluates the given expression in Python and returns the result.</doc>
<status status="NOT RUN" start="2026-07-03T11:22:00.299197" elapsed="0.000069"/>
</kw>
[...]
</kw>
<kw name="Append To List" owner="Collections">
<arg>${DB_RESULTS}</arg>
<arg>${entry}</arg>
<doc>Adds ``values`` to the end of ``list``.</doc>
<status status="PASS" start="2026-07-03T11:22:30.592877" elapsed="0.000142"/>
</kw>
<var name="${user}">{'username': 'qupfcb159', 'email': 'rqlravoz@test.com', 'phone': '0817714899'}</var>
<status status="PASS" start="2026-07-03T11:22:30.334364" elapsed="0.258691"/>
</iter>
<iter>
<try>
<branch type="TRY">
<kw name="Fill Registration Form">
<kw name="Set Variable" owner="BuiltIn">
<msg time="2026-07-03T11:22:30.594064" level="INFO">${username} = bsyghu208</msg>
<var>${username}</var>
<arg>${user_data["username"]}</arg>
<doc>Returns the given values which can then be assigned to a variables.</doc>
<status status="PASS" start="2026-07-03T11:22:30.593684" elapsed="0.000410"/>
</kw>
<kw name="Set Variable" owner="BuiltIn">
<msg time="2026-07-03T11:22:30.594516" level="INFO">${email} = embaowtr@test.com</msg>
<var>${email}</var>
<arg>${user_data["email"]}</arg>
<doc>Returns the given values which can then be assigned to a variables.</doc>
<status status="PASS" start="2026-07-03T11:22:30.594169" elapsed="0.000366"/>
</kw>
<kw name="Set Variable" owner="BuiltIn">
<msg time="2026-07-03T11:22:30.594924" level="INFO">${phone} = 0802089150</msg>
<var>${phone}</var>
<arg>${user_data["phone"]}</arg>
<doc>Returns the given values which can then be assigned to a variables.</doc>
<status status="PASS" start="2026-07-03T11:22:30.594603" elapsed="0.000339"/>
</kw>
<kw name="Input Text" owner="SeleniumLibrary">
<msg time="2026-07-03T11:22:30.595195" level="INFO">Typing text 'bsyghu208' into text field 'id:username'.</msg>
<arg>id:username</arg>
<arg>${username}</arg>
<doc>Types the given ``text`` into the text field identified by ``locator``.</doc>
<status status="PASS" start="2026-07-03T11:22:30.595017" elapsed="0.102419"/>
</kw>
<kw name="Input Text" owner="SeleniumLibrary">
<msg time="2026-07-03T11:22:30.697976" level="INFO">Typing text 'embaowtr@test.com' into text field 'id:email'.</msg>
<arg>id:email</arg>
<arg>${email}</arg>
<doc>Types the given ``text`` into the text field identified by ``locator``.</doc>
<status status="PASS" start="2026-07-03T11:22:30.697618" elapsed="0.111047"/>
</kw>
<kw name="Input Text" owner="SeleniumLibrary">
<msg time="2026-07-03T11:22:30.809168" level="INFO">Typing text '0802089150' into text field 'id:phone'.</msg>
<arg>id:phone</arg>
<arg>${phone}</arg>
<doc>Types the given ``text`` into the text field identified by ``locator``.</doc>
<status status="PASS" start="2026-07-03T11:22:30.808878" elapsed="0.066700"/>
</kw>
<kw name="Click Button" owner="SeleniumLibrary">
<msg time="2026-07-03T11:22:30.876008" level="INFO">Clicking button 'id:register_btn'.</msg>
<arg>id:register_btn</arg>
<doc>Clicks the button identified by ``locator``.</doc>
<status status="PASS" start="2026-07-03T11:22:30.875776" elapsed="0.051075"/>
</kw>
<kw name="Wait Until Page Contains" owner="SeleniumLibrary">
<arg>Registration successful!</arg>
<arg>timeout=5s</arg>
<doc>Waits until ``text`` appears on the current page.</doc>
<status status="PASS" start="2026-07-03T11:22:30.927046" elapsed="0.006548"/>
</kw>
<kw name="Log To Console" owner="BuiltIn">
<arg>✅ ${username} - สมัครสำเร็จ</arg>
<doc>Logs the given message to the console.</doc>
<status status="PASS" start="2026-07-03T11:22:30.933786" elapsed="0.000615"/>
</kw>
<return>
<value>SUCCESS</value>
<status status="PASS" start="2026-07-03T11:22:30.934476" elapsed="0.000048"/>
</return>
<msg time="2026-07-03T11:22:30.934639" level="INFO">${status} = SUCCESS</msg>
<var>${status}</var>
<arg>${user}</arg>
<doc>กรอกฟอร์มด้วยข้อมูลผู้ใช้</doc>
<status status="PASS" start="2026-07-03T11:22:30.593498" elapsed="0.341164"/>
</kw>
<kw name="Evaluate" owner="BuiltIn">
<msg time="2026-07-03T11:22:30.935221" level="INFO">${SUCCESS_COUNT} = 100</msg>
<var>${SUCCESS_COUNT}</var>
<arg>${SUCCESS_COUNT} + 1</arg>
<doc>Evaluates the given expression in Python and returns the result.</doc>
<status status="PASS" start="2026-07-03T11:22:30.934784" elapsed="0.000470"/>
</kw>
<status status="PASS" start="2026-07-03T11:22:30.593371" elapsed="0.341934"/>
</branch>
<branch type="EXCEPT" assign="${error}">
<kw name="Log To Console" owner="BuiltIn">
<arg>\n🚨 [WEB ERROR] สมัครสมาชิกล้มเหลวสำหรับคุณ ${user["username"]}: ${error}</arg>
<doc>Logs the given message to the console.</doc>
<status status="NOT RUN" start="2026-07-03T11:22:30.935471" elapsed="0.000025"/>
</kw>
<kw name="Set Variable" owner="BuiltIn">
<var>${status}</var>
<arg>FAILED</arg>
<doc>Returns the given values which can then be assigned to a variables.</doc>
<status status="NOT RUN" start="2026-07-03T11:22:30.935575" elapsed="0.000021"/>
</kw>
<kw name="Evaluate" owner="BuiltIn">
<var>${FAILED_COUNT}</var>
<arg>${FAILED_COUNT} + 1</arg>
<doc>Evaluates the given expression in Python and returns the result.</doc>
<status status="NOT RUN" start="2026-07-03T11:22:30.935663" elapsed="0.000019"/>
</kw>
<kw name="Go To" owner="SeleniumLibrary">
<arg>${REGISTER_URL}</arg>
<doc>Navigates the current browser window to the provided ``url``.</doc>
<status status="NOT RUN" start="2026-07-03T11:22:30.935758" elapsed="0.000020"/>
</kw>
<status status="NOT RUN" start="2026-07-03T11:22:30.935366" elapsed="0.000441"/>
</branch>
<status status="PASS" start="2026-07-03T11:22:30.593351" elapsed="0.342493"/>
</try>
<kw name="Create Dictionary" owner="BuiltIn">
<msg time="2026-07-03T11:22:30.937095" level="INFO">${entry} = {'username': 'bsyghu208', 'email': 'embaowtr@test.com', 'phone': '0802089150', 'status': 'SUCCESS'}</msg>
<var>${entry}</var>
<arg>username=${user["username"]}</arg>
<arg>email=${user["email"]}</arg>
<arg>phone=${user["phone"]}</arg>
<arg>status=${status}</arg>
<doc>Creates and returns a dictionary based on the given ``items``.</doc>
<status status="PASS" start="2026-07-03T11:22:30.935921" elapsed="0.001203"/>
</kw>
<kw name="Append To List" owner="Collections">
<arg>${DB_RESULTS}</arg>
<arg>${entry}</arg>
<doc>Adds ``values`` to the end of ``list``.</doc>
<status status="PASS" start="2026-07-03T11:22:30.937232" elapsed="0.000172"/>
</kw>
<var name="${user}">{'username': 'bsyghu208', 'email': 'embaowtr@test.com', 'phone': '0802089150'}</var>
<status status="PASS" start="2026-07-03T11:22:30.593315" elapsed="0.344129"/>
</iter>
<var>${user}</var>
<value>@{CLEAN_USERS}</value>
<status status="PASS" start="2026-07-03T11:21:54.309182" elapsed="36.628312"/>
</for>
<kw name="Close Browser" owner="SeleniumLibrary">
<doc>Closes the current browser.</doc>
<status status="PASS" start="2026-07-03T11:22:30.937990" elapsed="2.195439"/>
</kw>
<kw name="Call Method" owner="BuiltIn">
<msg time="2026-07-03T11:22:33.158223" level="INFO">[SYSTEM-CHECK] โค้ดทำงานแล้ว! ระบบกำลังบันทึกข้อมูลแบบสะสมไปที่: C:\spc\users.db
[SYSTEM-CHECK] 🟢 บันทึกข้อมูลแบบสะสมสำเร็จในรอบนี้: 120 แถว</msg>
<msg time="2026-07-03T11:22:33.158615" level="INFO">${db_summary} = 120</msg>
<var>${db_summary}</var>
<arg>${processor}</arg>
<arg>save_all_results_to_db</arg>
<arg>${DB_RESULTS}</arg>
<arg>${DUP_EMAIL_USERS}</arg>
<arg>${DUP_PHONE_USERS}</arg>
<arg>${DUP_BOTH_USERS}</arg>
<arg>${FAIL_EMAIL_USERS}</arg>
<arg>${FAIL_PHONE_USERS}</arg>
<arg>${FAIL_BOTH_USERS}</arg>
<doc>Calls the named method of the given object with the provided arguments.</doc>
<status status="PASS" start="2026-07-03T11:22:33.135762" elapsed="0.022979"/>
</kw>
<kw name="Log To Console" owner="BuiltIn">
<arg>📊 บันทึก DB สำเร็จ: ${db_summary}</arg>
<doc>Logs the given message to the console.</doc>
<status status="PASS" start="2026-07-03T11:22:33.161214" elapsed="0.001255"/>
</kw>
<kw name="Call Method" owner="BuiltIn">
<msg time="2026-07-03T11:22:33.228477" level="INFO">✅ บันทึกผลลัพธ์ลง results_gmail.xlsx เรียบร้อย</msg>
<arg>${processor}</arg>
<arg>write_results_to_excel</arg>
<arg>${DB_RESULTS}</arg>
<arg>${EXCEL_OUTPUT}</arg>
<doc>Calls the named method of the given object with the provided arguments.</doc>
<status status="PASS" start="2026-07-03T11:22:33.163261" elapsed="0.065592"/>
</kw>
<kw name="Log To Console" owner="BuiltIn">
<arg>📁 บันทึก Excel: ${EXCEL_OUTPUT}</arg>
<doc>Logs the given message to the console.</doc>
<status status="PASS" start="2026-07-03T11:22:33.230756" elapsed="0.002721"/>
</kw>
<kw name="Call Method" owner="BuiltIn">
<msg time="2026-07-03T11:22:33.268107" level="INFO">${excel_summary} = {'total': 120, 'success': 100, 'failed': 0, 'skipped': 20}</msg>
<var>${excel_summary}</var>
<arg>${processor}</arg>
<arg>get_summary_from_excel</arg>
<arg>${EXCEL_OUTPUT}</arg>
<doc>Calls the named method of the given object with the provided arguments.</doc>
<status status="PASS" start="2026-07-03T11:22:33.234682" elapsed="0.033465"/>
</kw>
<kw name="Get Length" owner="BuiltIn">
<msg time="2026-07-03T11:22:33.269770" level="INFO">Length is 4.</msg>
<msg time="2026-07-03T11:22:33.270021" level="INFO">${email_dup_count} = 4</msg>
<var>${email_dup_count}</var>
<arg>${DUP_EMAIL_USERS}</arg>
<doc>Returns and logs the length of the given item as an integer.</doc>
<status status="PASS" start="2026-07-03T11:22:33.269249" elapsed="0.000832"/>
</kw>
<kw name="Get Length" owner="BuiltIn">
<msg time="2026-07-03T11:22:33.271287" level="INFO">Length is 3.</msg>
<msg time="2026-07-03T11:22:33.271434" level="INFO">${phone_dup_count} = 3</msg>
<var>${phone_dup_count}</var>
<arg>${DUP_PHONE_USERS}</arg>
<doc>Returns and logs the length of the given item as an integer.</doc>
<status status="PASS" start="2026-07-03T11:22:33.270704" elapsed="0.000776"/>
</kw>
<kw name="Get Length" owner="BuiltIn">
<msg time="2026-07-03T11:22:33.272832" level="INFO">Length is 3.</msg>
<msg time="2026-07-03T11:22:33.272980" level="INFO">${both_dup_count} = 3</msg>
<var>${both_dup_count}</var>
<arg>${DUP_BOTH_USERS}</arg>
<doc>Returns and logs the length of the given item as an integer.</doc>
<status status="PASS" start="2026-07-03T11:22:33.272333" elapsed="0.000693"/>
</kw>
<kw name="Get Length" owner="BuiltIn">
<msg time="2026-07-03T11:22:33.273662" level="INFO">Length is 4.</msg>
<msg time="2026-07-03T11:22:33.273730" level="INFO">${email_fail_count} = 4</msg>
<var>${email_fail_count}</var>
<arg>${FAIL_EMAIL_USERS}</arg>
<doc>Returns and logs the length of the given item as an integer.</doc>
<status status="PASS" start="2026-07-03T11:22:33.273416" elapsed="0.000334"/>
</kw>
<kw name="Get Length" owner="BuiltIn">
<msg time="2026-07-03T11:22:33.274505" level="INFO">Length is 3.</msg>
<msg time="2026-07-03T11:22:33.274633" level="INFO">${phone_fail_count} = 3</msg>
<var>${phone_fail_count}</var>
<arg>${FAIL_PHONE_USERS}</arg>
<doc>Returns and logs the length of the given item as an integer.</doc>
<status status="PASS" start="2026-07-03T11:22:33.274064" elapsed="0.000612"/>
</kw>
<kw name="Get Length" owner="BuiltIn">
<msg time="2026-07-03T11:22:33.275409" level="INFO">Length is 3.</msg>
<msg time="2026-07-03T11:22:33.275536" level="INFO">${both_fail_count} = 3</msg>
<var>${both_fail_count}</var>
<arg>${FAIL_BOTH_USERS}</arg>
<doc>Returns and logs the length of the given item as an integer.</doc>
<status status="PASS" start="2026-07-03T11:22:33.275002" elapsed="0.000577"/>
</kw>
<kw name="Evaluate" owner="BuiltIn">
<msg time="2026-07-03T11:22:33.276274" level="INFO">${skipped_total} = 10</msg>
<var>${skipped_total}</var>
<arg>${email_dup_count} + ${phone_dup_count} + ${both_dup_count}</arg>
<doc>Evaluates the given expression in Python and returns the result.</doc>
<status status="PASS" start="2026-07-03T11:22:33.275913" elapsed="0.000388"/>
</kw>
<kw name="Evaluate" owner="BuiltIn">
<msg time="2026-07-03T11:22:33.276837" level="INFO">${failed_total} = 10</msg>
<var>${failed_total}</var>
<arg>${email_fail_count} + ${phone_fail_count} + ${both_fail_count}</arg>
<doc>Evaluates the given expression in Python and returns the result.</doc>
<status status="PASS" start="2026-07-03T11:22:33.276519" elapsed="0.000342"/>
</kw>
<kw name="Create Dictionary" owner="BuiltIn">
<msg time="2026-07-03T11:22:33.278171" level="INFO">${full_summary} = {'total': 120, 'success': 100, 'failed': 10, 'fail_email': 4, 'fail_phone': 3, 'fail_both': 3, 'skipped': 10, 'duplicate_email': 4, 'duplicate_phone': 3, 'duplicate_both': 3}</msg>
<var>${full_summary}</var>
<arg>total=${excel_summary["total"]}</arg>
<arg>success=${excel_summary["success"]}</arg>
<arg>failed=${failed_total}</arg>
<arg>fail_email=${email_fail_count}</arg>
<arg>fail_phone=${phone_fail_count}</arg>
<arg>fail_both=${both_fail_count}</arg>
<arg>skipped=${skipped_total}</arg>
<arg>duplicate_email=${email_dup_count}</arg>
<arg>duplicate_phone=${phone_dup_count}</arg>
<arg>duplicate_both=${both_dup_count}</arg>
<doc>Creates and returns a dictionary based on the given ``items``.</doc>
<status status="PASS" start="2026-07-03T11:22:33.277047" elapsed="0.001150"/>
</kw>
<kw name="Log To Console" owner="BuiltIn">
<arg>\n📊 สรุปผลทั้งหมด: ${full_summary}</arg>
<doc>Logs the given message to the console.</doc>
<status status="PASS" start="2026-07-03T11:22:33.278393" elapsed="0.000355"/>
</kw>
<kw name="Log To Console" owner="BuiltIn">
<arg>📧 อีเมลซ้ำ: ${full_summary["duplicate_email"]} ราย</arg>
<doc>Logs the given message to the console.</doc>
<status status="PASS" start="2026-07-03T11:22:33.279209" elapsed="0.001227"/>
</kw>
<kw name="Log To Console" owner="BuiltIn">
<arg>📱 เบอร์โทรซ้ำ: ${full_summary["duplicate_phone"]} ราย</arg>
<doc>Logs the given message to the console.</doc>
<status status="PASS" start="2026-07-03T11:22:33.280763" elapsed="0.001311"/>
</kw>
<kw name="Log To Console" owner="BuiltIn">
<arg>📧📱 อีเมลและเบอร์โทรซ้ำ: ${full_summary["duplicate_both"]} ราย</arg>
<doc>Logs the given message to the console.</doc>
<status status="PASS" start="2026-07-03T11:22:33.282646" elapsed="0.001356"/>
</kw>
<kw name="Log To Console" owner="BuiltIn">
<arg>-----------------------------------------------------------</arg>
<doc>Logs the given message to the console.</doc>
<status status="PASS" start="2026-07-03T11:22:33.284264" elapsed="0.000287"/>
</kw>
<kw name="Log To Console" owner="BuiltIn">
<arg>📧 อีเมลล้มเหลว: ${full_summary["fail_email"]} ราย</arg>
<doc>Logs the given message to the console.</doc>
<status status="PASS" start="2026-07-03T11:22:33.284860" elapsed="0.000613"/>
</kw>
<kw name="Log To Console" owner="BuiltIn">
<arg>📱 เบอร์โทรซ้มเหลว: ${full_summary["fail_phone"]} ราย</arg>
<doc>Logs the given message to the console.</doc>
<status status="PASS" start="2026-07-03T11:22:33.285677" elapsed="0.000522"/>
</kw>
<kw name="Log To Console" owner="BuiltIn">
<arg>📧📱 อีเมลและเบอร์โทรล้มเหลว: ${full_summary["fail_both"]} ราย</arg>
<doc>Logs the given message to the console.</doc>
<status status="PASS" start="2026-07-03T11:22:33.286358" elapsed="0.000490"/>
</kw>
<kw name="Call Method" owner="BuiltIn">
<msg time="2026-07-03T11:22:33.287239" level="INFO">${duplicate_report} = 📧 อีเมลซ้ำ (4 ราย):
   1. dup_1_psgjjn358 (txmpyfyt@test.com)
   2. dup_4_jlgsit253 (rhgkadyv@test.com)
   3. dup_7_xawvvo438 (udwtrqmy@test.com)
   4. dup_10_fqizii267 (yytcumwl@test.com)

📱 เบอร์โทร...</msg>
<var>${duplicate_report}</var>
<arg>${processor}</arg>
<arg>get_duplicate_report</arg>
<doc>Calls the named method of the given object with the provided arguments.</doc>
<status status="PASS" start="2026-07-03T11:22:33.286998" elapsed="0.000266"/>
</kw>
<kw name="Call Method" owner="BuiltIn">
<msg time="2026-07-03T11:22:33.288338" level="INFO">${fail_report} = 📧 อีเมลล้มเหลว (4 ราย):
   1. fail_email_1_khzv (test@test)
   2. fail_email_4_aigq (test@test)
   3. fail_email_7_nnxk (test@test.c)
   4. fail_email_10_gdve (@test.com)

📱 เบอร์โทรล้มเหลว (3 ราย):
 ...</msg>
<var>${fail_report}</var>
<arg>${processor}</arg>
<arg>get_fail_report</arg>
<doc>Calls the named method of the given object with the provided arguments.</doc>
<status status="PASS" start="2026-07-03T11:22:33.287704" elapsed="0.000735"/>
</kw>
<kw name="Log To Console" owner="BuiltIn">
<arg>📋 รายงานข้อมูลซ้ำ:\n${duplicate_report}</arg>
<doc>Logs the given message to the console.</doc>
<status status="PASS" start="2026-07-03T11:22:33.288788" elapsed="0.000645"/>
</kw>
<kw name="Log To Console" owner="BuiltIn">
<arg>📋 รายงานข้อมูลล้มเหลว:\n${fail_report}</arg>
<doc>Logs the given message to the console.</doc>
<status status="PASS" start="2026-07-03T11:22:33.289832" elapsed="0.000620"/>
</kw>
<kw name="Get Environment Variable" owner="OperatingSystem">
<msg time="2026-07-03T11:22:33.290850" level="INFO">${recipient} = ar0816250183@gmail.com</msg>
<var>${recipient}</var>
<arg>RECIPIENT_EMAIL</arg>
<arg>default=ar0816250183@gmail.com</arg>
<doc>Returns the value of an environment variable with the given name.</doc>
<status status="PASS" start="2026-07-03T11:22:33.290680" elapsed="0.000193"/>
</kw>
<kw name="Call Method" owner="BuiltIn">
<msg time="2026-07-03T11:22:34.558882" level="INFO">✅ ส่งอีเมลถึง ar0816250183@gmail.com สำเร็จ</msg>
<msg time="2026-07-03T11:22:34.559229" level="INFO">${email_result} = True</msg>
<var>${email_result}</var>
<arg>${processor}</arg>
<arg>send_email_report</arg>
<arg>${recipient}</arg>
<arg>${full_summary}</arg>
<arg>${DB_RESULTS}</arg>
<arg>${duplicate_report}</arg>
<arg>${fail_report}</arg>
<doc>Calls the named method of the given object with the provided arguments.</doc>
<status status="PASS" start="2026-07-03T11:22:33.291049" elapsed="1.268263"/>
</kw>
<if>
<branch type="IF" condition="${email_result} == True">
<kw name="Log To Console" owner="BuiltIn">
<arg>📧 ส่งอีเมลสำเร็จถึง: ${recipient}</arg>
<doc>Logs the given message to the console.</doc>
<status status="PASS" start="2026-07-03T11:22:34.561096" elapsed="0.001354"/>
</kw>
<status status="PASS" start="2026-07-03T11:22:34.560282" elapsed="0.002346"/>
</branch>
<branch type="ELSE">
<kw name="Log To Console" owner="BuiltIn">
<arg>⚠️ ส่งอีเมลล้มเหลว (ตรวจสอบ credentials.json)</arg>
<doc>Logs the given message to the console.</doc>
<status status="NOT RUN" start="2026-07-03T11:22:34.563111" elapsed="0.000074"/>
</kw>
<status status="NOT RUN" start="2026-07-03T11:22:34.562776" elapsed="0.000525"/>
</branch>
<status status="PASS" start="2026-07-03T11:22:34.560171" elapsed="0.003231"/>
</if>
<kw name="Log To Console" owner="BuiltIn">
<arg>================================</arg>
<doc>Logs the given message to the console.</doc>
<status status="PASS" start="2026-07-03T11:22:34.563864" elapsed="0.000792"/>
</kw>
<kw name="Log To Console" owner="BuiltIn">
<arg>🎉 เสร็จสิ้น!</arg>
<doc>Logs the given message to the console.</doc>
<status status="PASS" start="2026-07-03T11:22:34.567884" elapsed="0.000879"/>
</kw>
<kw name="Log To Console" owner="BuiltIn">
<arg>📁 ${EXCEL_OUTPUT}</arg>
<doc>Logs the given message to the console.</doc>
<status status="PASS" start="2026-07-03T11:22:34.569837" elapsed="0.001304"/>
</kw>
<kw name="Log To Console" owner="BuiltIn">
<arg>📊 SQLite: users.db</arg>
<doc>Logs the given message to the console.</doc>
<status status="PASS" start="2026-07-03T11:22:34.571723" elapsed="0.000834"/>
</kw>
<kw name="Log To Console" owner="BuiltIn">
<arg>================================</arg>
<doc>Logs the given message to the console.</doc>
<status status="PASS" start="2026-07-03T11:22:34.573023" elapsed="0.000749"/>
</kw>
<doc>อ่าน Excel -&gt; ตรวจสอบ -&gt; กรอกฟอร์ม -&gt; บันทึก DB -&gt; ส่ง Gmail</doc>
<status status="PASS" start="2026-07-03T11:21:51.975993" elapsed="42.598285"/>
</test>
<doc>ระบบสมัครสมาชิกอัตโนมัติ (Excel + Web + Database + Gmail OAuth)
วิธีใช้: robot register_users_gmail.robot
ต้องการ: credentials.json, token.pickle, users.xlsx</doc>
<status status="PASS" start="2026-07-03T11:21:51.126373" elapsed="43.449647"/>
</suite>
<statistics>
<total>
<stat pass="1" fail="0" skip="0">All Tests</stat>
</total>
<tag>
</tag>
<suite>
<stat name="Register Users Gmail" id="s1" pass="1" fail="0" skip="0">Register Users Gmail</stat>
</suite>
</statistics>
<errors>
</errors>
</robot>
