<?xml version="1.0" encoding="UTF-8"?>
<robot generator="Robot 7.4.2 (Python 3.14.5 on win32)" generated="2026-06-26T18:54:27.552321" rpa="false" schemaversion="5">
<suite id="s1" name="Register Users Gmail" source="C:\spc\register_users_gmail.robot">
<test id="s1-t1" name="สมัครสมาชิกและส่งรายงานทาง Gmail OAuth" line="20">
<kw name="Evaluate" owner="BuiltIn">
<msg time="2026-06-26T18:54:28.425305" level="INFO">✅ Database ready
⚠️ ไม่พบไฟล์ credentials.json ที่ credentials.json
⚠️ ไม่พบไฟล์ token.pickle ที่ token.pickle</msg>
<msg time="2026-06-26T18:54:28.425417" level="INFO">${processor} = &lt;DataProcessor_email.DataProcessor object at 0x00000161EA244050&gt;</msg>
<var>${processor}</var>
<arg>__import__("DataProcessor_email").DataProcessor("${EXCEL_INPUT}")</arg>
<doc>Evaluates the given expression in Python and returns the result.</doc>
<status status="PASS" start="2026-06-26T18:54:28.424142" elapsed="0.001303"/>
</kw>
<kw name="Call Method" owner="BuiltIn">
<msg time="2026-06-26T18:54:28.429213" level="INFO">file_cache is only supported with oauth2client&lt;4.0.0</msg>
<msg time="2026-06-26T18:54:28.430897" level="INFO">✅ Gmail API (OAuth) พร้อมใช้งาน
   📁 credentials: C:\secrets\credentials.json
   📁 token: C:\secrets\token.pickle
✅ Gmail OAuth พร้อมใช้งาน</msg>
<msg time="2026-06-26T18:54:28.431039" level="INFO">${gmail} = &lt;gmail_oauth.GmailOAuth object at 0x00000161EA0E3380&gt;</msg>
<var>${gmail}</var>
<arg>${processor}</arg>
<arg>init_gmail</arg>
<arg>credentials.json</arg>
<arg>token.pickle</arg>
<doc>Calls the named method of the given object with the provided arguments.</doc>
<status status="PASS" start="2026-06-26T18:54:28.425811" elapsed="0.005255"/>
</kw>
<kw name="Call Method" owner="BuiltIn">
<msg time="2026-06-26T18:54:28.468116" level="INFO">✅ อ่านข้อมูลจาก users_dup.xlsx สำเร็จ (25 รายการ)
✅ ตรวจสอบข้อมูลสำเร็จ: ผ่าน 20 รายการ, อีเมลซ้ำ 2 รายการ, เบอร์โทรซ้ำ 2 รายการ, อีเมลและเบอร์โทรซช้ำ 1 รายการ</msg>
<msg time="2026-06-26T18:54:28.468337" level="INFO">${result} = {'clean_data': [{'username': 'kbxwdh568', 'email': 'fordziju@test.com', 'phone': '0847462505'}, {'username': 'uiwvfk834', 'email': 'juctdklg@test.com', 'phone': '0868803860'}, {'username': 'izgyot795'...</msg>
<var>${result}</var>
<arg>${processor}</arg>
<arg>process_data</arg>
<doc>Calls the named method of the given object with the provided arguments.</doc>
<status status="PASS" start="2026-06-26T18:54:28.431396" elapsed="0.036981"/>
</kw>
<kw name="Set Variable" owner="BuiltIn">
<msg time="2026-06-26T18:54:28.469720" level="INFO">@{CLEAN_USERS} = [ {'username': 'kbxwdh568', 'email': 'fordziju@test.com', 'phone': '0847462505'} | {'username': 'uiwvfk834', 'email': 'juctdklg@test.com', 'phone': '0868803860'} | {'username': 'izgyot795', 'email': '...</msg>
<var>@{CLEAN_USERS}</var>
<arg>${result["clean_data"]}</arg>
<doc>Returns the given values which can then be assigned to a variables.</doc>
<status status="PASS" start="2026-06-26T18:54:28.468874" elapsed="0.000888"/>
</kw>
<kw name="Set Variable" owner="BuiltIn">
<msg time="2026-06-26T18:54:28.470960" level="INFO">@{DUP_EMAIL_USERS} = [ {'username': 'dup_1_buqvfm237', 'email': 'lqzwwdzj@test.com', 'phone': '0801184622'} | {'username': 'dup_4_rmkpoq831', 'email': 'azogtqvj@test.com', 'phone': '0817129696'} ]</msg>
<var>@{DUP_EMAIL_USERS}</var>
<arg>${result["duplicate_email"]}</arg>
<doc>Returns the given values which can then be assigned to a variables.</doc>
<status status="PASS" start="2026-06-26T18:54:28.470308" elapsed="0.000686"/>
</kw>
<kw name="Set Variable" owner="BuiltIn">
<msg time="2026-06-26T18:54:28.471898" level="INFO">@{DUP_PHONE_USERS} = [ {'username': 'dup_2_lqjmqe188', 'email': 'dup_new_2@test.com', 'phone': '0893420268'} | {'username': 'dup_5_vstvki406', 'email': 'dup_new_5@test.com', 'phone': '0813654359'} ]</msg>
<var>@{DUP_PHONE_USERS}</var>
<arg>${result["duplicate_phone"]}</arg>
<doc>Returns the given values which can then be assigned to a variables.</doc>
<status status="PASS" start="2026-06-26T18:54:28.471333" elapsed="0.000595"/>
</kw>
<kw name="Set Variable" owner="BuiltIn">
<msg time="2026-06-26T18:54:28.472745" level="INFO">@{DUP_BOTH_USERS} = [ {'username': 'dup_3_yllsoz123', 'email': 'mqbcksdg@test.com', 'phone': '0833911838'} ]</msg>
<var>@{DUP_BOTH_USERS}</var>
<arg>${result["duplicate_both"]}</arg>
<doc>Returns the given values which can then be assigned to a variables.</doc>
<status status="PASS" start="2026-06-26T18:54:28.472240" elapsed="0.000533"/>
</kw>
<kw name="Log To Console" owner="BuiltIn">
<arg>\n📊 อ่านข้อมูลจาก ${EXCEL_INPUT}</arg>
<doc>Logs the given message to the console.</doc>
<status status="PASS" start="2026-06-26T18:54:28.473099" elapsed="0.000521"/>
</kw>
<kw name="Log To Console" owner="BuiltIn">
<arg>✅ ข้อมูลผ่าน: ${CLEAN_USERS.__len__()} ราย</arg>
<doc>Logs the given message to the console.</doc>
<status status="PASS" start="2026-06-26T18:54:28.473910" elapsed="0.000755"/>
</kw>
<kw name="Log To Console" owner="BuiltIn">
<arg>⚠️ อีเมลซ้ำ: ${DUP_EMAIL_USERS.__len__()} ราย</arg>
<doc>Logs the given message to the console.</doc>
<status status="PASS" start="2026-06-26T18:54:28.475202" elapsed="0.000644"/>
</kw>
<kw name="Log To Console" owner="BuiltIn">
<arg>⚠️ เบอร์โทรซ้ำ: ${DUP_PHONE_USERS.__len__()} ราย</arg>
<doc>Logs the given message to the console.</doc>
<status status="PASS" start="2026-06-26T18:54:28.476192" elapsed="0.001462"/>
</kw>
<kw name="Log To Console" owner="BuiltIn">
<arg>⚠️ อีเมลซ้ำและเบอร์โทรซ้ำ: ${DUP_BOTH_USERS.__len__()} ราย</arg>
<doc>Logs the given message to the console.</doc>
<status status="PASS" start="2026-06-26T18:54:28.478127" elapsed="0.000722"/>
</kw>
<kw name="Open Browser" owner="SeleniumLibrary">
<msg time="2026-06-26T18:54:28.480422" level="INFO">Opening browser 'chrome' to base url 'http://localhost/register'.</msg>
<arg>${REGISTER_URL}</arg>
<arg>${BROWSER}</arg>
<doc>Opens a new browser instance to the optional ``url``.</doc>
<status status="PASS" start="2026-06-26T18:54:28.479491" elapsed="1.770949"/>
</kw>
<kw name="Maximize Browser Window" owner="SeleniumLibrary">
<doc>Maximizes current browser window.</doc>
<status status="PASS" start="2026-06-26T18:54:30.251551" elapsed="0.049906"/>
</kw>
<kw name="Create List" owner="BuiltIn">
<msg time="2026-06-26T18:54:30.303927" level="INFO">@{DB_RESULTS} = [ ]</msg>
<var>@{DB_RESULTS}</var>
<doc>Returns a list containing given items.</doc>
<status status="PASS" start="2026-06-26T18:54:30.302684" elapsed="0.001546"/>
</kw>
<kw name="Set Variable" owner="BuiltIn">
<msg time="2026-06-26T18:54:30.307267" level="INFO">${SUCCESS_COUNT} = 0</msg>
<var>${SUCCESS_COUNT}</var>
<arg>${0}</arg>
<doc>Returns the given values which can then be assigned to a variables.</doc>
<status status="PASS" start="2026-06-26T18:54:30.305314" elapsed="0.002082"/>
</kw>
<kw name="Set Variable" owner="BuiltIn">
<msg time="2026-06-26T18:54:30.310038" level="INFO">${FAILED_COUNT} = 0</msg>
<var>${FAILED_COUNT}</var>
<arg>${0}</arg>
<doc>Returns the given values which can then be assigned to a variables.</doc>
<status status="PASS" start="2026-06-26T18:54:30.308290" elapsed="0.001883"/>
</kw>
<for flavor="IN">
<iter>
<try>
<branch type="TRY">
<kw name="Fill Registration Form">
<kw name="Set Variable" owner="BuiltIn">
<msg time="2026-06-26T18:54:30.321269" level="INFO">${username} = kbxwdh568</msg>
<var>${username}</var>
<arg>${user_data["username"]}</arg>
<doc>Returns the given values which can then be assigned to a variables.</doc>
<status status="PASS" start="2026-06-26T18:54:30.318344" elapsed="0.003089"/>
</kw>
<kw name="Set Variable" owner="BuiltIn">
<msg time="2026-06-26T18:54:30.324458" level="INFO">${email} = fordziju@test.com</msg>
<var>${email}</var>
<arg>${user_data["email"]}</arg>
<doc>Returns the given values which can then be assigned to a variables.</doc>
<status status="PASS" start="2026-06-26T18:54:30.322076" elapsed="0.002507"/>
</kw>
<kw name="Set Variable" owner="BuiltIn">
<msg time="2026-06-26T18:54:30.326930" level="INFO">${phone} = 0847462505</msg>
<var>${phone}</var>
<arg>${user_data["phone"]}</arg>
<doc>Returns the given values which can then be assigned to a variables.</doc>
<status status="PASS" start="2026-06-26T18:54:30.325083" elapsed="0.001959"/>
</kw>
<kw name="Input Text" owner="SeleniumLibrary">
<msg time="2026-06-26T18:54:30.329064" level="INFO">Typing text 'kbxwdh568' into text field 'id:username'.</msg>
<arg>id:username</arg>
<arg>${username}</arg>
<doc>Types the given ``text`` into the text field identified by ``locator``.</doc>
<status status="PASS" start="2026-06-26T18:54:30.327482" elapsed="0.458990"/>
</kw>
<kw name="Input Text" owner="SeleniumLibrary">
<msg time="2026-06-26T18:54:30.788215" level="INFO">Typing text 'fordziju@test.com' into text field 'id:email'.</msg>
<arg>id:email</arg>
<arg>${email}</arg>
<doc>Types the given ``text`` into the text field identified by ``locator``.</doc>
<status status="PASS" start="2026-06-26T18:54:30.787091" elapsed="0.201500"/>
</kw>
<kw name="Input Text" owner="SeleniumLibrary">
<msg time="2026-06-26T18:54:30.989838" level="INFO">Typing text '0847462505' into text field 'id:phone'.</msg>
<arg>id:phone</arg>
<arg>${phone}</arg>
<doc>Types the given ``text`` into the text field identified by ``locator``.</doc>
<status status="PASS" start="2026-06-26T18:54:30.989079" elapsed="0.217104"/>
</kw>
<kw name="Click Button" owner="SeleniumLibrary">
<msg time="2026-06-26T18:54:31.207361" level="INFO">Clicking button 'id:register_btn'.</msg>
<arg>id:register_btn</arg>
<doc>Clicks the button identified by ``locator``.</doc>
<status status="PASS" start="2026-06-26T18:54:31.206718" elapsed="0.166335"/>
</kw>
<kw name="Wait Until Page Contains" owner="SeleniumLibrary">
<arg>Registration successful!</arg>
<arg>timeout=5s</arg>
<doc>Waits until ``text`` appears on the current page.</doc>
<status status="PASS" start="2026-06-26T18:54:31.373615" elapsed="0.025465"/>
</kw>
<kw name="Log To Console" owner="BuiltIn">
<arg>✅ ${username} - สมัครสำเร็จ</arg>
<doc>Logs the given message to the console.</doc>
<status status="PASS" start="2026-06-26T18:54:31.399447" elapsed="0.001038"/>
</kw>
<return>
<value>SUCCESS</value>
<status status="PASS" start="2026-06-26T18:54:31.400704" elapsed="0.000141"/>
</return>
<msg time="2026-06-26T18:54:31.401163" level="INFO">${status} = SUCCESS</msg>
<var>${status}</var>
<arg>${user}</arg>
<doc>กรอกฟอร์มด้วยข้อมูลผู้ใช้</doc>
<status status="PASS" start="2026-06-26T18:54:30.314665" elapsed="1.086559"/>
</kw>
<kw name="Evaluate" owner="BuiltIn">
<msg time="2026-06-26T18:54:31.402317" level="INFO">${SUCCESS_COUNT} = 1</msg>
<var>${SUCCESS_COUNT}</var>
<arg>${SUCCESS_COUNT} + 1</arg>
<doc>Evaluates the given expression in Python and returns the result.</doc>
<status status="PASS" start="2026-06-26T18:54:31.401495" elapsed="0.000890"/>
</kw>
<status status="PASS" start="2026-06-26T18:54:30.313760" elapsed="1.088746"/>
</branch>
<branch type="EXCEPT" assign="${error}">
<kw name="Log To Console" owner="BuiltIn">
<arg>\n🚨 [WEB ERROR] สมัครสมาชิกล้มเหลวสำหรับคุณ ${user["username"]}: ${error}</arg>
<doc>Logs the given message to the console.</doc>
<status status="NOT RUN" start="2026-06-26T18:54:31.402933" elapsed="0.000065"/>
</kw>
<kw name="Set Variable" owner="BuiltIn">
<var>${status}</var>
<arg>FAILED</arg>
<doc>Returns the given values which can then be assigned to a variables.</doc>
<status status="NOT RUN" start="2026-06-26T18:54:31.403217" elapsed="0.000060"/>
</kw>
<kw name="Evaluate" owner="BuiltIn">
<var>${FAILED_COUNT}</var>
<arg>${FAILED_COUNT} + 1</arg>
<doc>Evaluates the given expression in Python and returns the result.</doc>
<status status="NOT RUN" start="2026-06-26T18:54:31.403478" elapsed="0.000058"/>
</kw>
<kw name="Go To" owner="SeleniumLibrary">
<arg>${REGISTER_URL}</arg>
<doc>Navigates the current browser window to the provided ``url``.</doc>
<status status="NOT RUN" start="2026-06-26T18:54:31.403748" elapsed="0.000057"/>
</kw>
<status status="NOT RUN" start="2026-06-26T18:54:31.402688" elapsed="0.001204"/>
</branch>
<status status="PASS" start="2026-06-26T18:54:30.313586" elapsed="1.090453"/>
</try>
<kw name="Create Dictionary" owner="BuiltIn">
<msg time="2026-06-26T18:54:31.407672" level="INFO">${entry} = {'username': 'kbxwdh568', 'email': 'fordziju@test.com', 'phone': '0847462505', 'status': 'SUCCESS'}</msg>
<var>${entry}</var>
<arg>username=${user["username"]}</arg>
<arg>email=${user["email"]}</arg>
<arg>phone=${user["phone"]}</arg>
<arg>status=${status}</arg>
<doc>Creates and returns a dictionary based on the given ``items``.</doc>
<status status="PASS" start="2026-06-26T18:54:31.404256" elapsed="0.003534"/>
</kw>
<kw name="Append To List" owner="Collections">
<arg>${DB_RESULTS}</arg>
<arg>${entry}</arg>
<doc>Adds ``values`` to the end of ``list``.</doc>
<status status="PASS" start="2026-06-26T18:54:31.408101" elapsed="0.000488"/>
</kw>
<var name="${user}">{'username': 'kbxwdh568', 'email': 'fordziju@test.com', 'phone': '0847462505'}</var>
<status status="PASS" start="2026-06-26T18:54:30.313303" elapsed="1.095390"/>
</iter>
<iter>
<try>
<branch type="TRY">
<kw name="Fill Registration Form">
<kw name="Set Variable" owner="BuiltIn">
<msg time="2026-06-26T18:54:31.412233" level="INFO">${username} = uiwvfk834</msg>
<var>${username}</var>
<arg>${user_data["username"]}</arg>
<doc>Returns the given values which can then be assigned to a variables.</doc>
<status status="PASS" start="2026-06-26T18:54:31.410294" elapsed="0.002022"/>
</kw>
<kw name="Set Variable" owner="BuiltIn">
<msg time="2026-06-26T18:54:31.414213" level="INFO">${email} = juctdklg@test.com</msg>
<var>${email}</var>
<arg>${user_data["email"]}</arg>
<doc>Returns the given values which can then be assigned to a variables.</doc>
<status status="PASS" start="2026-06-26T18:54:31.412601" elapsed="0.001703"/>
</kw>
<kw name="Set Variable" owner="BuiltIn">
<msg time="2026-06-26T18:54:31.416287" level="INFO">${phone} = 0868803860</msg>
<var>${phone}</var>
<arg>${user_data["phone"]}</arg>
<doc>Returns the given values which can then be assigned to a variables.</doc>
<status status="PASS" start="2026-06-26T18:54:31.414723" elapsed="0.001652"/>
</kw>
<kw name="Input Text" owner="SeleniumLibrary">
<msg time="2026-06-26T18:54:31.417235" level="INFO">Typing text 'uiwvfk834' into text field 'id:username'.</msg>
<arg>id:username</arg>
<arg>${username}</arg>
<doc>Types the given ``text`` into the text field identified by ``locator``.</doc>
<status status="PASS" start="2026-06-26T18:54:31.416694" elapsed="0.121526"/>
</kw>
<kw name="Input Text" owner="SeleniumLibrary">
<msg time="2026-06-26T18:54:31.539134" level="INFO">Typing text 'juctdklg@test.com' into text field 'id:email'.</msg>
<arg>id:email</arg>
<arg>${email}</arg>
<doc>Types the given ``text`` into the text field identified by ``locator``.</doc>
<status status="PASS" start="2026-06-26T18:54:31.538584" elapsed="0.104998"/>
</kw>
<kw name="Input Text" owner="SeleniumLibrary">
<msg time="2026-06-26T18:54:31.644852" level="INFO">Typing text '0868803860' into text field 'id:phone'.</msg>
<arg>id:phone</arg>
<arg>${phone}</arg>
<doc>Types the given ``text`` into the text field identified by ``locator``.</doc>
<status status="PASS" start="2026-06-26T18:54:31.643962" elapsed="0.096600"/>
</kw>
<kw name="Click Button" owner="SeleniumLibrary">
<msg time="2026-06-26T18:54:31.741342" level="INFO">Clicking button 'id:register_btn'.</msg>
<arg>id:register_btn</arg>
<doc>Clicks the button identified by ``locator``.</doc>
<status status="PASS" start="2026-06-26T18:54:31.740906" elapsed="0.067077"/>
</kw>
<kw name="Wait Until Page Contains" owner="SeleniumLibrary">
<arg>Registration successful!</arg>
<arg>timeout=5s</arg>
<doc>Waits until ``text`` appears on the current page.</doc>
<status status="PASS" start="2026-06-26T18:54:31.808259" elapsed="0.008252"/>
</kw>
<kw name="Log To Console" owner="BuiltIn">
<arg>✅ ${username} - สมัครสำเร็จ</arg>
<doc>Logs the given message to the console.</doc>
<status status="PASS" start="2026-06-26T18:54:31.816797" elapsed="0.000754"/>
</kw>
<return>
<value>SUCCESS</value>
<status status="PASS" start="2026-06-26T18:54:31.817878" elapsed="0.000104"/>
</return>
<msg time="2026-06-26T18:54:31.818232" level="INFO">${status} = SUCCESS</msg>
<var>${status}</var>
<arg>${user}</arg>
<doc>กรอกฟอร์มด้วยข้อมูลผู้ใช้</doc>
<status status="PASS" start="2026-06-26T18:54:31.409729" elapsed="0.408550"/>
</kw>
<kw name="Evaluate" owner="BuiltIn">
<msg time="2026-06-26T18:54:31.819158" level="INFO">${SUCCESS_COUNT} = 2</msg>
<var>${SUCCESS_COUNT}</var>
<arg>${SUCCESS_COUNT} + 1</arg>
<doc>Evaluates the given expression in Python and returns the result.</doc>
<status status="PASS" start="2026-06-26T18:54:31.818491" elapsed="0.000709"/>
</kw>
<status status="PASS" start="2026-06-26T18:54:31.409314" elapsed="0.409975"/>
</branch>
<branch type="EXCEPT" assign="${error}">
<kw name="Log To Console" owner="BuiltIn">
<arg>\n🚨 [WEB ERROR] สมัครสมาชิกล้มเหลวสำหรับคุณ ${user["username"]}: ${error}</arg>
<doc>Logs the given message to the console.</doc>
<status status="NOT RUN" start="2026-06-26T18:54:31.819604" elapsed="0.000040"/>
</kw>
<kw name="Set Variable" owner="BuiltIn">
<var>${status}</var>
<arg>FAILED</arg>
<doc>Returns the given values which can then be assigned to a variables.</doc>
<status status="NOT RUN" start="2026-06-26T18:54:31.819921" elapsed="0.000062"/>
</kw>
<kw name="Evaluate" owner="BuiltIn">
<var>${FAILED_COUNT}</var>
<arg>${FAILED_COUNT} + 1</arg>
<doc>Evaluates the given expression in Python and returns the result.</doc>
<status status="NOT RUN" start="2026-06-26T18:54:31.820188" elapsed="0.000208"/>
</kw>
<kw name="Go To" owner="SeleniumLibrary">
<arg>${REGISTER_URL}</arg>
<doc>Navigates the current browser window to the provided ``url``.</doc>
<status status="NOT RUN" start="2026-06-26T18:54:31.820618" elapsed="0.000057"/>
</kw>
<status status="NOT RUN" start="2026-06-26T18:54:31.819389" elapsed="0.001369"/>
</branch>
<status status="PASS" start="2026-06-26T18:54:31.409253" elapsed="0.411616"/>
</try>
<kw name="Create Dictionary" owner="BuiltIn">
<msg time="2026-06-26T18:54:31.824063" level="INFO">${entry} = {'username': 'uiwvfk834', 'email': 'juctdklg@test.com', 'phone': '0868803860', 'status': 'SUCCESS'}</msg>
<var>${entry}</var>
<arg>username=${user["username"]}</arg>
<arg>email=${user["email"]}</arg>
<arg>phone=${user["phone"]}</arg>
<arg>status=${status}</arg>
<doc>Creates and returns a dictionary based on the given ``items``.</doc>
<status status="PASS" start="2026-06-26T18:54:31.821072" elapsed="0.003073"/>
</kw>
<kw name="Append To List" owner="Collections">
<arg>${DB_RESULTS}</arg>
<arg>${entry}</arg>
<doc>Adds ``values`` to the end of ``list``.</doc>
<status status="PASS" start="2026-06-26T18:54:31.824450" elapsed="0.000601"/>
</kw>
<var name="${user}">{'username': 'uiwvfk834', 'email': 'juctdklg@test.com', 'phone': '0868803860'}</var>
<status status="PASS" start="2026-06-26T18:54:31.409151" elapsed="0.416018"/>
</iter>
<iter>
<try>
<branch type="TRY">
<kw name="Fill Registration Form">
<kw name="Set Variable" owner="BuiltIn">
<msg time="2026-06-26T18:54:31.828385" level="INFO">${username} = izgyot795</msg>
<var>${username}</var>
<arg>${user_data["username"]}</arg>
<doc>Returns the given values which can then be assigned to a variables.</doc>
<status status="PASS" start="2026-06-26T18:54:31.826876" elapsed="0.001555"/>
</kw>
<kw name="Set Variable" owner="BuiltIn">
<msg time="2026-06-26T18:54:31.829246" level="INFO">${email} = jjtqtfsq@test.com</msg>
<var>${email}</var>
<arg>${user_data["email"]}</arg>
<doc>Returns the given values which can then be assigned to a variables.</doc>
<status status="PASS" start="2026-06-26T18:54:31.828589" elapsed="0.000695"/>
</kw>
<kw name="Set Variable" owner="BuiltIn">
<msg time="2026-06-26T18:54:31.830001" level="INFO">${phone} = 0855614219</msg>
<var>${phone}</var>
<arg>${user_data["phone"]}</arg>
<doc>Returns the given values which can then be assigned to a variables.</doc>
<status status="PASS" start="2026-06-26T18:54:31.829416" elapsed="0.000620"/>
</kw>
<kw name="Input Text" owner="SeleniumLibrary">
<msg time="2026-06-26T18:54:31.830604" level="INFO">Typing text 'izgyot795' into text field 'id:username'.</msg>
<arg>id:username</arg>
<arg>${username}</arg>
<doc>Types the given ``text`` into the text field identified by ``locator``.</doc>
<status status="PASS" start="2026-06-26T18:54:31.830174" elapsed="0.197592"/>
</kw>
<kw name="Input Text" owner="SeleniumLibrary">
<msg time="2026-06-26T18:54:32.030491" level="INFO">Typing text 'jjtqtfsq@test.com' into text field 'id:email'.</msg>
<arg>id:email</arg>
<arg>${email}</arg>
<doc>Types the given ``text`` into the text field identified by ``locator``.</doc>
<status status="PASS" start="2026-06-26T18:54:32.029115" elapsed="0.317329"/>
</kw>
<kw name="Input Text" owner="SeleniumLibrary">
<msg time="2026-06-26T18:54:32.348771" level="INFO">Typing text '0855614219' into text field 'id:phone'.</msg>
<arg>id:phone</arg>
<arg>${phone}</arg>
<doc>Types the given ``text`` into the text field identified by ``locator``.</doc>
<status status="PASS" start="2026-06-26T18:54:32.347092" elapsed="0.154591"/>
</kw>
<kw name="Click Button" owner="SeleniumLibrary">
<msg time="2026-06-26T18:54:32.503358" level="INFO">Clicking button 'id:register_btn'.</msg>
<arg>id:register_btn</arg>
<doc>Clicks the button identified by ``locator``.</doc>
<status status="PASS" start="2026-06-26T18:54:32.502405" elapsed="0.100598"/>
</kw>
<kw name="Wait Until Page Contains" owner="SeleniumLibrary">
<arg>Registration successful!</arg>
<arg>timeout=5s</arg>
<doc>Waits until ``text`` appears on the current page.</doc>
<status status="PASS" start="2026-06-26T18:54:32.603432" elapsed="0.017776"/>
</kw>
<kw name="Log To Console" owner="BuiltIn">
<arg>✅ ${username} - สมัครสำเร็จ</arg>
<doc>Logs the given message to the console.</doc>
<status status="PASS" start="2026-06-26T18:54:32.621592" elapsed="0.002676"/>
</kw>
<return>
<value>SUCCESS</value>
<status status="PASS" start="2026-06-26T18:54:32.624499" elapsed="0.000120"/>
</return>
<msg time="2026-06-26T18:54:32.625135" level="INFO">${status} = SUCCESS</msg>
<var>${status}</var>
<arg>${user}</arg>
<doc>กรอกฟอร์มด้วยข้อมูลผู้ใช้</doc>
<status status="PASS" start="2026-06-26T18:54:31.826305" elapsed="0.798905"/>
</kw>
<kw name="Evaluate" owner="BuiltIn">
<msg time="2026-06-26T18:54:32.626983" level="INFO">${SUCCESS_COUNT} = 3</msg>
<var>${SUCCESS_COUNT}</var>
<arg>${SUCCESS_COUNT} + 1</arg>
<doc>Evaluates the given expression in Python and returns the result.</doc>
<status status="PASS" start="2026-06-26T18:54:32.625518" elapsed="0.001587"/>
</kw>
<status status="PASS" start="2026-06-26T18:54:31.825894" elapsed="0.801406"/>
</branch>
<branch type="EXCEPT" assign="${error}">
<kw name="Log To Console" owner="BuiltIn">
<arg>\n🚨 [WEB ERROR] สมัครสมาชิกล้มเหลวสำหรับคุณ ${user["username"]}: ${error}</arg>
<doc>Logs the given message to the console.</doc>
<status status="NOT RUN" start="2026-06-26T18:54:32.628214" elapsed="0.000069"/>
</kw>
<kw name="Set Variable" owner="BuiltIn">
<var>${status}</var>
<arg>FAILED</arg>
<doc>Returns the given values which can then be assigned to a variables.</doc>
<status status="NOT RUN" start="2026-06-26T18:54:32.628631" elapsed="0.000170"/>
</kw>
<kw name="Evaluate" owner="BuiltIn">
<var>${FAILED_COUNT}</var>
<arg>${FAILED_COUNT} + 1</arg>
<doc>Evaluates the given expression in Python and returns the result.</doc>
<status status="NOT RUN" start="2026-06-26T18:54:32.629079" elapsed="0.000089"/>
</kw>
<kw name="Go To" owner="SeleniumLibrary">
<arg>${REGISTER_URL}</arg>
<doc>Navigates the current browser window to the provided ``url``.</doc>
<status status="NOT RUN" start="2026-06-26T18:54:32.629469" elapsed="0.000081"/>
</kw>
<status status="NOT RUN" start="2026-06-26T18:54:32.627500" elapsed="0.002115"/>
</branch>
<status status="PASS" start="2026-06-26T18:54:31.825837" elapsed="0.803941"/>
</try>
<kw name="Create Dictionary" owner="BuiltIn">
<msg time="2026-06-26T18:54:32.633684" level="INFO">${entry} = {'username': 'izgyot795', 'email': 'jjtqtfsq@test.com', 'phone': '0855614219', 'status': 'SUCCESS'}</msg>
<var>${entry}</var>
<arg>username=${user["username"]}</arg>
<arg>email=${user["email"]}</arg>
<arg>phone=${user["phone"]}</arg>
<arg>status=${status}</arg>
<doc>Creates and returns a dictionary based on the given ``items``.</doc>
<status status="PASS" start="2026-06-26T18:54:32.630048" elapsed="0.003756"/>
</kw>
<kw name="Append To List" owner="Collections">
<arg>${DB_RESULTS}</arg>
<arg>${entry}</arg>
<doc>Adds ``values`` to the end of ``list``.</doc>
<status status="PASS" start="2026-06-26T18:54:32.634182" elapsed="0.000662"/>
</kw>
<var name="${user}">{'username': 'izgyot795', 'email': 'jjtqtfsq@test.com', 'phone': '0855614219'}</var>
<status status="PASS" start="2026-06-26T18:54:31.825744" elapsed="0.809265"/>
</iter>
<iter>
<try>
<branch type="TRY">
<kw name="Fill Registration Form">
<kw name="Set Variable" owner="BuiltIn">
<msg time="2026-06-26T18:54:32.638118" level="INFO">${username} = vstvki406</msg>
<var>${username}</var>
<arg>${user_data["username"]}</arg>
<doc>Returns the given values which can then be assigned to a variables.</doc>
<status status="PASS" start="2026-06-26T18:54:32.637124" elapsed="0.001057"/>
</kw>
<kw name="Set Variable" owner="BuiltIn">
<msg time="2026-06-26T18:54:32.639355" level="INFO">${email} = sdwgukhv@test.com</msg>
<var>${email}</var>
<arg>${user_data["email"]}</arg>
<doc>Returns the given values which can then be assigned to a variables.</doc>
<status status="PASS" start="2026-06-26T18:54:32.638383" elapsed="0.001072"/>
</kw>
<kw name="Set Variable" owner="BuiltIn">
<msg time="2026-06-26T18:54:32.641647" level="INFO">${phone} = 0813654359</msg>
<var>${phone}</var>
<arg>${user_data["phone"]}</arg>
<doc>Returns the given values which can then be assigned to a variables.</doc>
<status status="PASS" start="2026-06-26T18:54:32.639835" elapsed="0.001926"/>
</kw>
<kw name="Input Text" owner="SeleniumLibrary">
<msg time="2026-06-26T18:54:32.642870" level="INFO">Typing text 'vstvki406' into text field 'id:username'.</msg>
<arg>id:username</arg>
<arg>${username}</arg>
<doc>Types the given ``text`` into the text field identified by ``locator``.</doc>
<status status="PASS" start="2026-06-26T18:54:32.642145" elapsed="0.119953"/>
</kw>
<kw name="Input Text" owner="SeleniumLibrary">
<msg time="2026-06-26T18:54:32.764014" level="INFO">Typing text 'sdwgukhv@test.com' into text field 'id:email'.</msg>
<arg>id:email</arg>
<arg>${email}</arg>
<doc>Types the given ``text`` into the text field identified by ``locator``.</doc>
<status status="PASS" start="2026-06-26T18:54:32.762540" elapsed="0.130819"/>
</kw>
<kw name="Input Text" owner="SeleniumLibrary">
<msg time="2026-06-26T18:54:32.896813" level="INFO">Typing text '0813654359' into text field 'id:phone'.</msg>
<arg>id:phone</arg>
<arg>${phone}</arg>
<doc>Types the given ``text`` into the text field identified by ``locator``.</doc>
<status status="PASS" start="2026-06-26T18:54:32.894831" elapsed="0.125929"/>
</kw>
<kw name="Click Button" owner="SeleniumLibrary">
<msg time="2026-06-26T18:54:33.021364" level="INFO">Clicking button 'id:register_btn'.</msg>
<arg>id:register_btn</arg>
<doc>Clicks the button identified by ``locator``.</doc>
<status status="PASS" start="2026-06-26T18:54:33.021034" elapsed="0.073077"/>
</kw>
<kw name="Wait Until Page Contains" owner="SeleniumLibrary">
<arg>Registration successful!</arg>
<arg>timeout=5s</arg>
<doc>Waits until ``text`` appears on the current page.</doc>
<status status="PASS" start="2026-06-26T18:54:33.094685" elapsed="0.008453"/>
</kw>
<kw name="Log To Console" owner="BuiltIn">
<arg>✅ ${username} - สมัครสำเร็จ</arg>
<doc>Logs the given message to the console.</doc>
<status status="PASS" start="2026-06-26T18:54:33.103367" elapsed="0.000565"/>
</kw>
<return>
<value>SUCCESS</value>
<status status="PASS" start="2026-06-26T18:54:33.104052" elapsed="0.000068"/>
</return>
<msg time="2026-06-26T18:54:33.104287" level="INFO">${status} = SUCCESS</msg>
<var>${status}</var>
<arg>${user}</arg>
<doc>กรอกฟอร์มด้วยข้อมูลผู้ใช้</doc>
<status status="PASS" start="2026-06-26T18:54:32.636257" elapsed="0.468115"/>
</kw>
<kw name="Evaluate" owner="BuiltIn">
<msg time="2026-06-26T18:54:33.105511" level="INFO">${SUCCESS_COUNT} = 4</msg>
<var>${SUCCESS_COUNT}</var>
<arg>${SUCCESS_COUNT} + 1</arg>
<doc>Evaluates the given expression in Python and returns the result.</doc>
<status status="PASS" start="2026-06-26T18:54:33.104654" elapsed="0.000959"/>
</kw>
<status status="PASS" start="2026-06-26T18:54:32.635704" elapsed="0.470035"/>
</branch>
<branch type="EXCEPT" assign="${error}">
<kw name="Log To Console" owner="BuiltIn">
<arg>\n🚨 [WEB ERROR] สมัครสมาชิกล้มเหลวสำหรับคุณ ${user["username"]}: ${error}</arg>
<doc>Logs the given message to the console.</doc>
<status status="NOT RUN" start="2026-06-26T18:54:33.106371" elapsed="0.000063"/>
</kw>
<kw name="Set Variable" owner="BuiltIn">
<var>${status}</var>
<arg>FAILED</arg>
<doc>Returns the given values which can then be assigned to a variables.</doc>
<status status="NOT RUN" start="2026-06-26T18:54:33.106658" elapsed="0.000057"/>
</kw>
<kw name="Evaluate" owner="BuiltIn">
<var>${FAILED_COUNT}</var>
<arg>${FAILED_COUNT} + 1</arg>
<doc>Evaluates the given expression in Python and returns the result.</doc>
<status status="NOT RUN" start="2026-06-26T18:54:33.106907" elapsed="0.000053"/>
</kw>
<kw name="Go To" owner="SeleniumLibrary">
<arg>${REGISTER_URL}</arg>
<doc>Navigates the current browser window to the provided ``url``.</doc>
<status status="NOT RUN" start="2026-06-26T18:54:33.107444" elapsed="0.000142"/>
</kw>
<status status="NOT RUN" start="2026-06-26T18:54:33.106141" elapsed="0.001510"/>
</branch>
<status status="PASS" start="2026-06-26T18:54:32.635630" elapsed="0.472086"/>
</try>
<kw name="Create Dictionary" owner="BuiltIn">
<msg time="2026-06-26T18:54:33.110909" level="INFO">${entry} = {'username': 'vstvki406', 'email': 'sdwgukhv@test.com', 'phone': '0813654359', 'status': 'SUCCESS'}</msg>
<var>${entry}</var>
<arg>username=${user["username"]}</arg>
<arg>email=${user["email"]}</arg>
<arg>phone=${user["phone"]}</arg>
<arg>status=${status}</arg>
<doc>Creates and returns a dictionary based on the given ``items``.</doc>
<status status="PASS" start="2026-06-26T18:54:33.107853" elapsed="0.003140"/>
</kw>
<kw name="Append To List" owner="Collections">
<arg>${DB_RESULTS}</arg>
<arg>${entry}</arg>
<doc>Adds ``values`` to the end of ``list``.</doc>
<status status="PASS" start="2026-06-26T18:54:33.111352" elapsed="0.000319"/>
</kw>
<var name="${user}">{'username': 'vstvki406', 'email': 'sdwgukhv@test.com', 'phone': '0813654359'}</var>
<status status="PASS" start="2026-06-26T18:54:32.635543" elapsed="0.476195"/>
</iter>
<iter>
<try>
<branch type="TRY">
<kw name="Fill Registration Form">
<kw name="Set Variable" owner="BuiltIn">
<msg time="2026-06-26T18:54:33.113092" level="INFO">${username} = xrzczd417</msg>
<var>${username}</var>
<arg>${user_data["username"]}</arg>
<doc>Returns the given values which can then be assigned to a variables.</doc>
<status status="PASS" start="2026-06-26T18:54:33.112539" elapsed="0.000612"/>
</kw>
<kw name="Set Variable" owner="BuiltIn">
<msg time="2026-06-26T18:54:33.113793" level="INFO">${email} = cstrxfwn@test.com</msg>
<var>${email}</var>
<arg>${user_data["email"]}</arg>
<doc>Returns the given values which can then be assigned to a variables.</doc>
<status status="PASS" start="2026-06-26T18:54:33.113265" elapsed="0.000558"/>
</kw>
<kw name="Set Variable" owner="BuiltIn">
<msg time="2026-06-26T18:54:33.114429" level="INFO">${phone} = 0853198277</msg>
<var>${phone}</var>
<arg>${user_data["phone"]}</arg>
<doc>Returns the given values which can then be assigned to a variables.</doc>
<status status="PASS" start="2026-06-26T18:54:33.113931" elapsed="0.000527"/>
</kw>
<kw name="Input Text" owner="SeleniumLibrary">
<msg time="2026-06-26T18:54:33.114980" level="INFO">Typing text 'xrzczd417' into text field 'id:username'.</msg>
<arg>id:username</arg>
<arg>${username}</arg>
<doc>Types the given ``text`` into the text field identified by ``locator``.</doc>
<status status="PASS" start="2026-06-26T18:54:33.114571" elapsed="0.163904"/>
</kw>
<kw name="Input Text" owner="SeleniumLibrary">
<msg time="2026-06-26T18:54:33.280388" level="INFO">Typing text 'cstrxfwn@test.com' into text field 'id:email'.</msg>
<arg>id:email</arg>
<arg>${email}</arg>
<doc>Types the given ``text`` into the text field identified by ``locator``.</doc>
<status status="PASS" start="2026-06-26T18:54:33.279452" elapsed="0.097302"/>
</kw>
<kw name="Input Text" owner="SeleniumLibrary">
<msg time="2026-06-26T18:54:33.378023" level="INFO">Typing text '0853198277' into text field 'id:phone'.</msg>
<arg>id:phone</arg>
<arg>${phone}</arg>
<doc>Types the given ``text`` into the text field identified by ``locator``.</doc>
<status status="PASS" start="2026-06-26T18:54:33.377128" elapsed="0.117374"/>
</kw>
<kw name="Click Button" owner="SeleniumLibrary">
<msg time="2026-06-26T18:54:33.495650" level="INFO">Clicking button 'id:register_btn'.</msg>
<arg>id:register_btn</arg>
<doc>Clicks the button identified by ``locator``.</doc>
<status status="PASS" start="2026-06-26T18:54:33.495115" elapsed="0.077264"/>
</kw>
<kw name="Wait Until Page Contains" owner="SeleniumLibrary">
<arg>Registration successful!</arg>
<arg>timeout=5s</arg>
<doc>Waits until ``text`` appears on the current page.</doc>
<status status="PASS" start="2026-06-26T18:54:33.572609" elapsed="0.021344"/>
</kw>
<kw name="Log To Console" owner="BuiltIn">
<arg>✅ ${username} - สมัครสำเร็จ</arg>
<doc>Logs the given message to the console.</doc>
<status status="PASS" start="2026-06-26T18:54:33.594155" elapsed="0.000992"/>
</kw>
<return>
<value>SUCCESS</value>
<status status="PASS" start="2026-06-26T18:54:33.595260" elapsed="0.000065"/>
</return>
<msg time="2026-06-26T18:54:33.595476" level="INFO">${status} = SUCCESS</msg>
<var>${status}</var>
<arg>${user}</arg>
<doc>กรอกฟอร์มด้วยข้อมูลผู้ใช้</doc>
<status status="PASS" start="2026-06-26T18:54:33.112254" elapsed="0.483252"/>
</kw>
<kw name="Evaluate" owner="BuiltIn">
<msg time="2026-06-26T18:54:33.596141" level="INFO">${SUCCESS_COUNT} = 5</msg>
<var>${SUCCESS_COUNT}</var>
<arg>${SUCCESS_COUNT} + 1</arg>
<doc>Evaluates the given expression in Python and returns the result.</doc>
<status status="PASS" start="2026-06-26T18:54:33.595676" elapsed="0.000498"/>
</kw>
<status status="PASS" start="2026-06-26T18:54:33.112050" elapsed="0.484176"/>
</branch>
<branch type="EXCEPT" assign="${error}">
<kw name="Log To Console" owner="BuiltIn">
<arg>\n🚨 [WEB ERROR] สมัครสมาชิกล้มเหลวสำหรับคุณ ${user["username"]}: ${error}</arg>
<doc>Logs the given message to the console.</doc>
<status status="NOT RUN" start="2026-06-26T18:54:33.596433" elapsed="0.000027"/>
</kw>
<kw name="Set Variable" owner="BuiltIn">
<var>${status}</var>
<arg>FAILED</arg>
<doc>Returns the given values which can then be assigned to a variables.</doc>
<status status="NOT RUN" start="2026-06-26T18:54:33.596550" elapsed="0.000023"/>
</kw>
<kw name="Evaluate" owner="BuiltIn">
<var>${FAILED_COUNT}</var>
<arg>${FAILED_COUNT} + 1</arg>
<doc>Evaluates the given expression in Python and returns the result.</doc>
<status status="NOT RUN" start="2026-06-26T18:54:33.596653" elapsed="0.000020"/>
</kw>
<kw name="Go To" owner="SeleniumLibrary">
<arg>${REGISTER_URL}</arg>
<doc>Navigates the current browser window to the provided ``url``.</doc>
<status status="NOT RUN" start="2026-06-26T18:54:33.596762" elapsed="0.000022"/>
</kw>
<status status="NOT RUN" start="2026-06-26T18:54:33.596299" elapsed="0.000519"/>
</branch>
<status status="PASS" start="2026-06-26T18:54:33.112019" elapsed="0.484845"/>
</try>
<kw name="Create Dictionary" owner="BuiltIn">
<msg time="2026-06-26T18:54:33.598189" level="INFO">${entry} = {'username': 'xrzczd417', 'email': 'cstrxfwn@test.com', 'phone': '0853198277', 'status': 'SUCCESS'}</msg>
<var>${entry}</var>
<arg>username=${user["username"]}</arg>
<arg>email=${user["email"]}</arg>
<arg>phone=${user["phone"]}</arg>
<arg>status=${status}</arg>
<doc>Creates and returns a dictionary based on the given ``items``.</doc>
<status status="PASS" start="2026-06-26T18:54:33.596962" elapsed="0.001260"/>
</kw>
<kw name="Append To List" owner="Collections">
<arg>${DB_RESULTS}</arg>
<arg>${entry}</arg>
<doc>Adds ``values`` to the end of ``list``.</doc>
<status status="PASS" start="2026-06-26T18:54:33.598347" elapsed="0.000181"/>
</kw>
<var name="${user}">{'username': 'xrzczd417', 'email': 'cstrxfwn@test.com', 'phone': '0853198277'}</var>
<status status="PASS" start="2026-06-26T18:54:33.111969" elapsed="0.486662"/>
</iter>
<iter>
<try>
<branch type="TRY">
<kw name="Fill Registration Form">
<kw name="Set Variable" owner="BuiltIn">
<msg time="2026-06-26T18:54:33.601960" level="INFO">${username} = vglush345</msg>
<var>${username}</var>
<arg>${user_data["username"]}</arg>
<doc>Returns the given values which can then be assigned to a variables.</doc>
<status status="PASS" start="2026-06-26T18:54:33.600936" elapsed="0.001052"/>
</kw>
<kw name="Set Variable" owner="BuiltIn">
<msg time="2026-06-26T18:54:33.603213" level="INFO">${email} = qlthfqjz@test.com</msg>
<var>${email}</var>
<arg>${user_data["email"]}</arg>
<doc>Returns the given values which can then be assigned to a variables.</doc>
<status status="PASS" start="2026-06-26T18:54:33.602200" elapsed="0.001081"/>
</kw>
<kw name="Set Variable" owner="BuiltIn">
<msg time="2026-06-26T18:54:33.604760" level="INFO">${phone} = 0845447981</msg>
<var>${phone}</var>
<arg>${user_data["phone"]}</arg>
<doc>Returns the given values which can then be assigned to a variables.</doc>
<status status="PASS" start="2026-06-26T18:54:33.603491" elapsed="0.001344"/>
</kw>
<kw name="Input Text" owner="SeleniumLibrary">
<msg time="2026-06-26T18:54:33.605581" level="INFO">Typing text 'vglush345' into text field 'id:username'.</msg>
<arg>id:username</arg>
<arg>${username}</arg>
<doc>Types the given ``text`` into the text field identified by ``locator``.</doc>
<status status="PASS" start="2026-06-26T18:54:33.605103" elapsed="0.135950"/>
</kw>
<kw name="Input Text" owner="SeleniumLibrary">
<msg time="2026-06-26T18:54:33.741721" level="INFO">Typing text 'qlthfqjz@test.com' into text field 'id:email'.</msg>
<arg>id:email</arg>
<arg>${email}</arg>
<doc>Types the given ``text`` into the text field identified by ``locator``.</doc>
<status status="PASS" start="2026-06-26T18:54:33.741318" elapsed="0.131953"/>
</kw>
<kw name="Input Text" owner="SeleniumLibrary">
<msg time="2026-06-26T18:54:33.874556" level="INFO">Typing text '0845447981' into text field 'id:phone'.</msg>
<arg>id:phone</arg>
<arg>${phone}</arg>
<doc>Types the given ``text`` into the text field identified by ``locator``.</doc>
<status status="PASS" start="2026-06-26T18:54:33.873850" elapsed="0.103103"/>
</kw>
<kw name="Click Button" owner="SeleniumLibrary">
<msg time="2026-06-26T18:54:33.978413" level="INFO">Clicking button 'id:register_btn'.</msg>
<arg>id:register_btn</arg>
<doc>Clicks the button identified by ``locator``.</doc>
<status status="PASS" start="2026-06-26T18:54:33.977390" elapsed="0.076702"/>
</kw>
<kw name="Wait Until Page Contains" owner="SeleniumLibrary">
<arg>Registration successful!</arg>
<arg>timeout=5s</arg>
<doc>Waits until ``text`` appears on the current page.</doc>
<status status="PASS" start="2026-06-26T18:54:34.054389" elapsed="0.010008"/>
</kw>
<kw name="Log To Console" owner="BuiltIn">
<arg>✅ ${username} - สมัครสำเร็จ</arg>
<doc>Logs the given message to the console.</doc>
<status status="PASS" start="2026-06-26T18:54:34.064709" elapsed="0.001425"/>
</kw>
<return>
<value>SUCCESS</value>
<status status="PASS" start="2026-06-26T18:54:34.066264" elapsed="0.000069"/>
</return>
<msg time="2026-06-26T18:54:34.066506" level="INFO">${status} = SUCCESS</msg>
<var>${status}</var>
<arg>${user}</arg>
<doc>กรอกฟอร์มด้วยข้อมูลผู้ใช้</doc>
<status status="PASS" start="2026-06-26T18:54:33.600385" elapsed="0.466156"/>
</kw>
<kw name="Evaluate" owner="BuiltIn">
<msg time="2026-06-26T18:54:34.067296" level="INFO">${SUCCESS_COUNT} = 6</msg>
<var>${SUCCESS_COUNT}</var>
<arg>${SUCCESS_COUNT} + 1</arg>
<doc>Evaluates the given expression in Python and returns the result.</doc>
<status status="PASS" start="2026-06-26T18:54:34.066708" elapsed="0.000627"/>
</kw>
<status status="PASS" start="2026-06-26T18:54:33.599198" elapsed="0.468296"/>
</branch>
<branch type="EXCEPT" assign="${error}">
<kw name="Log To Console" owner="BuiltIn">
<arg>\n🚨 [WEB ERROR] สมัครสมาชิกล้มเหลวสำหรับคุณ ${user["username"]}: ${error}</arg>
<doc>Logs the given message to the console.</doc>
<status status="NOT RUN" start="2026-06-26T18:54:34.068562" elapsed="0.000068"/>
</kw>
<kw name="Set Variable" owner="BuiltIn">
<var>${status}</var>
<arg>FAILED</arg>
<doc>Returns the given values which can then be assigned to a variables.</doc>
<status status="NOT RUN" start="2026-06-26T18:54:34.068771" elapsed="0.000033"/>
</kw>
<kw name="Evaluate" owner="BuiltIn">
<var>${FAILED_COUNT}</var>
<arg>${FAILED_COUNT} + 1</arg>
<doc>Evaluates the given expression in Python and returns the result.</doc>
<status status="NOT RUN" start="2026-06-26T18:54:34.068904" elapsed="0.000027"/>
</kw>
<kw name="Go To" owner="SeleniumLibrary">
<arg>${REGISTER_URL}</arg>
<doc>Navigates the current browser window to the provided ``url``.</doc>
<status status="NOT RUN" start="2026-06-26T18:54:34.069054" elapsed="0.000029"/>
</kw>
<status status="NOT RUN" start="2026-06-26T18:54:34.067579" elapsed="0.001548"/>
</branch>
<status status="PASS" start="2026-06-26T18:54:33.599143" elapsed="0.470048"/>
</try>
<kw name="Create Dictionary" owner="BuiltIn">
<msg time="2026-06-26T18:54:34.070992" level="INFO">${entry} = {'username': 'vglush345', 'email': 'qlthfqjz@test.com', 'phone': '0845447981', 'status': 'SUCCESS'}</msg>
<var>${entry}</var>
<arg>username=${user["username"]}</arg>
<arg>email=${user["email"]}</arg>
<arg>phone=${user["phone"]}</arg>
<arg>status=${status}</arg>
<doc>Creates and returns a dictionary based on the given ``items``.</doc>
<status status="PASS" start="2026-06-26T18:54:34.069289" elapsed="0.001783"/>
</kw>
<kw name="Append To List" owner="Collections">
<arg>${DB_RESULTS}</arg>
<arg>${entry}</arg>
<doc>Adds ``values`` to the end of ``list``.</doc>
<status status="PASS" start="2026-06-26T18:54:34.071286" elapsed="0.000421"/>
</kw>
<var name="${user}">{'username': 'vglush345', 'email': 'qlthfqjz@test.com', 'phone': '0845447981'}</var>
<status status="PASS" start="2026-06-26T18:54:33.599053" elapsed="0.472744"/>
</iter>
<iter>
<try>
<branch type="TRY">
<kw name="Fill Registration Form">
<kw name="Set Variable" owner="BuiltIn">
<msg time="2026-06-26T18:54:34.073775" level="INFO">${username} = lqjmqe188</msg>
<var>${username}</var>
<arg>${user_data["username"]}</arg>
<doc>Returns the given values which can then be assigned to a variables.</doc>
<status status="PASS" start="2026-06-26T18:54:34.072910" elapsed="0.000916"/>
</kw>
<kw name="Set Variable" owner="BuiltIn">
<msg time="2026-06-26T18:54:34.074756" level="INFO">${email} = dslwpeep@test.com</msg>
<var>${email}</var>
<arg>${user_data["email"]}</arg>
<doc>Returns the given values which can then be assigned to a variables.</doc>
<status status="PASS" start="2026-06-26T18:54:34.074000" elapsed="0.000802"/>
</kw>
<kw name="Set Variable" owner="BuiltIn">
<msg time="2026-06-26T18:54:34.075737" level="INFO">${phone} = 0893420268</msg>
<var>${phone}</var>
<arg>${user_data["phone"]}</arg>
<doc>Returns the given values which can then be assigned to a variables.</doc>
<status status="PASS" start="2026-06-26T18:54:34.074967" elapsed="0.000816"/>
</kw>
<kw name="Input Text" owner="SeleniumLibrary">
<msg time="2026-06-26T18:54:34.076303" level="INFO">Typing text 'lqjmqe188' into text field 'id:username'.</msg>
<arg>id:username</arg>
<arg>${username}</arg>
<doc>Types the given ``text`` into the text field identified by ``locator``.</doc>
<status status="PASS" start="2026-06-26T18:54:34.075959" elapsed="0.126999"/>
</kw>
<kw name="Input Text" owner="SeleniumLibrary">
<msg time="2026-06-26T18:54:34.203727" level="INFO">Typing text 'dslwpeep@test.com' into text field 'id:email'.</msg>
<arg>id:email</arg>
<arg>${email}</arg>
<doc>Types the given ``text`` into the text field identified by ``locator``.</doc>
<status status="PASS" start="2026-06-26T18:54:34.203316" elapsed="0.115715"/>
</kw>
<kw name="Input Text" owner="SeleniumLibrary">
<msg time="2026-06-26T18:54:34.320345" level="INFO">Typing text '0893420268' into text field 'id:phone'.</msg>
<arg>id:phone</arg>
<arg>${phone}</arg>
<doc>Types the given ``text`` into the text field identified by ``locator``.</doc>
<status status="PASS" start="2026-06-26T18:54:34.319580" elapsed="0.106434"/>
</kw>
<kw name="Click Button" owner="SeleniumLibrary">
<msg time="2026-06-26T18:54:34.426739" level="INFO">Clicking button 'id:register_btn'.</msg>
<arg>id:register_btn</arg>
<doc>Clicks the button identified by ``locator``.</doc>
<status status="PASS" start="2026-06-26T18:54:34.426375" elapsed="0.081004"/>
</kw>
<kw name="Wait Until Page Contains" owner="SeleniumLibrary">
<arg>Registration successful!</arg>
<arg>timeout=5s</arg>
<doc>Waits until ``text`` appears on the current page.</doc>
<status status="PASS" start="2026-06-26T18:54:34.507649" elapsed="0.033918"/>
</kw>
<kw name="Log To Console" owner="BuiltIn">
<arg>✅ ${username} - สมัครสำเร็จ</arg>
<doc>Logs the given message to the console.</doc>
<status status="PASS" start="2026-06-26T18:54:34.541779" elapsed="0.000671"/>
</kw>
<return>
<value>SUCCESS</value>
<status status="PASS" start="2026-06-26T18:54:34.542564" elapsed="0.000062"/>
</return>
<msg time="2026-06-26T18:54:34.542769" level="INFO">${status} = SUCCESS</msg>
<var>${status}</var>
<arg>${user}</arg>
<doc>กรอกฟอร์มด้วยข้อมูลผู้ใช้</doc>
<status status="PASS" start="2026-06-26T18:54:34.072500" elapsed="0.470296"/>
</kw>
<kw name="Evaluate" owner="BuiltIn">
<msg time="2026-06-26T18:54:34.543315" level="INFO">${SUCCESS_COUNT} = 7</msg>
<var>${SUCCESS_COUNT}</var>
<arg>${SUCCESS_COUNT} + 1</arg>
<doc>Evaluates the given expression in Python and returns the result.</doc>
<status status="PASS" start="2026-06-26T18:54:34.542937" elapsed="0.000404"/>
</kw>
<status status="PASS" start="2026-06-26T18:54:34.072228" elapsed="0.471157"/>
</branch>
<branch type="EXCEPT" assign="${error}">
<kw name="Log To Console" owner="BuiltIn">
<arg>\n🚨 [WEB ERROR] สมัครสมาชิกล้มเหลวสำหรับคุณ ${user["username"]}: ${error}</arg>
<doc>Logs the given message to the console.</doc>
<status status="NOT RUN" start="2026-06-26T18:54:34.543534" elapsed="0.000024"/>
</kw>
<kw name="Set Variable" owner="BuiltIn">
<var>${status}</var>
<arg>FAILED</arg>
<doc>Returns the given values which can then be assigned to a variables.</doc>
<status status="NOT RUN" start="2026-06-26T18:54:34.543666" elapsed="0.000022"/>
</kw>
<kw name="Evaluate" owner="BuiltIn">
<var>${FAILED_COUNT}</var>
<arg>${FAILED_COUNT} + 1</arg>
<doc>Evaluates the given expression in Python and returns the result.</doc>
<status status="NOT RUN" start="2026-06-26T18:54:34.543764" elapsed="0.000020"/>
</kw>
<kw name="Go To" owner="SeleniumLibrary">
<arg>${REGISTER_URL}</arg>
<doc>Navigates the current browser window to the provided ``url``.</doc>
<status status="NOT RUN" start="2026-06-26T18:54:34.543866" elapsed="0.000021"/>
</kw>
<status status="NOT RUN" start="2026-06-26T18:54:34.543444" elapsed="0.000476"/>
</branch>
<status status="PASS" start="2026-06-26T18:54:34.072185" elapsed="0.471776"/>
</try>
<kw name="Create Dictionary" owner="BuiltIn">
<msg time="2026-06-26T18:54:34.546115" level="INFO">${entry} = {'username': 'lqjmqe188', 'email': 'dslwpeep@test.com', 'phone': '0893420268', 'status': 'SUCCESS'}</msg>
<var>${entry}</var>
<arg>username=${user["username"]}</arg>
<arg>email=${user["email"]}</arg>
<arg>phone=${user["phone"]}</arg>
<arg>status=${status}</arg>
<doc>Creates and returns a dictionary based on the given ``items``.</doc>
<status status="PASS" start="2026-06-26T18:54:34.544035" elapsed="0.002118"/>
</kw>
<kw name="Append To List" owner="Collections">
<arg>${DB_RESULTS}</arg>
<arg>${entry}</arg>
<doc>Adds ``values`` to the end of ``list``.</doc>
<status status="PASS" start="2026-06-26T18:54:34.546287" elapsed="0.000192"/>
</kw>
<var name="${user}">{'username': 'lqjmqe188', 'email': 'dslwpeep@test.com', 'phone': '0893420268'}</var>
<status status="PASS" start="2026-06-26T18:54:34.072118" elapsed="0.474408"/>
</iter>
<iter>
<try>
<branch type="TRY">
<kw name="Fill Registration Form">
<kw name="Set Variable" owner="BuiltIn">
<msg time="2026-06-26T18:54:34.547640" level="INFO">${username} = rmkpoq831</msg>
<var>${username}</var>
<arg>${user_data["username"]}</arg>
<doc>Returns the given values which can then be assigned to a variables.</doc>
<status status="PASS" start="2026-06-26T18:54:34.547151" elapsed="0.000518"/>
</kw>
<kw name="Set Variable" owner="BuiltIn">
<msg time="2026-06-26T18:54:34.548540" level="INFO">${email} = azogtqvj@test.com</msg>
<var>${email}</var>
<arg>${user_data["email"]}</arg>
<doc>Returns the given values which can then be assigned to a variables.</doc>
<status status="PASS" start="2026-06-26T18:54:34.547770" elapsed="0.000838"/>
</kw>
<kw name="Set Variable" owner="BuiltIn">
<msg time="2026-06-26T18:54:34.549652" level="INFO">${phone} = 0856670491</msg>
<var>${phone}</var>
<arg>${user_data["phone"]}</arg>
<doc>Returns the given values which can then be assigned to a variables.</doc>
<status status="PASS" start="2026-06-26T18:54:34.548845" elapsed="0.000840"/>
</kw>
<kw name="Input Text" owner="SeleniumLibrary">
<msg time="2026-06-26T18:54:34.550025" level="INFO">Typing text 'rmkpoq831' into text field 'id:username'.</msg>
<arg>id:username</arg>
<arg>${username}</arg>
<doc>Types the given ``text`` into the text field identified by ``locator``.</doc>
<status status="PASS" start="2026-06-26T18:54:34.549801" elapsed="0.103121"/>
</kw>
<kw name="Input Text" owner="SeleniumLibrary">
<msg time="2026-06-26T18:54:34.653656" level="INFO">Typing text 'azogtqvj@test.com' into text field 'id:email'.</msg>
<arg>id:email</arg>
<arg>${email}</arg>
<doc>Types the given ``text`` into the text field identified by ``locator``.</doc>
<status status="PASS" start="2026-06-26T18:54:34.653254" elapsed="0.090919"/>
</kw>
<kw name="Input Text" owner="SeleniumLibrary">
<msg time="2026-06-26T18:54:34.746379" level="INFO">Typing text '0856670491' into text field 'id:phone'.</msg>
<arg>id:phone</arg>
<arg>${phone}</arg>
<doc>Types the given ``text`` into the text field identified by ``locator``.</doc>
<status status="PASS" start="2026-06-26T18:54:34.745069" elapsed="0.111067"/>
</kw>
<kw name="Click Button" owner="SeleniumLibrary">
<msg time="2026-06-26T18:54:34.857312" level="INFO">Clicking button 'id:register_btn'.</msg>
<arg>id:register_btn</arg>
<doc>Clicks the button identified by ``locator``.</doc>
<status status="PASS" start="2026-06-26T18:54:34.856663" elapsed="0.089348"/>
</kw>
<kw name="Wait Until Page Contains" owner="SeleniumLibrary">
<arg>Registration successful!</arg>
<arg>timeout=5s</arg>
<doc>Waits until ``text`` appears on the current page.</doc>
<status status="PASS" start="2026-06-26T18:54:34.946247" elapsed="0.008203"/>
</kw>
<kw name="Log To Console" owner="BuiltIn">
<arg>✅ ${username} - สมัครสำเร็จ</arg>
<doc>Logs the given message to the console.</doc>
<status status="PASS" start="2026-06-26T18:54:34.954664" elapsed="0.001605"/>
</kw>
<return>
<value>SUCCESS</value>
<status status="PASS" start="2026-06-26T18:54:34.956471" elapsed="0.000102"/>
</return>
<msg time="2026-06-26T18:54:34.956831" level="INFO">${status} = SUCCESS</msg>
<var>${status}</var>
<arg>${user}</arg>
<doc>กรอกฟอร์มด้วยข้อมูลผู้ใช้</doc>
<status status="PASS" start="2026-06-26T18:54:34.546930" elapsed="0.409959"/>
</kw>
<kw name="Evaluate" owner="BuiltIn">
<msg time="2026-06-26T18:54:34.957836" level="INFO">${SUCCESS_COUNT} = 8</msg>
<var>${SUCCESS_COUNT}</var>
<arg>${SUCCESS_COUNT} + 1</arg>
<doc>Evaluates the given expression in Python and returns the result.</doc>
<status status="PASS" start="2026-06-26T18:54:34.957172" elapsed="0.000707"/>
</kw>
<status status="PASS" start="2026-06-26T18:54:34.546777" elapsed="0.411167"/>
</branch>
<branch type="EXCEPT" assign="${error}">
<kw name="Log To Console" owner="BuiltIn">
<arg>\n🚨 [WEB ERROR] สมัครสมาชิกล้มเหลวสำหรับคุณ ${user["username"]}: ${error}</arg>
<doc>Logs the given message to the console.</doc>
<status status="NOT RUN" start="2026-06-26T18:54:34.958135" elapsed="0.000029"/>
</kw>
<kw name="Set Variable" owner="BuiltIn">
<var>${status}</var>
<arg>FAILED</arg>
<doc>Returns the given values which can then be assigned to a variables.</doc>
<status status="NOT RUN" start="2026-06-26T18:54:34.958266" elapsed="0.000025"/>
</kw>
<kw name="Evaluate" owner="BuiltIn">
<var>${FAILED_COUNT}</var>
<arg>${FAILED_COUNT} + 1</arg>
<doc>Evaluates the given expression in Python and returns the result.</doc>
<status status="NOT RUN" start="2026-06-26T18:54:34.958378" elapsed="0.000024"/>
</kw>
<kw name="Go To" owner="SeleniumLibrary">
<arg>${REGISTER_URL}</arg>
<doc>Navigates the current browser window to the provided ``url``.</doc>
<status status="NOT RUN" start="2026-06-26T18:54:34.958492" elapsed="0.000024"/>
</kw>
<status status="NOT RUN" start="2026-06-26T18:54:34.958017" elapsed="0.000534"/>
</branch>
<status status="PASS" start="2026-06-26T18:54:34.546752" elapsed="0.411843"/>
</try>
<kw name="Create Dictionary" owner="BuiltIn">
<msg time="2026-06-26T18:54:34.960699" level="INFO">${entry} = {'username': 'rmkpoq831', 'email': 'azogtqvj@test.com', 'phone': '0856670491', 'status': 'SUCCESS'}</msg>
<var>${entry}</var>
<arg>username=${user["username"]}</arg>
<arg>email=${user["email"]}</arg>
<arg>phone=${user["phone"]}</arg>
<arg>status=${status}</arg>
<doc>Creates and returns a dictionary based on the given ``items``.</doc>
<status status="PASS" start="2026-06-26T18:54:34.958678" elapsed="0.002097"/>
</kw>
<kw name="Append To List" owner="Collections">
<arg>${DB_RESULTS}</arg>
<arg>${entry}</arg>
<doc>Adds ``values`` to the end of ``list``.</doc>
<status status="PASS" start="2026-06-26T18:54:34.961549" elapsed="0.000274"/>
</kw>
<var name="${user}">{'username': 'rmkpoq831', 'email': 'azogtqvj@test.com', 'phone': '0856670491'}</var>
<status status="PASS" start="2026-06-26T18:54:34.546713" elapsed="0.415168"/>
</iter>
<iter>
<try>
<branch type="TRY">
<kw name="Fill Registration Form">
<kw name="Set Variable" owner="BuiltIn">
<msg time="2026-06-26T18:54:34.963177" level="INFO">${username} = tbqnpl906</msg>
<var>${username}</var>
<arg>${user_data["username"]}</arg>
<doc>Returns the given values which can then be assigned to a variables.</doc>
<status status="PASS" start="2026-06-26T18:54:34.962640" elapsed="0.000568"/>
</kw>
<kw name="Set Variable" owner="BuiltIn">
<msg time="2026-06-26T18:54:34.963791" level="INFO">${email} = igptxmot@test.com</msg>
<var>${email}</var>
<arg>${user_data["email"]}</arg>
<doc>Returns the given values which can then be assigned to a variables.</doc>
<status status="PASS" start="2026-06-26T18:54:34.963314" elapsed="0.000536"/>
</kw>
<kw name="Set Variable" owner="BuiltIn">
<msg time="2026-06-26T18:54:34.965002" level="INFO">${phone} = 0826550800</msg>
<var>${phone}</var>
<arg>${user_data["phone"]}</arg>
<doc>Returns the given values which can then be assigned to a variables.</doc>
<status status="PASS" start="2026-06-26T18:54:34.964071" elapsed="0.001002"/>
</kw>
<kw name="Input Text" owner="SeleniumLibrary">
<msg time="2026-06-26T18:54:34.965921" level="INFO">Typing text 'tbqnpl906' into text field 'id:username'.</msg>
<arg>id:username</arg>
<arg>${username}</arg>
<doc>Types the given ``text`` into the text field identified by ``locator``.</doc>
<status status="PASS" start="2026-06-26T18:54:34.965485" elapsed="0.097376"/>
</kw>
<kw name="Input Text" owner="SeleniumLibrary">
<msg time="2026-06-26T18:54:35.064424" level="INFO">Typing text 'igptxmot@test.com' into text field 'id:email'.</msg>
<arg>id:email</arg>
<arg>${email}</arg>
<doc>Types the given ``text`` into the text field identified by ``locator``.</doc>
<status status="PASS" start="2026-06-26T18:54:35.063563" elapsed="0.116528"/>
</kw>
<kw name="Input Text" owner="SeleniumLibrary">
<msg time="2026-06-26T18:54:35.181776" level="INFO">Typing text '0826550800' into text field 'id:phone'.</msg>
<arg>id:phone</arg>
<arg>${phone}</arg>
<doc>Types the given ``text`` into the text field identified by ``locator``.</doc>
<status status="PASS" start="2026-06-26T18:54:35.180569" elapsed="0.113321"/>
</kw>
<kw name="Click Button" owner="SeleniumLibrary">
<msg time="2026-06-26T18:54:35.295407" level="INFO">Clicking button 'id:register_btn'.</msg>
<arg>id:register_btn</arg>
<doc>Clicks the button identified by ``locator``.</doc>
<status status="PASS" start="2026-06-26T18:54:35.294557" elapsed="0.073860"/>
</kw>
<kw name="Wait Until Page Contains" owner="SeleniumLibrary">
<arg>Registration successful!</arg>
<arg>timeout=5s</arg>
<doc>Waits until ``text`` appears on the current page.</doc>
<status status="PASS" start="2026-06-26T18:54:35.368747" elapsed="0.013287"/>
</kw>
<kw name="Log To Console" owner="BuiltIn">
<arg>✅ ${username} - สมัครสำเร็จ</arg>
<doc>Logs the given message to the console.</doc>
<status status="PASS" start="2026-06-26T18:54:35.382267" elapsed="0.001496"/>
</kw>
<return>
<value>SUCCESS</value>
<status status="PASS" start="2026-06-26T18:54:35.383963" elapsed="0.000110"/>
</return>
<msg time="2026-06-26T18:54:35.384359" level="INFO">${status} = SUCCESS</msg>
<var>${status}</var>
<arg>${user}</arg>
<doc>กรอกฟอร์มด้วยข้อมูลผู้ใช้</doc>
<status status="PASS" start="2026-06-26T18:54:34.962367" elapsed="0.422054"/>
</kw>
<kw name="Evaluate" owner="BuiltIn">
<msg time="2026-06-26T18:54:35.385603" level="INFO">${SUCCESS_COUNT} = 9</msg>
<var>${SUCCESS_COUNT}</var>
<arg>${SUCCESS_COUNT} + 1</arg>
<doc>Evaluates the given expression in Python and returns the result.</doc>
<status status="PASS" start="2026-06-26T18:54:35.384797" elapsed="0.000867"/>
</kw>
<status status="PASS" start="2026-06-26T18:54:34.962195" elapsed="0.423574"/>
</branch>
<branch type="EXCEPT" assign="${error}">
<kw name="Log To Console" owner="BuiltIn">
<arg>\n🚨 [WEB ERROR] สมัครสมาชิกล้มเหลวสำหรับคุณ ${user["username"]}: ${error}</arg>
<doc>Logs the given message to the console.</doc>
<status status="NOT RUN" start="2026-06-26T18:54:35.386087" elapsed="0.000053"/>
</kw>
<kw name="Set Variable" owner="BuiltIn">
<var>${status}</var>
<arg>FAILED</arg>
<doc>Returns the given values which can then be assigned to a variables.</doc>
<status status="NOT RUN" start="2026-06-26T18:54:35.386532" elapsed="0.000056"/>
</kw>
<kw name="Evaluate" owner="BuiltIn">
<var>${FAILED_COUNT}</var>
<arg>${FAILED_COUNT} + 1</arg>
<doc>Evaluates the given expression in Python and returns the result.</doc>
<status status="NOT RUN" start="2026-06-26T18:54:35.386789" elapsed="0.000050"/>
</kw>
<kw name="Go To" owner="SeleniumLibrary">
<arg>${REGISTER_URL}</arg>
<doc>Navigates the current browser window to the provided ``url``.</doc>
<status status="NOT RUN" start="2026-06-26T18:54:35.387013" elapsed="0.000120"/>
</kw>
<status status="NOT RUN" start="2026-06-26T18:54:35.385894" elapsed="0.001327"/>
</branch>
<status status="PASS" start="2026-06-26T18:54:34.962167" elapsed="0.425147"/>
</try>
<kw name="Create Dictionary" owner="BuiltIn">
<msg time="2026-06-26T18:54:35.390248" level="INFO">${entry} = {'username': 'tbqnpl906', 'email': 'igptxmot@test.com', 'phone': '0826550800', 'status': 'SUCCESS'}</msg>
<var>${entry}</var>
<arg>username=${user["username"]}</arg>
<arg>email=${user["email"]}</arg>
<arg>phone=${user["phone"]}</arg>
<arg>status=${status}</arg>
<doc>Creates and returns a dictionary based on the given ``items``.</doc>
<status status="PASS" start="2026-06-26T18:54:35.387592" elapsed="0.002727"/>
</kw>
<kw name="Append To List" owner="Collections">
<arg>${DB_RESULTS}</arg>
<arg>${entry}</arg>
<doc>Adds ``values`` to the end of ``list``.</doc>
<status status="PASS" start="2026-06-26T18:54:35.390562" elapsed="0.000594"/>
</kw>
<var name="${user}">{'username': 'tbqnpl906', 'email': 'igptxmot@test.com', 'phone': '0826550800'}</var>
<status status="PASS" start="2026-06-26T18:54:34.962123" elapsed="0.429171"/>
</iter>
<iter>
<try>
<branch type="TRY">
<kw name="Fill Registration Form">
<kw name="Set Variable" owner="BuiltIn">
<msg time="2026-06-26T18:54:35.395016" level="INFO">${username} = abxcxs781</msg>
<var>${username}</var>
<arg>${user_data["username"]}</arg>
<doc>Returns the given values which can then be assigned to a variables.</doc>
<status status="PASS" start="2026-06-26T18:54:35.393294" elapsed="0.001787"/>
</kw>
<kw name="Set Variable" owner="BuiltIn">
<msg time="2026-06-26T18:54:35.395781" level="INFO">${email} = jvcmtawr@test.com</msg>
<var>${email}</var>
<arg>${user_data["email"]}</arg>
<doc>Returns the given values which can then be assigned to a variables.</doc>
<status status="PASS" start="2026-06-26T18:54:35.395226" elapsed="0.000586"/>
</kw>
<kw name="Set Variable" owner="BuiltIn">
<msg time="2026-06-26T18:54:35.396402" level="INFO">${phone} = 0840778558</msg>
<var>${phone}</var>
<arg>${user_data["phone"]}</arg>
<doc>Returns the given values which can then be assigned to a variables.</doc>
<status status="PASS" start="2026-06-26T18:54:35.395925" elapsed="0.000505"/>
</kw>
<kw name="Input Text" owner="SeleniumLibrary">
<msg time="2026-06-26T18:54:35.396775" level="INFO">Typing text 'abxcxs781' into text field 'id:username'.</msg>
<arg>id:username</arg>
<arg>${username}</arg>
<doc>Types the given ``text`` into the text field identified by ``locator``.</doc>
<status status="PASS" start="2026-06-26T18:54:35.396542" elapsed="0.103384"/>
</kw>
<kw name="Input Text" owner="SeleniumLibrary">
<msg time="2026-06-26T18:54:35.500704" level="INFO">Typing text 'jvcmtawr@test.com' into text field 'id:email'.</msg>
<arg>id:email</arg>
<arg>${email}</arg>
<doc>Types the given ``text`` into the text field identified by ``locator``.</doc>
<status status="PASS" start="2026-06-26T18:54:35.500248" elapsed="0.093615"/>
</kw>
<kw name="Input Text" owner="SeleniumLibrary">
<msg time="2026-06-26T18:54:35.595186" level="INFO">Typing text '0840778558' into text field 'id:phone'.</msg>
<arg>id:phone</arg>
<arg>${phone}</arg>
<doc>Types the given ``text`` into the text field identified by ``locator``.</doc>
<status status="PASS" start="2026-06-26T18:54:35.594165" elapsed="0.095863"/>
</kw>
<kw name="Click Button" owner="SeleniumLibrary">
<msg time="2026-06-26T18:54:35.690999" level="INFO">Clicking button 'id:register_btn'.</msg>
<arg>id:register_btn</arg>
<doc>Clicks the button identified by ``locator``.</doc>
<status status="PASS" start="2026-06-26T18:54:35.690356" elapsed="0.094722"/>
</kw>
<kw name="Wait Until Page Contains" owner="SeleniumLibrary">
<arg>Registration successful!</arg>
<arg>timeout=5s</arg>
<doc>Waits until ``text`` appears on the current page.</doc>
<status status="PASS" start="2026-06-26T18:54:35.785328" elapsed="0.008787"/>
</kw>
<kw name="Log To Console" owner="BuiltIn">
<arg>✅ ${username} - สมัครสำเร็จ</arg>
<doc>Logs the given message to the console.</doc>
<status status="PASS" start="2026-06-26T18:54:35.794738" elapsed="0.000697"/>
</kw>
<return>
<value>SUCCESS</value>
<status status="PASS" start="2026-06-26T18:54:35.795559" elapsed="0.000072"/>
</return>
<msg time="2026-06-26T18:54:35.795810" level="INFO">${status} = SUCCESS</msg>
<var>${status}</var>
<arg>${user}</arg>
<doc>กรอกฟอร์มด้วยข้อมูลผู้ใช้</doc>
<status status="PASS" start="2026-06-26T18:54:35.392585" elapsed="0.403262"/>
</kw>
<kw name="Evaluate" owner="BuiltIn">
<msg time="2026-06-26T18:54:35.796471" level="INFO">${SUCCESS_COUNT} = 10</msg>
<var>${SUCCESS_COUNT}</var>
<arg>${SUCCESS_COUNT} + 1</arg>
<doc>Evaluates the given expression in Python and returns the result.</doc>
<status status="PASS" start="2026-06-26T18:54:35.796020" elapsed="0.000487"/>
</kw>
<status status="PASS" start="2026-06-26T18:54:35.392124" elapsed="0.404444"/>
</branch>
<branch type="EXCEPT" assign="${error}">
<kw name="Log To Console" owner="BuiltIn">
<arg>\n🚨 [WEB ERROR] สมัครสมาชิกล้มเหลวสำหรับคุณ ${user["username"]}: ${error}</arg>
<doc>Logs the given message to the console.</doc>
<status status="NOT RUN" start="2026-06-26T18:54:35.796760" elapsed="0.000031"/>
</kw>
<kw name="Set Variable" owner="BuiltIn">
<var>${status}</var>
<arg>FAILED</arg>
<doc>Returns the given values which can then be assigned to a variables.</doc>
<status status="NOT RUN" start="2026-06-26T18:54:35.796899" elapsed="0.000028"/>
</kw>
<kw name="Evaluate" owner="BuiltIn">
<var>${FAILED_COUNT}</var>
<arg>${FAILED_COUNT} + 1</arg>
<doc>Evaluates the given expression in Python and returns the result.</doc>
<status status="NOT RUN" start="2026-06-26T18:54:35.797025" elapsed="0.000026"/>
</kw>
<kw name="Go To" owner="SeleniumLibrary">
<arg>${REGISTER_URL}</arg>
<doc>Navigates the current browser window to the provided ``url``.</doc>
<status status="NOT RUN" start="2026-06-26T18:54:35.797181" elapsed="0.000028"/>
</kw>
<status status="NOT RUN" start="2026-06-26T18:54:35.796641" elapsed="0.000610"/>
</branch>
<status status="PASS" start="2026-06-26T18:54:35.392052" elapsed="0.405309"/>
</try>
<kw name="Create Dictionary" owner="BuiltIn">
<msg time="2026-06-26T18:54:35.799679" level="INFO">${entry} = {'username': 'abxcxs781', 'email': 'jvcmtawr@test.com', 'phone': '0840778558', 'status': 'SUCCESS'}</msg>
<var>${entry}</var>
<arg>username=${user["username"]}</arg>
<arg>email=${user["email"]}</arg>
<arg>phone=${user["phone"]}</arg>
<arg>status=${status}</arg>
<doc>Creates and returns a dictionary based on the given ``items``.</doc>
<status status="PASS" start="2026-06-26T18:54:35.797461" elapsed="0.002459"/>
</kw>
<kw name="Append To List" owner="Collections">
<arg>${DB_RESULTS}</arg>
<arg>${entry}</arg>
<doc>Adds ``values`` to the end of ``list``.</doc>
<status status="PASS" start="2026-06-26T18:54:35.800195" elapsed="0.000436"/>
</kw>
<var name="${user}">{'username': 'abxcxs781', 'email': 'jvcmtawr@test.com', 'phone': '0840778558'}</var>
<status status="PASS" start="2026-06-26T18:54:35.391902" elapsed="0.408844"/>
</iter>
<iter>
<try>
<branch type="TRY">
<kw name="Fill Registration Form">
<kw name="Set Variable" owner="BuiltIn">
<msg time="2026-06-26T18:54:35.803619" level="INFO">${username} = wpbhcg107</msg>
<var>${username}</var>
<arg>${user_data["username"]}</arg>
<doc>Returns the given values which can then be assigned to a variables.</doc>
<status status="PASS" start="2026-06-26T18:54:35.802374" elapsed="0.001318"/>
</kw>
<kw name="Set Variable" owner="BuiltIn">
<msg time="2026-06-26T18:54:35.805038" level="INFO">${email} = fknosbyt@test.com</msg>
<var>${email}</var>
<arg>${user_data["email"]}</arg>
<doc>Returns the given values which can then be assigned to a variables.</doc>
<status status="PASS" start="2026-06-26T18:54:35.803939" elapsed="0.001166"/>
</kw>
<kw name="Set Variable" owner="BuiltIn">
<msg time="2026-06-26T18:54:35.806459" level="INFO">${phone} = 0804968943</msg>
<var>${phone}</var>
<arg>${user_data["phone"]}</arg>
<doc>Returns the given values which can then be assigned to a variables.</doc>
<status status="PASS" start="2026-06-26T18:54:35.805380" elapsed="0.001145"/>
</kw>
<kw name="Input Text" owner="SeleniumLibrary">
<msg time="2026-06-26T18:54:35.807447" level="INFO">Typing text 'wpbhcg107' into text field 'id:username'.</msg>
<arg>id:username</arg>
<arg>${username}</arg>
<doc>Types the given ``text`` into the text field identified by ``locator``.</doc>
<status status="PASS" start="2026-06-26T18:54:35.806926" elapsed="0.094639"/>
</kw>
<kw name="Input Text" owner="SeleniumLibrary">
<msg time="2026-06-26T18:54:35.902413" level="INFO">Typing text 'fknosbyt@test.com' into text field 'id:email'.</msg>
<arg>id:email</arg>
<arg>${email}</arg>
<doc>Types the given ``text`` into the text field identified by ``locator``.</doc>
<status status="PASS" start="2026-06-26T18:54:35.901839" elapsed="0.106038"/>
</kw>
<kw name="Input Text" owner="SeleniumLibrary">
<msg time="2026-06-26T18:54:36.008754" level="INFO">Typing text '0804968943' into text field 'id:phone'.</msg>
<arg>id:phone</arg>
<arg>${phone}</arg>
<doc>Types the given ``text`` into the text field identified by ``locator``.</doc>
<status status="PASS" start="2026-06-26T18:54:36.008218" elapsed="0.117738"/>
</kw>
<kw name="Click Button" owner="SeleniumLibrary">
<msg time="2026-06-26T18:54:36.126734" level="INFO">Clicking button 'id:register_btn'.</msg>
<arg>id:register_btn</arg>
<doc>Clicks the button identified by ``locator``.</doc>
<status status="PASS" start="2026-06-26T18:54:36.126262" elapsed="0.114440"/>
</kw>
<kw name="Wait Until Page Contains" owner="SeleniumLibrary">
<arg>Registration successful!</arg>
<arg>timeout=5s</arg>
<doc>Waits until ``text`` appears on the current page.</doc>
<status status="PASS" start="2026-06-26T18:54:36.240979" elapsed="0.007666"/>
</kw>
<kw name="Log To Console" owner="BuiltIn">
<arg>✅ ${username} - สมัครสำเร็จ</arg>
<doc>Logs the given message to the console.</doc>
<status status="PASS" start="2026-06-26T18:54:36.248955" elapsed="0.001783"/>
</kw>
<return>
<value>SUCCESS</value>
<status status="PASS" start="2026-06-26T18:54:36.250967" elapsed="0.000068"/>
</return>
<msg time="2026-06-26T18:54:36.251208" level="INFO">${status} = SUCCESS</msg>
<var>${status}</var>
<arg>${user}</arg>
<doc>กรอกฟอร์มด้วยข้อมูลผู้ใช้</doc>
<status status="PASS" start="2026-06-26T18:54:35.801820" elapsed="0.449421"/>
</kw>
<kw name="Evaluate" owner="BuiltIn">
<msg time="2026-06-26T18:54:36.252527" level="INFO">${SUCCESS_COUNT} = 11</msg>
<var>${SUCCESS_COUNT}</var>
<arg>${SUCCESS_COUNT} + 1</arg>
<doc>Evaluates the given expression in Python and returns the result.</doc>
<status status="PASS" start="2026-06-26T18:54:36.252053" elapsed="0.000509"/>
</kw>
<status status="PASS" start="2026-06-26T18:54:35.801464" elapsed="0.451159"/>
</branch>
<branch type="EXCEPT" assign="${error}">
<kw name="Log To Console" owner="BuiltIn">
<arg>\n🚨 [WEB ERROR] สมัครสมาชิกล้มเหลวสำหรับคุณ ${user["username"]}: ${error}</arg>
<doc>Logs the given message to the console.</doc>
<status status="NOT RUN" start="2026-06-26T18:54:36.252804" elapsed="0.000028"/>
</kw>
<kw name="Set Variable" owner="BuiltIn">
<var>${status}</var>
<arg>FAILED</arg>
<doc>Returns the given values which can then be assigned to a variables.</doc>
<status status="NOT RUN" start="2026-06-26T18:54:36.253215" elapsed="0.000070"/>
</kw>
<kw name="Evaluate" owner="BuiltIn">
<var>${FAILED_COUNT}</var>
<arg>${FAILED_COUNT} + 1</arg>
<doc>Evaluates the given expression in Python and returns the result.</doc>
<status status="NOT RUN" start="2026-06-26T18:54:36.253491" elapsed="0.000053"/>
</kw>
<kw name="Go To" owner="SeleniumLibrary">
<arg>${REGISTER_URL}</arg>
<doc>Navigates the current browser window to the provided ``url``.</doc>
<status status="NOT RUN" start="2026-06-26T18:54:36.253741" elapsed="0.000054"/>
</kw>
<status status="NOT RUN" start="2026-06-26T18:54:36.252692" elapsed="0.001186"/>
</branch>
<status status="PASS" start="2026-06-26T18:54:35.801408" elapsed="0.452574"/>
</try>
<kw name="Create Dictionary" owner="BuiltIn">
<msg time="2026-06-26T18:54:36.257294" level="INFO">${entry} = {'username': 'wpbhcg107', 'email': 'fknosbyt@test.com', 'phone': '0804968943', 'status': 'SUCCESS'}</msg>
<var>${entry}</var>
<arg>username=${user["username"]}</arg>
<arg>email=${user["email"]}</arg>
<arg>phone=${user["phone"]}</arg>
<arg>status=${status}</arg>
<doc>Creates and returns a dictionary based on the given ``items``.</doc>
<status status="PASS" start="2026-06-26T18:54:36.254164" elapsed="0.003207"/>
</kw>
<kw name="Append To List" owner="Collections">
<arg>${DB_RESULTS}</arg>
<arg>${entry}</arg>
<doc>Adds ``values`` to the end of ``list``.</doc>
<status status="PASS" start="2026-06-26T18:54:36.257641" elapsed="0.000402"/>
</kw>
<var name="${user}">{'username': 'wpbhcg107', 'email': 'fknosbyt@test.com', 'phone': '0804968943'}</var>
<status status="PASS" start="2026-06-26T18:54:35.801312" elapsed="0.456841"/>
</iter>
<iter>
<try>
<branch type="TRY">
<kw name="Fill Registration Form">
<kw name="Set Variable" owner="BuiltIn">
<msg time="2026-06-26T18:54:36.261607" level="INFO">${username} = buqvfm237</msg>
<var>${username}</var>
<arg>${user_data["username"]}</arg>
<doc>Returns the given values which can then be assigned to a variables.</doc>
<status status="PASS" start="2026-06-26T18:54:36.259558" elapsed="0.002102"/>
</kw>
<kw name="Set Variable" owner="BuiltIn">
<msg time="2026-06-26T18:54:36.262533" level="INFO">${email} = lqzwwdzj@test.com</msg>
<var>${email}</var>
<arg>${user_data["email"]}</arg>
<doc>Returns the given values which can then be assigned to a variables.</doc>
<status status="PASS" start="2026-06-26T18:54:36.261795" elapsed="0.000771"/>
</kw>
<kw name="Set Variable" owner="BuiltIn">
<msg time="2026-06-26T18:54:36.263167" level="INFO">${phone} = 0862465904</msg>
<var>${phone}</var>
<arg>${user_data["phone"]}</arg>
<doc>Returns the given values which can then be assigned to a variables.</doc>
<status status="PASS" start="2026-06-26T18:54:36.262684" elapsed="0.000510"/>
</kw>
<kw name="Input Text" owner="SeleniumLibrary">
<msg time="2026-06-26T18:54:36.263522" level="INFO">Typing text 'buqvfm237' into text field 'id:username'.</msg>
<arg>id:username</arg>
<arg>${username}</arg>
<doc>Types the given ``text`` into the text field identified by ``locator``.</doc>
<status status="PASS" start="2026-06-26T18:54:36.263301" elapsed="0.115641"/>
</kw>
<kw name="Input Text" owner="SeleniumLibrary">
<msg time="2026-06-26T18:54:36.380075" level="INFO">Typing text 'lqzwwdzj@test.com' into text field 'id:email'.</msg>
<arg>id:email</arg>
<arg>${email}</arg>
<doc>Types the given ``text`` into the text field identified by ``locator``.</doc>
<status status="PASS" start="2026-06-26T18:54:36.379283" elapsed="0.090266"/>
</kw>
<kw name="Input Text" owner="SeleniumLibrary">
<msg time="2026-06-26T18:54:36.470363" level="INFO">Typing text '0862465904' into text field 'id:phone'.</msg>
<arg>id:phone</arg>
<arg>${phone}</arg>
<doc>Types the given ``text`` into the text field identified by ``locator``.</doc>
<status status="PASS" start="2026-06-26T18:54:36.469881" elapsed="0.095213"/>
</kw>
<kw name="Click Button" owner="SeleniumLibrary">
<msg time="2026-06-26T18:54:36.566384" level="INFO">Clicking button 'id:register_btn'.</msg>
<arg>id:register_btn</arg>
<doc>Clicks the button identified by ``locator``.</doc>
<status status="PASS" start="2026-06-26T18:54:36.565679" elapsed="0.080467"/>
</kw>
<kw name="Wait Until Page Contains" owner="SeleniumLibrary">
<arg>Registration successful!</arg>
<arg>timeout=5s</arg>
<doc>Waits until ``text`` appears on the current page.</doc>
<status status="PASS" start="2026-06-26T18:54:36.646451" elapsed="0.007477"/>
</kw>
<kw name="Log To Console" owner="BuiltIn">
<arg>✅ ${username} - สมัครสำเร็จ</arg>
<doc>Logs the given message to the console.</doc>
<status status="PASS" start="2026-06-26T18:54:36.654289" elapsed="0.000595"/>
</kw>
<return>
<value>SUCCESS</value>
<status status="PASS" start="2026-06-26T18:54:36.655011" elapsed="0.000068"/>
</return>
<msg time="2026-06-26T18:54:36.655255" level="INFO">${status} = SUCCESS</msg>
<var>${status}</var>
<arg>${user}</arg>
<doc>กรอกฟอร์มด้วยข้อมูลผู้ใช้</doc>
<status status="PASS" start="2026-06-26T18:54:36.259052" elapsed="0.396239"/>
</kw>
<kw name="Evaluate" owner="BuiltIn">
<msg time="2026-06-26T18:54:36.655922" level="INFO">${SUCCESS_COUNT} = 12</msg>
<var>${SUCCESS_COUNT}</var>
<arg>${SUCCESS_COUNT} + 1</arg>
<doc>Evaluates the given expression in Python and returns the result.</doc>
<status status="PASS" start="2026-06-26T18:54:36.655459" elapsed="0.000499"/>
</kw>
<status status="PASS" start="2026-06-26T18:54:36.258691" elapsed="0.397323"/>
</branch>
<branch type="EXCEPT" assign="${error}">
<kw name="Log To Console" owner="BuiltIn">
<arg>\n🚨 [WEB ERROR] สมัครสมาชิกล้มเหลวสำหรับคุณ ${user["username"]}: ${error}</arg>
<doc>Logs the given message to the console.</doc>
<status status="NOT RUN" start="2026-06-26T18:54:36.656381" elapsed="0.000135"/>
</kw>
<kw name="Set Variable" owner="BuiltIn">
<var>${status}</var>
<arg>FAILED</arg>
<doc>Returns the given values which can then be assigned to a variables.</doc>
<status status="NOT RUN" start="2026-06-26T18:54:36.656835" elapsed="0.000078"/>
</kw>
<kw name="Evaluate" owner="BuiltIn">
<var>${FAILED_COUNT}</var>
<arg>${FAILED_COUNT} + 1</arg>
<doc>Evaluates the given expression in Python and returns the result.</doc>
<status status="NOT RUN" start="2026-06-26T18:54:36.657164" elapsed="0.000088"/>
</kw>
<kw name="Go To" owner="SeleniumLibrary">
<arg>${REGISTER_URL}</arg>
<doc>Navigates the current browser window to the provided ``url``.</doc>
<status status="NOT RUN" start="2026-06-26T18:54:36.657482" elapsed="0.000062"/>
</kw>
<status status="NOT RUN" start="2026-06-26T18:54:36.656084" elapsed="0.001548"/>
</branch>
<status status="PASS" start="2026-06-26T18:54:36.258638" elapsed="0.399108"/>
</try>
<kw name="Create Dictionary" owner="BuiltIn">
<msg time="2026-06-26T18:54:36.660289" level="INFO">${entry} = {'username': 'buqvfm237', 'email': 'lqzwwdzj@test.com', 'phone': '0862465904', 'status': 'SUCCESS'}</msg>
<var>${entry}</var>
<arg>username=${user["username"]}</arg>
<arg>email=${user["email"]}</arg>
<arg>phone=${user["phone"]}</arg>
<arg>status=${status}</arg>
<doc>Creates and returns a dictionary based on the given ``items``.</doc>
<status status="PASS" start="2026-06-26T18:54:36.657941" elapsed="0.002412"/>
</kw>
<kw name="Append To List" owner="Collections">
<arg>${DB_RESULTS}</arg>
<arg>${entry}</arg>
<doc>Adds ``values`` to the end of ``list``.</doc>
<status status="PASS" start="2026-06-26T18:54:36.660619" elapsed="0.000735"/>
</kw>
<var name="${user}">{'username': 'buqvfm237', 'email': 'lqzwwdzj@test.com', 'phone': '0862465904'}</var>
<status status="PASS" start="2026-06-26T18:54:36.258552" elapsed="0.403320"/>
</iter>
<iter>
<try>
<branch type="TRY">
<kw name="Fill Registration Form">
<kw name="Set Variable" owner="BuiltIn">
<msg time="2026-06-26T18:54:36.664460" level="INFO">${username} = wklxds452</msg>
<var>${username}</var>
<arg>${user_data["username"]}</arg>
<doc>Returns the given values which can then be assigned to a variables.</doc>
<status status="PASS" start="2026-06-26T18:54:36.663678" elapsed="0.000823"/>
</kw>
<kw name="Set Variable" owner="BuiltIn">
<msg time="2026-06-26T18:54:36.665221" level="INFO">${email} = pvvqevjd@test.com</msg>
<var>${email}</var>
<arg>${user_data["email"]}</arg>
<doc>Returns the given values which can then be assigned to a variables.</doc>
<status status="PASS" start="2026-06-26T18:54:36.664650" elapsed="0.000624"/>
</kw>
<kw name="Set Variable" owner="BuiltIn">
<msg time="2026-06-26T18:54:36.666229" level="INFO">${phone} = 0845308922</msg>
<var>${phone}</var>
<arg>${user_data["phone"]}</arg>
<doc>Returns the given values which can then be assigned to a variables.</doc>
<status status="PASS" start="2026-06-26T18:54:36.665516" elapsed="0.000751"/>
</kw>
<kw name="Input Text" owner="SeleniumLibrary">
<msg time="2026-06-26T18:54:36.666680" level="INFO">Typing text 'wklxds452' into text field 'id:username'.</msg>
<arg>id:username</arg>
<arg>${username}</arg>
<doc>Types the given ``text`` into the text field identified by ``locator``.</doc>
<status status="PASS" start="2026-06-26T18:54:36.666413" elapsed="0.109560"/>
</kw>
<kw name="Input Text" owner="SeleniumLibrary">
[...]
</kw>
<kw name="Input Text" owner="SeleniumLibrary">
<msg time="2026-06-26T18:54:39.790652" level="INFO">Typing text '0883466057' into text field 'id:phone'.</msg>
<arg>id:phone</arg>
<arg>${phone}</arg>
<doc>Types the given ``text`` into the text field identified by ``locator``.</doc>
<status status="PASS" start="2026-06-26T18:54:39.790125" elapsed="0.096571"/>
</kw>
<kw name="Click Button" owner="SeleniumLibrary">
<msg time="2026-06-26T18:54:39.887570" level="INFO">Clicking button 'id:register_btn'.</msg>
<arg>id:register_btn</arg>
<doc>Clicks the button identified by ``locator``.</doc>
<status status="PASS" start="2026-06-26T18:54:39.887022" elapsed="0.081773"/>
</kw>
<kw name="Wait Until Page Contains" owner="SeleniumLibrary">
<arg>Registration successful!</arg>
<arg>timeout=5s</arg>
<doc>Waits until ``text`` appears on the current page.</doc>
<status status="PASS" start="2026-06-26T18:54:39.969102" elapsed="0.007484"/>
</kw>
<kw name="Log To Console" owner="BuiltIn">
<arg>✅ ${username} - สมัครสำเร็จ</arg>
<doc>Logs the given message to the console.</doc>
<status status="PASS" start="2026-06-26T18:54:39.976849" elapsed="0.000707"/>
</kw>
<return>
<value>SUCCESS</value>
<status status="PASS" start="2026-06-26T18:54:39.977706" elapsed="0.000074"/>
</return>
<msg time="2026-06-26T18:54:39.978016" level="INFO">${status} = SUCCESS</msg>
<var>${status}</var>
<arg>${user}</arg>
<doc>กรอกฟอร์มด้วยข้อมูลผู้ใช้</doc>
<status status="PASS" start="2026-06-26T18:54:39.547096" elapsed="0.430963"/>
</kw>
<kw name="Evaluate" owner="BuiltIn">
<msg time="2026-06-26T18:54:39.978785" level="INFO">${SUCCESS_COUNT} = 19</msg>
<var>${SUCCESS_COUNT}</var>
<arg>${SUCCESS_COUNT} + 1</arg>
<doc>Evaluates the given expression in Python and returns the result.</doc>
<status status="PASS" start="2026-06-26T18:54:39.978252" elapsed="0.000570"/>
</kw>
<status status="PASS" start="2026-06-26T18:54:39.546647" elapsed="0.432273"/>
</branch>
<branch type="EXCEPT" assign="${error}">
<kw name="Log To Console" owner="BuiltIn">
<arg>\n🚨 [WEB ERROR] สมัครสมาชิกล้มเหลวสำหรับคุณ ${user["username"]}: ${error}</arg>
<doc>Logs the given message to the console.</doc>
<status status="NOT RUN" start="2026-06-26T18:54:39.979119" elapsed="0.000031"/>
</kw>
<kw name="Set Variable" owner="BuiltIn">
<var>${status}</var>
<arg>FAILED</arg>
<doc>Returns the given values which can then be assigned to a variables.</doc>
<status status="NOT RUN" start="2026-06-26T18:54:39.979254" elapsed="0.000028"/>
</kw>
<kw name="Evaluate" owner="BuiltIn">
<var>${FAILED_COUNT}</var>
<arg>${FAILED_COUNT} + 1</arg>
<doc>Evaluates the given expression in Python and returns the result.</doc>
<status status="NOT RUN" start="2026-06-26T18:54:39.979376" elapsed="0.000026"/>
</kw>
<kw name="Go To" owner="SeleniumLibrary">
<arg>${REGISTER_URL}</arg>
<doc>Navigates the current browser window to the provided ``url``.</doc>
<status status="NOT RUN" start="2026-06-26T18:54:39.979506" elapsed="0.000026"/>
</kw>
<status status="NOT RUN" start="2026-06-26T18:54:39.978998" elapsed="0.000577"/>
</branch>
<status status="PASS" start="2026-06-26T18:54:39.546590" elapsed="0.433039"/>
</try>
<kw name="Create Dictionary" owner="BuiltIn">
<msg time="2026-06-26T18:54:39.981920" level="INFO">${entry} = {'username': 'wjlosl785', 'email': 'gaavhbfm@test.com', 'phone': '0883466057', 'status': 'SUCCESS'}</msg>
<var>${entry}</var>
<arg>username=${user["username"]}</arg>
<arg>email=${user["email"]}</arg>
<arg>phone=${user["phone"]}</arg>
<arg>status=${status}</arg>
<doc>Creates and returns a dictionary based on the given ``items``.</doc>
<status status="PASS" start="2026-06-26T18:54:39.979727" elapsed="0.002278"/>
</kw>
<kw name="Append To List" owner="Collections">
<arg>${DB_RESULTS}</arg>
<arg>${entry}</arg>
<doc>Adds ``values`` to the end of ``list``.</doc>
<status status="PASS" start="2026-06-26T18:54:39.982297" elapsed="0.000403"/>
</kw>
<var name="${user}">{'username': 'wjlosl785', 'email': 'gaavhbfm@test.com', 'phone': '0883466057'}</var>
<status status="PASS" start="2026-06-26T18:54:39.546475" elapsed="0.436349"/>
</iter>
<iter>
<try>
<branch type="TRY">
<kw name="Fill Registration Form">
<kw name="Set Variable" owner="BuiltIn">
<msg time="2026-06-26T18:54:39.985503" level="INFO">${username} = wqsmom491</msg>
<var>${username}</var>
<arg>${user_data["username"]}</arg>
<doc>Returns the given values which can then be assigned to a variables.</doc>
<status status="PASS" start="2026-06-26T18:54:39.984291" elapsed="0.001248"/>
</kw>
<kw name="Set Variable" owner="BuiltIn">
<msg time="2026-06-26T18:54:39.986892" level="INFO">${email} = ugwxdbee@test.com</msg>
<var>${email}</var>
<arg>${user_data["email"]}</arg>
<doc>Returns the given values which can then be assigned to a variables.</doc>
<status status="PASS" start="2026-06-26T18:54:39.985786" elapsed="0.001176"/>
</kw>
<kw name="Set Variable" owner="BuiltIn">
<msg time="2026-06-26T18:54:39.988259" level="INFO">${phone} = 0847810809</msg>
<var>${phone}</var>
<arg>${user_data["phone"]}</arg>
<doc>Returns the given values which can then be assigned to a variables.</doc>
<status status="PASS" start="2026-06-26T18:54:39.987211" elapsed="0.001115"/>
</kw>
<kw name="Input Text" owner="SeleniumLibrary">
<msg time="2026-06-26T18:54:39.988967" level="INFO">Typing text 'wqsmom491' into text field 'id:username'.</msg>
<arg>id:username</arg>
<arg>${username}</arg>
<doc>Types the given ``text`` into the text field identified by ``locator``.</doc>
<status status="PASS" start="2026-06-26T18:54:39.988460" elapsed="0.091683"/>
</kw>
<kw name="Input Text" owner="SeleniumLibrary">
<msg time="2026-06-26T18:54:40.081369" level="INFO">Typing text 'ugwxdbee@test.com' into text field 'id:email'.</msg>
<arg>id:email</arg>
<arg>${email}</arg>
<doc>Types the given ``text`` into the text field identified by ``locator``.</doc>
<status status="PASS" start="2026-06-26T18:54:40.080569" elapsed="0.108405"/>
</kw>
<kw name="Input Text" owner="SeleniumLibrary">
<msg time="2026-06-26T18:54:40.189865" level="INFO">Typing text '0847810809' into text field 'id:phone'.</msg>
<arg>id:phone</arg>
<arg>${phone}</arg>
<doc>Types the given ``text`` into the text field identified by ``locator``.</doc>
<status status="PASS" start="2026-06-26T18:54:40.189311" elapsed="0.146460"/>
</kw>
<kw name="Click Button" owner="SeleniumLibrary">
<msg time="2026-06-26T18:54:40.336650" level="INFO">Clicking button 'id:register_btn'.</msg>
<arg>id:register_btn</arg>
<doc>Clicks the button identified by ``locator``.</doc>
<status status="PASS" start="2026-06-26T18:54:40.336114" elapsed="0.071227"/>
</kw>
<kw name="Wait Until Page Contains" owner="SeleniumLibrary">
<arg>Registration successful!</arg>
<arg>timeout=5s</arg>
<doc>Waits until ``text`` appears on the current page.</doc>
<status status="PASS" start="2026-06-26T18:54:40.407897" elapsed="0.020394"/>
</kw>
<kw name="Log To Console" owner="BuiltIn">
<arg>✅ ${username} - สมัครสำเร็จ</arg>
<doc>Logs the given message to the console.</doc>
<status status="PASS" start="2026-06-26T18:54:40.428515" elapsed="0.001347"/>
</kw>
<return>
<value>SUCCESS</value>
<status status="PASS" start="2026-06-26T18:54:40.429984" elapsed="0.000061"/>
</return>
<msg time="2026-06-26T18:54:40.430193" level="INFO">${status} = SUCCESS</msg>
<var>${status}</var>
<arg>${user}</arg>
<doc>กรอกฟอร์มด้วยข้อมูลผู้ใช้</doc>
<status status="PASS" start="2026-06-26T18:54:39.983752" elapsed="0.446482"/>
</kw>
<kw name="Evaluate" owner="BuiltIn">
<msg time="2026-06-26T18:54:40.431144" level="INFO">${SUCCESS_COUNT} = 20</msg>
<var>${SUCCESS_COUNT}</var>
<arg>${SUCCESS_COUNT} + 1</arg>
<doc>Evaluates the given expression in Python and returns the result.</doc>
<status status="PASS" start="2026-06-26T18:54:40.430618" elapsed="0.000561"/>
</kw>
<status status="PASS" start="2026-06-26T18:54:39.983401" elapsed="0.447834"/>
</branch>
<branch type="EXCEPT" assign="${error}">
<kw name="Log To Console" owner="BuiltIn">
<arg>\n🚨 [WEB ERROR] สมัครสมาชิกล้มเหลวสำหรับคุณ ${user["username"]}: ${error}</arg>
<doc>Logs the given message to the console.</doc>
<status status="NOT RUN" start="2026-06-26T18:54:40.431407" elapsed="0.000033"/>
</kw>
<kw name="Set Variable" owner="BuiltIn">
<var>${status}</var>
<arg>FAILED</arg>
<doc>Returns the given values which can then be assigned to a variables.</doc>
<status status="NOT RUN" start="2026-06-26T18:54:40.431530" elapsed="0.000034"/>
</kw>
<kw name="Evaluate" owner="BuiltIn">
<var>${FAILED_COUNT}</var>
<arg>${FAILED_COUNT} + 1</arg>
<doc>Evaluates the given expression in Python and returns the result.</doc>
<status status="NOT RUN" start="2026-06-26T18:54:40.431643" elapsed="0.000021"/>
</kw>
<kw name="Go To" owner="SeleniumLibrary">
<arg>${REGISTER_URL}</arg>
<doc>Navigates the current browser window to the provided ``url``.</doc>
<status status="NOT RUN" start="2026-06-26T18:54:40.431749" elapsed="0.000022"/>
</kw>
<status status="NOT RUN" start="2026-06-26T18:54:40.431302" elapsed="0.000503"/>
</branch>
<status status="PASS" start="2026-06-26T18:54:39.983342" elapsed="0.448505"/>
</try>
<kw name="Create Dictionary" owner="BuiltIn">
<msg time="2026-06-26T18:54:40.433484" level="INFO">${entry} = {'username': 'wqsmom491', 'email': 'ugwxdbee@test.com', 'phone': '0847810809', 'status': 'SUCCESS'}</msg>
<var>${entry}</var>
<arg>username=${user["username"]}</arg>
<arg>email=${user["email"]}</arg>
<arg>phone=${user["phone"]}</arg>
<arg>status=${status}</arg>
<doc>Creates and returns a dictionary based on the given ``items``.</doc>
<status status="PASS" start="2026-06-26T18:54:40.431932" elapsed="0.001696"/>
</kw>
<kw name="Append To List" owner="Collections">
<arg>${DB_RESULTS}</arg>
<arg>${entry}</arg>
<doc>Adds ``values`` to the end of ``list``.</doc>
<status status="PASS" start="2026-06-26T18:54:40.434784" elapsed="0.000790"/>
</kw>
<var name="${user}">{'username': 'wqsmom491', 'email': 'ugwxdbee@test.com', 'phone': '0847810809'}</var>
<status status="PASS" start="2026-06-26T18:54:39.983250" elapsed="0.452391"/>
</iter>
<var>${user}</var>
<value>@{CLEAN_USERS}</value>
<status status="PASS" start="2026-06-26T18:54:30.311680" elapsed="10.124022"/>
</for>
<kw name="Close Browser" owner="SeleniumLibrary">
<doc>Closes the current browser.</doc>
<status status="PASS" start="2026-06-26T18:54:40.436679" elapsed="2.221611"/>
</kw>
<kw name="Call Method" owner="BuiltIn">
<msg time="2026-06-26T18:54:42.674885" level="INFO">[SYSTEM-CHECK] โค้ดทำงานแล้ว! ระบบกำลังบันทึกข้อมูลแบบสะสมไปที่: C:\spc\users.db
[SYSTEM-CHECK] 🟢 บันทึกข้อมูลแบบสะสมสำเร็จในรอบนี้: 25 แถว</msg>
<msg time="2026-06-26T18:54:42.675236" level="INFO">${db_summary} = 25</msg>
<var>${db_summary}</var>
<arg>${processor}</arg>
<arg>save_all_results_to_db</arg>
<arg>${DB_RESULTS}</arg>
<arg>${DUP_EMAIL_USERS}</arg>
<arg>${DUP_PHONE_USERS}</arg>
<arg>${DUP_BOTH_USERS}</arg>
<doc>Calls the named method of the given object with the provided arguments.</doc>
<status status="PASS" start="2026-06-26T18:54:42.658869" elapsed="0.016439"/>
</kw>
<kw name="Log To Console" owner="BuiltIn">
<arg>📊 บันทึก DB สำเร็จ: ${db_summary}</arg>
<doc>Logs the given message to the console.</doc>
<status status="PASS" start="2026-06-26T18:54:42.676830" elapsed="0.001382"/>
</kw>
<kw name="Call Method" owner="BuiltIn">
<msg time="2026-06-26T18:54:42.713333" level="INFO">✅ บันทึกผลลัพธ์ลง results_gmail.xlsx เรียบร้อย</msg>
<arg>${processor}</arg>
<arg>write_results_to_excel</arg>
<arg>${DB_RESULTS}</arg>
<arg>${EXCEL_OUTPUT}</arg>
<doc>Calls the named method of the given object with the provided arguments.</doc>
<status status="PASS" start="2026-06-26T18:54:42.679214" elapsed="0.034203"/>
</kw>
<kw name="Log To Console" owner="BuiltIn">
<arg>📁 บันทึก Excel: ${EXCEL_OUTPUT}</arg>
<doc>Logs the given message to the console.</doc>
<status status="PASS" start="2026-06-26T18:54:42.714177" elapsed="0.001226"/>
</kw>
<kw name="Call Method" owner="BuiltIn">
<msg time="2026-06-26T18:54:42.734560" level="INFO">${excel_summary} = {'total': 25, 'success': 20, 'failed': 0, 'skipped': 5}</msg>
<var>${excel_summary}</var>
<arg>${processor}</arg>
<arg>get_summary_from_excel</arg>
<arg>${EXCEL_OUTPUT}</arg>
<doc>Calls the named method of the given object with the provided arguments.</doc>
<status status="PASS" start="2026-06-26T18:54:42.715695" elapsed="0.018910"/>
</kw>
<kw name="Get Length" owner="BuiltIn">
<msg time="2026-06-26T18:54:42.735434" level="INFO">Length is 2.</msg>
<msg time="2026-06-26T18:54:42.735502" level="INFO">${email_dup_count} = 2</msg>
<var>${email_dup_count}</var>
<arg>${DUP_EMAIL_USERS}</arg>
<doc>Returns and logs the length of the given item as an integer.</doc>
<status status="PASS" start="2026-06-26T18:54:42.735008" elapsed="0.000514"/>
</kw>
<kw name="Get Length" owner="BuiltIn">
<msg time="2026-06-26T18:54:42.736197" level="INFO">Length is 2.</msg>
<msg time="2026-06-26T18:54:42.736254" level="INFO">${phone_dup_count} = 2</msg>
<var>${phone_dup_count}</var>
<arg>${DUP_PHONE_USERS}</arg>
<doc>Returns and logs the length of the given item as an integer.</doc>
<status status="PASS" start="2026-06-26T18:54:42.735985" elapsed="0.000286"/>
</kw>
<kw name="Get Length" owner="BuiltIn">
<msg time="2026-06-26T18:54:42.736785" level="INFO">Length is 1.</msg>
<msg time="2026-06-26T18:54:42.736839" level="INFO">${both_dup_count} = 1</msg>
<var>${both_dup_count}</var>
<arg>${DUP_BOTH_USERS}</arg>
<doc>Returns and logs the length of the given item as an integer.</doc>
<status status="PASS" start="2026-06-26T18:54:42.736601" elapsed="0.000255"/>
</kw>
<kw name="Evaluate" owner="BuiltIn">
<msg time="2026-06-26T18:54:42.737714" level="INFO">${skipped_total} = 5</msg>
<var>${skipped_total}</var>
<arg>${email_dup_count} + ${phone_dup_count} + ${both_dup_count}</arg>
<doc>Evaluates the given expression in Python and returns the result.</doc>
<status status="PASS" start="2026-06-26T18:54:42.737258" elapsed="0.000488"/>
</kw>
<kw name="Create Dictionary" owner="BuiltIn">
<msg time="2026-06-26T18:54:42.739196" level="INFO">${full_summary} = {'total': 25, 'success': 20, 'failed': 0, 'skipped': 5, 'duplicate_email': 2, 'duplicate_phone': 2, 'duplicate_both': 1}</msg>
<var>${full_summary}</var>
<arg>total=${excel_summary["total"]}</arg>
<arg>success=${excel_summary["success"]}</arg>
<arg>failed=${excel_summary["failed"]}</arg>
<arg>skipped=${skipped_total}</arg>
<arg>duplicate_email=${email_dup_count}</arg>
<arg>duplicate_phone=${phone_dup_count}</arg>
<arg>duplicate_both=${both_dup_count}</arg>
<doc>Creates and returns a dictionary based on the given ``items``.</doc>
<status status="PASS" start="2026-06-26T18:54:42.738055" elapsed="0.001166"/>
</kw>
<kw name="Log To Console" owner="BuiltIn">
<arg>\n📊 สรุปผลทั้งหมด: ${full_summary}</arg>
<doc>Logs the given message to the console.</doc>
<status status="PASS" start="2026-06-26T18:54:42.739511" elapsed="0.000764"/>
</kw>
<kw name="Log To Console" owner="BuiltIn">
<arg>📧 อีเมลซ้ำ: ${full_summary["duplicate_email"]} ราย</arg>
<doc>Logs the given message to the console.</doc>
<status status="PASS" start="2026-06-26T18:54:42.740630" elapsed="0.000767"/>
</kw>
<kw name="Log To Console" owner="BuiltIn">
<arg>📱 เบอร์โทรซ้ำ: ${full_summary["duplicate_phone"]} ราย</arg>
<doc>Logs the given message to the console.</doc>
<status status="PASS" start="2026-06-26T18:54:42.741808" elapsed="0.000514"/>
</kw>
<kw name="Log To Console" owner="BuiltIn">
<arg>📧📱 อีเมลซ้ำและเบอร์โทรซ้ำ: ${full_summary["duplicate_both"]} ราย</arg>
<doc>Logs the given message to the console.</doc>
<status status="PASS" start="2026-06-26T18:54:42.742487" elapsed="0.000404"/>
</kw>
<kw name="Call Method" owner="BuiltIn">
<msg time="2026-06-26T18:54:42.743685" level="INFO">${duplicate_report} = 📧 อีเมลซ้ำ (2 ราย):
   1. dup_1_buqvfm237 (lqzwwdzj@test.com)
   2. dup_4_rmkpoq831 (azogtqvj@test.com)

📱 เบอร์โทรซ้ำ (2 ราย):
   1. dup_2_lqjmqe188 (0893420268)
   2. dup_5_vstvki406 (0813654359)

📧...</msg>
<var>${duplicate_report}</var>
<arg>${processor}</arg>
<arg>get_duplicate_report</arg>
<doc>Calls the named method of the given object with the provided arguments.</doc>
<status status="PASS" start="2026-06-26T18:54:42.743287" elapsed="0.000437"/>
</kw>
<kw name="Log To Console" owner="BuiltIn">
<arg>📋 รายงานข้อมูลซ้ำ:\n${duplicate_report}</arg>
<doc>Logs the given message to the console.</doc>
<status status="PASS" start="2026-06-26T18:54:42.744200" elapsed="0.000550"/>
</kw>
<kw name="Get Environment Variable" owner="OperatingSystem">
<msg time="2026-06-26T18:54:42.745836" level="INFO">${recipient} = ar0816250183@gmail.com</msg>
<var>${recipient}</var>
<arg>RECIPIENT_EMAIL</arg>
<arg>default=ar0816250183@gmail.com</arg>
<doc>Returns the value of an environment variable with the given name.</doc>
<status status="PASS" start="2026-06-26T18:54:42.745501" elapsed="0.000373"/>
</kw>
<kw name="Call Method" owner="BuiltIn">
<msg time="2026-06-26T18:54:43.670043" level="INFO">✅ ส่งอีเมลถึง ar0816250183@gmail.com สำเร็จ</msg>
<msg time="2026-06-26T18:54:43.670356" level="INFO">${email_result} = True</msg>
<var>${email_result}</var>
<arg>${processor}</arg>
<arg>send_email_report</arg>
<arg>${recipient}</arg>
<arg>${full_summary}</arg>
<arg>${DB_RESULTS}</arg>
<arg>${duplicate_report}</arg>
<doc>Calls the named method of the given object with the provided arguments.</doc>
<status status="PASS" start="2026-06-26T18:54:42.746356" elapsed="0.924062"/>
</kw>
<if>
<branch type="IF" condition="${email_result} == True">
<kw name="Log To Console" owner="BuiltIn">
<arg>📧 ส่งอีเมลสำเร็จถึง: ${recipient}</arg>
<doc>Logs the given message to the console.</doc>
<status status="PASS" start="2026-06-26T18:54:43.674289" elapsed="0.001408"/>
</kw>
<status status="PASS" start="2026-06-26T18:54:43.673440" elapsed="0.002452"/>
</branch>
<branch type="ELSE">
<kw name="Log To Console" owner="BuiltIn">
<arg>⚠️ ส่งอีเมลล้มเหลว (ตรวจสอบ credentials.json)</arg>
<doc>Logs the given message to the console.</doc>
<status status="NOT RUN" start="2026-06-26T18:54:43.676578" elapsed="0.000082"/>
</kw>
<status status="NOT RUN" start="2026-06-26T18:54:43.676039" elapsed="0.000734"/>
</branch>
<status status="PASS" start="2026-06-26T18:54:43.673353" elapsed="0.003505"/>
</if>
<kw name="Log To Console" owner="BuiltIn">
<arg>================================</arg>
<doc>Logs the given message to the console.</doc>
<status status="PASS" start="2026-06-26T18:54:43.677920" elapsed="0.000883"/>
</kw>
<kw name="Log To Console" owner="BuiltIn">
<arg>🎉 เสร็จสิ้น!</arg>
<doc>Logs the given message to the console.</doc>
<status status="PASS" start="2026-06-26T18:54:43.679539" elapsed="0.000987"/>
</kw>
<kw name="Log To Console" owner="BuiltIn">
<arg>📁 ${EXCEL_OUTPUT}</arg>
<doc>Logs the given message to the console.</doc>
<status status="PASS" start="2026-06-26T18:54:43.681271" elapsed="0.001585"/>
</kw>
<kw name="Log To Console" owner="BuiltIn">
<arg>📊 SQLite: users.db</arg>
<doc>Logs the given message to the console.</doc>
<status status="PASS" start="2026-06-26T18:54:43.684524" elapsed="0.001089"/>
</kw>
<kw name="Log To Console" owner="BuiltIn">
<arg>================================</arg>
<doc>Logs the given message to the console.</doc>
<status status="PASS" start="2026-06-26T18:54:43.686397" elapsed="0.000625"/>
</kw>
<doc>อ่าน Excel -&gt; ตรวจสอบ -&gt; กรอกฟอร์ม -&gt; บันทึก DB -&gt; ส่ง Gmail</doc>
<status status="PASS" start="2026-06-26T18:54:28.422154" elapsed="15.265243"/>
</test>
<doc>ระบบสมัครสมาชิกอัตโนมัติ (Excel + Web + Database + Gmail OAuth)
วิธีใช้: robot register_users_gmail.robot
ต้องการ: credentials.json, token.pickle, users.xlsx</doc>
<status status="PASS" start="2026-06-26T18:54:27.553705" elapsed="16.135154"/>
</suite>
<statistics>
<total>
<stat pass="1" fail="0" skip="0">All Tests</stat>
</total>
<tag>
</tag>
<suite>
<stat name="Register Users Gmail" id="s1" pass="1" fail="0" skip="0">Register Users Gmail</stat>
</suite>
</statistics>
<errors>
</errors>
</robot>
